#-----------------------------------------------------------
# Vivado v2018.3 (64-bit)
# SW Build 2405991 on Thu Dec  6 23:38:27 MST 2018
# IP Build 2404404 on Fri Dec  7 01:43:56 MST 2018
# Start of session at: Wed Aug 21 11:17:19 2019
# Process ID: 2592
# Current directory: C:/Users/Natt/Documents/GitHub/ELO212/project_prev_8-2
# Command line: vivado.exe -gui_launcher_event rodinguilauncherevent11272 C:\Users\Natt\Documents\GitHub\ELO212\project_prev_8-2\project_prev_8-2.xpr
# Log file: C:/Users/Natt/Documents/GitHub/ELO212/project_prev_8-2/vivado.log
# Journal file: C:/Users/Natt/Documents/GitHub/ELO212/project_prev_8-2\vivado.jou
#-----------------------------------------------------------
start_gui
open_project C:/Users/Natt/Documents/GitHub/ELO212/project_prev_8-2/project_prev_8-2.xpr
INFO: [Project 1-313] Project file moved from 'C:/Users/Natt/ELO212/project_prev_8-2' since last save.
Scanning sources...
Finished scanning sources
INFO: [IP_Flow 19-234] Refreshing IP repositories
INFO: [IP_Flow 19-1704] No user IP repositories specified
INFO: [IP_Flow 19-2313] Loaded Vivado IP repository 'C:/Xilinx/Vivado/2018.3/data/ip'.
open_project: Time (s): cpu = 00:00:11 ; elapsed = 00:00:10 . Memory (MB): peak = 656.891 ; gain = 64.473
update_compile_order -fileset sources_1
exit
INFO: [Common 17-206] Exiting Vivado at Wed Aug 21 11:21:28 2019...
