Copyright 1986-2018 Xilinx, Inc. All Rights Reserved.
--------------------------------------------------------------------------------------------------------------------------------------------------------------------------------------------------------------
| Tool Version : Vivado v.2018.3 (win64) Build 2405991 Thu Dec  6 23:38:27 MST 2018
| Date         : Sat Jul 20 20:27:21 2019
| Host         : DESKTOP-BUGDRN4 running 64-bit major release  (build 9200)
| Command      : report_timing_summary -max_paths 10 -file display_ALU16_timing_summary_routed.rpt -pb display_ALU16_timing_summary_routed.pb -rpx display_ALU16_timing_summary_routed.rpx -warn_on_violation
| Design       : display_ALU16
| Device       : 7a100t-csg324
| Speed File   : -1  PRODUCTION 1.23 2018-06-13
--------------------------------------------------------------------------------------------------------------------------------------------------------------------------------------------------------------

Timing Summary Report

------------------------------------------------------------------------------------------------
| Timer Settings
| --------------
------------------------------------------------------------------------------------------------

  Enable Multi Corner Analysis               :  Yes
  Enable Pessimism Removal                   :  Yes
  Pessimism Removal Resolution               :  Nearest Common Node
  Enable Input Delay Default Clock           :  No
  Enable Preset / Clear Arcs                 :  No
  Disable Flight Delays                      :  No
  Ignore I/O Paths                           :  No
  Timing Early Launch at Borrowing Latches   :  false

  Corner  Analyze    Analyze    
  Name    Max Paths  Min Paths  
  ------  ---------  ---------  
  Slow    Yes        Yes        
  Fast    Yes        Yes        



check_timing report

Table of Contents
-----------------
1. checking no_clock
2. checking constant_clock
3. checking pulse_width_clock
4. checking unconstrained_internal_endpoints
5. checking no_input_delay
6. checking no_output_delay
7. checking multiple_clock
8. checking generated_clocks
9. checking loops
10. checking partial_input_delay
11. checking partial_output_delay
12. checking latch_loops

1. checking no_clock
--------------------
 There are 139 register/latch pins with no clock driven by root clock pin: clk100/clk_out_reg/Q (HIGH)

 There are 3 register/latch pins with no clock driven by root clock pin: tdm/divider/clk_out_reg/Q (HIGH)


2. checking constant_clock
--------------------------
 There are 0 register/latch pins with constant_clock.


3. checking pulse_width_clock
-----------------------------
 There are 0 register/latch pins which need pulse_width check


4. checking unconstrained_internal_endpoints
--------------------------------------------
 There are 286 pins that are not constrained for maximum delay. (HIGH)

 There are 0 pins that are not constrained for maximum delay due to constant clock.


5. checking no_input_delay
--------------------------
 There are 21 input ports with no input delay specified. (HIGH)

 There are 0 input ports with no input delay but user has a false path constraint.


6. checking no_output_delay
---------------------------
 There are 15 ports with no output delay specified. (HIGH)

 There are 0 ports with no output delay but user has a false path constraint

 There are 0 ports with no output delay but with a timing clock defined on it or propagating through it


7. checking multiple_clock
--------------------------
 There are 0 register/latch pins with multiple clocks.


8. checking generated_clocks
----------------------------
 There are 0 generated clocks that are not connected to a clock source.


9. checking loops
-----------------
 There are 0 combinational loops in the design.


10. checking partial_input_delay
--------------------------------
 There are 0 input ports with partial input delay specified.


11. checking partial_output_delay
---------------------------------
 There are 0 ports with partial output delay specified.


12. checking latch_loops
------------------------
 There are 0 combinational latch loops in the design through latch input



------------------------------------------------------------------------------------------------
| Design Timing Summary
| ---------------------
------------------------------------------------------------------------------------------------

    WNS(ns)      TNS(ns)  TNS Failing Endpoints  TNS Total Endpoints      WHS(ns)      THS(ns)  THS Failing Endpoints  THS Total Endpoints     WPWS(ns)     TPWS(ns)  TPWS Failing Endpoints  TPWS Total Endpoints  
    -------      -------  ---------------------  -------------------      -------      -------  ---------------------  -------------------     --------     --------  ----------------------  --------------------  
      5.960        0.000                      0                   64        0.246        0.000                      0                   64        4.500        0.000                       0                    35  


All user specified timing constraints are met.


------------------------------------------------------------------------------------------------
| Clock Summary
| -------------
------------------------------------------------------------------------------------------------

Clock        Waveform(ns)       Period(ns)      Frequency(MHz)
-----        ------------       ----------      --------------
sys_clk_pin  {0.000 5.000}      10.000          100.000         


------------------------------------------------------------------------------------------------
| Intra Clock Table
| -----------------
------------------------------------------------------------------------------------------------

Clock             WNS(ns)      TNS(ns)  TNS Failing Endpoints  TNS Total Endpoints      WHS(ns)      THS(ns)  THS Failing Endpoints  THS Total Endpoints     WPWS(ns)     TPWS(ns)  TPWS Failing Endpoints  TPWS Total Endpoints  
-----             -------      -------  ---------------------  -------------------      -------      -------  ---------------------  -------------------     --------     --------  ----------------------  --------------------  
sys_clk_pin         5.960        0.000                      0                   64        0.246        0.000                      0                   64        4.500        0.000                       0                    35  


------------------------------------------------------------------------------------------------
| Inter Clock Table
| -----------------
------------------------------------------------------------------------------------------------

From Clock    To Clock          WNS(ns)      TNS(ns)  TNS Failing Endpoints  TNS Total Endpoints      WHS(ns)      THS(ns)  THS Failing Endpoints  THS Total Endpoints  
----------    --------          -------      -------  ---------------------  -------------------      -------      -------  ---------------------  -------------------  


------------------------------------------------------------------------------------------------
| Other Path Groups Table
| -----------------------
------------------------------------------------------------------------------------------------

Path Group    From Clock    To Clock          WNS(ns)      TNS(ns)  TNS Failing Endpoints  TNS Total Endpoints      WHS(ns)      THS(ns)  THS Failing Endpoints  THS Total Endpoints  
----------    ----------    --------          -------      -------  ---------------------  -------------------      -------      -------  ---------------------  -------------------  


------------------------------------------------------------------------------------------------
| Timing Details
| --------------
------------------------------------------------------------------------------------------------


---------------------------------------------------------------------------------------------------
From Clock:  sys_clk_pin
  To Clock:  sys_clk_pin

Setup :            0  Failing Endpoints,  Worst Slack        5.960ns,  Total Violation        0.000ns
Hold  :            0  Failing Endpoints,  Worst Slack        0.246ns,  Total Violation        0.000ns
PW    :            0  Failing Endpoints,  Worst Slack        4.500ns,  Total Violation        0.000ns
---------------------------------------------------------------------------------------------------


Max Delay Paths
--------------------------------------------------------------------------------------
Slack (MET) :             5.960ns  (required time - arrival time)
  Source:                 tdm/divider/counter_reg[11]/C
                            (rising edge-triggered cell FDRE clocked by sys_clk_pin  {rise@0.000ns fall@5.000ns period=10.000ns})
  Destination:            tdm/divider/counter_reg[13]/R
                            (rising edge-triggered cell FDRE clocked by sys_clk_pin  {rise@0.000ns fall@5.000ns period=10.000ns})
  Path Group:             sys_clk_pin
  Path Type:              Setup (Max at Slow Process Corner)
  Requirement:            10.000ns  (sys_clk_pin rise@10.000ns - sys_clk_pin rise@0.000ns)
  Data Path Delay:        3.552ns  (logic 0.704ns (19.822%)  route 2.848ns (80.178%))
  Logic Levels:           2  (LUT4=2)
  Clock Path Skew:        -0.024ns (DCD - SCD + CPR)
    Destination Clock Delay (DCD):    5.025ns = ( 15.025 - 10.000 ) 
    Source Clock Delay      (SCD):    5.324ns
    Clock Pessimism Removal (CPR):    0.275ns
  Clock Uncertainty:      0.035ns  ((TSJ^2 + TIJ^2)^1/2 + DJ) / 2 + PE
    Total System Jitter     (TSJ):    0.071ns
    Total Input Jitter      (TIJ):    0.000ns
    Discrete Jitter          (DJ):    0.000ns
    Phase Error              (PE):    0.000ns

    Location             Delay type                Incr(ns)  Path(ns)    Netlist Resource(s)
  -------------------------------------------------------------------    -------------------
                         (clock sys_clk_pin rise edge)
                                                      0.000     0.000 r  
    E3                                                0.000     0.000 r  CLK100MHZ (IN)
                         net (fo=0)                   0.000     0.000    CLK100MHZ
    E3                   IBUF (Prop_ibuf_I_O)         1.482     1.482 r  CLK100MHZ_IBUF_inst/O
                         net (fo=1, routed)           2.025     3.506    CLK100MHZ_IBUF
    BUFGCTRL_X0Y16       BUFG (Prop_bufg_I_O)         0.096     3.602 r  CLK100MHZ_IBUF_BUFG_inst/O
                         net (fo=34, routed)          1.721     5.324    tdm/divider/CLK100MHZ_IBUF_BUFG
    SLICE_X0Y87          FDRE                                         r  tdm/divider/counter_reg[11]/C
  -------------------------------------------------------------------    -------------------
    SLICE_X0Y87          FDRE (Prop_fdre_C_Q)         0.456     5.780 f  tdm/divider/counter_reg[11]/Q
                         net (fo=2, routed)           1.259     7.039    tdm/divider/counter_reg_n_0_[11]
    SLICE_X1Y87          LUT4 (Prop_lut4_I1_O)        0.124     7.163 f  tdm/divider/counter[16]_i_3/O
                         net (fo=2, routed)           0.937     8.100    tdm/divider/counter[16]_i_3_n_0
    SLICE_X2Y86          LUT4 (Prop_lut4_I1_O)        0.124     8.224 r  tdm/divider/counter[16]_i_1/O
                         net (fo=16, routed)          0.651     8.875    tdm/divider/clk_out
    SLICE_X0Y88          FDRE                                         r  tdm/divider/counter_reg[13]/R
  -------------------------------------------------------------------    -------------------

                         (clock sys_clk_pin rise edge)
                                                     10.000    10.000 r  
    E3                                                0.000    10.000 r  CLK100MHZ (IN)
                         net (fo=0)                   0.000    10.000    CLK100MHZ
    E3                   IBUF (Prop_ibuf_I_O)         1.411    11.411 r  CLK100MHZ_IBUF_inst/O
                         net (fo=1, routed)           1.920    13.331    CLK100MHZ_IBUF
    BUFGCTRL_X0Y16       BUFG (Prop_bufg_I_O)         0.091    13.422 r  CLK100MHZ_IBUF_BUFG_inst/O
                         net (fo=34, routed)          1.602    15.025    tdm/divider/CLK100MHZ_IBUF_BUFG
    SLICE_X0Y88          FDRE                                         r  tdm/divider/counter_reg[13]/C
                         clock pessimism              0.275    15.300    
                         clock uncertainty           -0.035    15.264    
    SLICE_X0Y88          FDRE (Setup_fdre_C_R)       -0.429    14.835    tdm/divider/counter_reg[13]
  -------------------------------------------------------------------
                         required time                         14.835    
                         arrival time                          -8.875    
  -------------------------------------------------------------------
                         slack                                  5.960    

Slack (MET) :             5.960ns  (required time - arrival time)
  Source:                 tdm/divider/counter_reg[11]/C
                            (rising edge-triggered cell FDRE clocked by sys_clk_pin  {rise@0.000ns fall@5.000ns period=10.000ns})
  Destination:            tdm/divider/counter_reg[14]/R
                            (rising edge-triggered cell FDRE clocked by sys_clk_pin  {rise@0.000ns fall@5.000ns period=10.000ns})
  Path Group:             sys_clk_pin
  Path Type:              Setup (Max at Slow Process Corner)
  Requirement:            10.000ns  (sys_clk_pin rise@10.000ns - sys_clk_pin rise@0.000ns)
  Data Path Delay:        3.552ns  (logic 0.704ns (19.822%)  route 2.848ns (80.178%))
  Logic Levels:           2  (LUT4=2)
  Clock Path Skew:        -0.024ns (DCD - SCD + CPR)
    Destination Clock Delay (DCD):    5.025ns = ( 15.025 - 10.000 ) 
    Source Clock Delay      (SCD):    5.324ns
    Clock Pessimism Removal (CPR):    0.275ns
  Clock Uncertainty:      0.035ns  ((TSJ^2 + TIJ^2)^1/2 + DJ) / 2 + PE
    Total System Jitter     (TSJ):    0.071ns
    Total Input Jitter      (TIJ):    0.000ns
    Discrete Jitter          (DJ):    0.000ns
    Phase Error              (PE):    0.000ns

    Location             Delay type                Incr(ns)  Path(ns)    Netlist Resource(s)
  -------------------------------------------------------------------    -------------------
                         (clock sys_clk_pin rise edge)
                                                      0.000     0.000 r  
    E3                                                0.000     0.000 r  CLK100MHZ (IN)
                         net (fo=0)                   0.000     0.000    CLK100MHZ
    E3                   IBUF (Prop_ibuf_I_O)         1.482     1.482 r  CLK100MHZ_IBUF_inst/O
                         net (fo=1, routed)           2.025     3.506    CLK100MHZ_IBUF
    BUFGCTRL_X0Y16       BUFG (Prop_bufg_I_O)         0.096     3.602 r  CLK100MHZ_IBUF_BUFG_inst/O
                         net (fo=34, routed)          1.721     5.324    tdm/divider/CLK100MHZ_IBUF_BUFG
    SLICE_X0Y87          FDRE                                         r  tdm/divider/counter_reg[11]/C
  -------------------------------------------------------------------    -------------------
    SLICE_X0Y87          FDRE (Prop_fdre_C_Q)         0.456     5.780 f  tdm/divider/counter_reg[11]/Q
                         net (fo=2, routed)           1.259     7.039    tdm/divider/counter_reg_n_0_[11]
    SLICE_X1Y87          LUT4 (Prop_lut4_I1_O)        0.124     7.163 f  tdm/divider/counter[16]_i_3/O
                         net (fo=2, routed)           0.937     8.100    tdm/divider/counter[16]_i_3_n_0
    SLICE_X2Y86          LUT4 (Prop_lut4_I1_O)        0.124     8.224 r  tdm/divider/counter[16]_i_1/O
                         net (fo=16, routed)          0.651     8.875    tdm/divider/clk_out
    SLICE_X0Y88          FDRE                                         r  tdm/divider/counter_reg[14]/R
  -------------------------------------------------------------------    -------------------

                         (clock sys_clk_pin rise edge)
                                                     10.000    10.000 r  
    E3                                                0.000    10.000 r  CLK100MHZ (IN)
                         net (fo=0)                   0.000    10.000    CLK100MHZ
    E3                   IBUF (Prop_ibuf_I_O)         1.411    11.411 r  CLK100MHZ_IBUF_inst/O
                         net (fo=1, routed)           1.920    13.331    CLK100MHZ_IBUF
    BUFGCTRL_X0Y16       BUFG (Prop_bufg_I_O)         0.091    13.422 r  CLK100MHZ_IBUF_BUFG_inst/O
                         net (fo=34, routed)          1.602    15.025    tdm/divider/CLK100MHZ_IBUF_BUFG
    SLICE_X0Y88          FDRE                                         r  tdm/divider/counter_reg[14]/C
                         clock pessimism              0.275    15.300    
                         clock uncertainty           -0.035    15.264    
    SLICE_X0Y88          FDRE (Setup_fdre_C_R)       -0.429    14.835    tdm/divider/counter_reg[14]
  -------------------------------------------------------------------
                         required time                         14.835    
                         arrival time                          -8.875    
  -------------------------------------------------------------------
                         slack                                  5.960    

Slack (MET) :             5.960ns  (required time - arrival time)
  Source:                 tdm/divider/counter_reg[11]/C
                            (rising edge-triggered cell FDRE clocked by sys_clk_pin  {rise@0.000ns fall@5.000ns period=10.000ns})
  Destination:            tdm/divider/counter_reg[15]/R
                            (rising edge-triggered cell FDRE clocked by sys_clk_pin  {rise@0.000ns fall@5.000ns period=10.000ns})
  Path Group:             sys_clk_pin
  Path Type:              Setup (Max at Slow Process Corner)
  Requirement:            10.000ns  (sys_clk_pin rise@10.000ns - sys_clk_pin rise@0.000ns)
  Data Path Delay:        3.552ns  (logic 0.704ns (19.822%)  route 2.848ns (80.178%))
  Logic Levels:           2  (LUT4=2)
  Clock Path Skew:        -0.024ns (DCD - SCD + CPR)
    Destination Clock Delay (DCD):    5.025ns = ( 15.025 - 10.000 ) 
    Source Clock Delay      (SCD):    5.324ns
    Clock Pessimism Removal (CPR):    0.275ns
  Clock Uncertainty:      0.035ns  ((TSJ^2 + TIJ^2)^1/2 + DJ) / 2 + PE
    Total System Jitter     (TSJ):    0.071ns
    Total Input Jitter      (TIJ):    0.000ns
    Discrete Jitter          (DJ):    0.000ns
    Phase Error              (PE):    0.000ns

    Location             Delay type                Incr(ns)  Path(ns)    Netlist Resource(s)
  -------------------------------------------------------------------    -------------------
                         (clock sys_clk_pin rise edge)
                                                      0.000     0.000 r  
    E3                                                0.000     0.000 r  CLK100MHZ (IN)
                         net (fo=0)                   0.000     0.000    CLK100MHZ
    E3                   IBUF (Prop_ibuf_I_O)         1.482     1.482 r  CLK100MHZ_IBUF_inst/O
                         net (fo=1, routed)           2.025     3.506    CLK100MHZ_IBUF
    BUFGCTRL_X0Y16       BUFG (Prop_bufg_I_O)         0.096     3.602 r  CLK100MHZ_IBUF_BUFG_inst/O
                         net (fo=34, routed)          1.721     5.324    tdm/divider/CLK100MHZ_IBUF_BUFG
    SLICE_X0Y87          FDRE                                         r  tdm/divider/counter_reg[11]/C
  -------------------------------------------------------------------    -------------------
    SLICE_X0Y87          FDRE (Prop_fdre_C_Q)         0.456     5.780 f  tdm/divider/counter_reg[11]/Q
                         net (fo=2, routed)           1.259     7.039    tdm/divider/counter_reg_n_0_[11]
    SLICE_X1Y87          LUT4 (Prop_lut4_I1_O)        0.124     7.163 f  tdm/divider/counter[16]_i_3/O
                         net (fo=2, routed)           0.937     8.100    tdm/divider/counter[16]_i_3_n_0
    SLICE_X2Y86          LUT4 (Prop_lut4_I1_O)        0.124     8.224 r  tdm/divider/counter[16]_i_1/O
                         net (fo=16, routed)          0.651     8.875    tdm/divider/clk_out
    SLICE_X0Y88          FDRE                                         r  tdm/divider/counter_reg[15]/R
  -------------------------------------------------------------------    -------------------

                         (clock sys_clk_pin rise edge)
                                                     10.000    10.000 r  
    E3                                                0.000    10.000 r  CLK100MHZ (IN)
                         net (fo=0)                   0.000    10.000    CLK100MHZ
    E3                   IBUF (Prop_ibuf_I_O)         1.411    11.411 r  CLK100MHZ_IBUF_inst/O
                         net (fo=1, routed)           1.920    13.331    CLK100MHZ_IBUF
    BUFGCTRL_X0Y16       BUFG (Prop_bufg_I_O)         0.091    13.422 r  CLK100MHZ_IBUF_BUFG_inst/O
                         net (fo=34, routed)          1.602    15.025    tdm/divider/CLK100MHZ_IBUF_BUFG
    SLICE_X0Y88          FDRE                                         r  tdm/divider/counter_reg[15]/C
                         clock pessimism              0.275    15.300    
                         clock uncertainty           -0.035    15.264    
    SLICE_X0Y88          FDRE (Setup_fdre_C_R)       -0.429    14.835    tdm/divider/counter_reg[15]
  -------------------------------------------------------------------
                         required time                         14.835    
                         arrival time                          -8.875    
  -------------------------------------------------------------------
                         slack                                  5.960    

Slack (MET) :             5.960ns  (required time - arrival time)
  Source:                 tdm/divider/counter_reg[11]/C
                            (rising edge-triggered cell FDRE clocked by sys_clk_pin  {rise@0.000ns fall@5.000ns period=10.000ns})
  Destination:            tdm/divider/counter_reg[16]/R
                            (rising edge-triggered cell FDRE clocked by sys_clk_pin  {rise@0.000ns fall@5.000ns period=10.000ns})
  Path Group:             sys_clk_pin
  Path Type:              Setup (Max at Slow Process Corner)
  Requirement:            10.000ns  (sys_clk_pin rise@10.000ns - sys_clk_pin rise@0.000ns)
  Data Path Delay:        3.552ns  (logic 0.704ns (19.822%)  route 2.848ns (80.178%))
  Logic Levels:           2  (LUT4=2)
  Clock Path Skew:        -0.024ns (DCD - SCD + CPR)
    Destination Clock Delay (DCD):    5.025ns = ( 15.025 - 10.000 ) 
    Source Clock Delay      (SCD):    5.324ns
    Clock Pessimism Removal (CPR):    0.275ns
  Clock Uncertainty:      0.035ns  ((TSJ^2 + TIJ^2)^1/2 + DJ) / 2 + PE
    Total System Jitter     (TSJ):    0.071ns
    Total Input Jitter      (TIJ):    0.000ns
    Discrete Jitter          (DJ):    0.000ns
    Phase Error              (PE):    0.000ns

    Location             Delay type                Incr(ns)  Path(ns)    Netlist Resource(s)
  -------------------------------------------------------------------    -------------------
                         (clock sys_clk_pin rise edge)
                                                      0.000     0.000 r  
    E3                                                0.000     0.000 r  CLK100MHZ (IN)
                         net (fo=0)                   0.000     0.000    CLK100MHZ
    E3                   IBUF (Prop_ibuf_I_O)         1.482     1.482 r  CLK100MHZ_IBUF_inst/O
                         net (fo=1, routed)           2.025     3.506    CLK100MHZ_IBUF
    BUFGCTRL_X0Y16       BUFG (Prop_bufg_I_O)         0.096     3.602 r  CLK100MHZ_IBUF_BUFG_inst/O
                         net (fo=34, routed)          1.721     5.324    tdm/divider/CLK100MHZ_IBUF_BUFG
    SLICE_X0Y87          FDRE                                         r  tdm/divider/counter_reg[11]/C
  -------------------------------------------------------------------    -------------------
    SLICE_X0Y87          FDRE (Prop_fdre_C_Q)         0.456     5.780 f  tdm/divider/counter_reg[11]/Q
                         net (fo=2, routed)           1.259     7.039    tdm/divider/counter_reg_n_0_[11]
    SLICE_X1Y87          LUT4 (Prop_lut4_I1_O)        0.124     7.163 f  tdm/divider/counter[16]_i_3/O
                         net (fo=2, routed)           0.937     8.100    tdm/divider/counter[16]_i_3_n_0
    SLICE_X2Y86          LUT4 (Prop_lut4_I1_O)        0.124     8.224 r  tdm/divider/counter[16]_i_1/O
                         net (fo=16, routed)          0.651     8.875    tdm/divider/clk_out
    SLICE_X0Y88          FDRE                                         r  tdm/divider/counter_reg[16]/R
  -------------------------------------------------------------------    -------------------

                         (clock sys_clk_pin rise edge)
                                                     10.000    10.000 r  
    E3                                                0.000    10.000 r  CLK100MHZ (IN)
                         net (fo=0)                   0.000    10.000    CLK100MHZ
    E3                   IBUF (Prop_ibuf_I_O)         1.411    11.411 r  CLK100MHZ_IBUF_inst/O
                         net (fo=1, routed)           1.920    13.331    CLK100MHZ_IBUF
    BUFGCTRL_X0Y16       BUFG (Prop_bufg_I_O)         0.091    13.422 r  CLK100MHZ_IBUF_BUFG_inst/O
                         net (fo=34, routed)          1.602    15.025    tdm/divider/CLK100MHZ_IBUF_BUFG
    SLICE_X0Y88          FDRE                                         r  tdm/divider/counter_reg[16]/C
                         clock pessimism              0.275    15.300    
                         clock uncertainty           -0.035    15.264    
    SLICE_X0Y88          FDRE (Setup_fdre_C_R)       -0.429    14.835    tdm/divider/counter_reg[16]
  -------------------------------------------------------------------
                         required time                         14.835    
                         arrival time                          -8.875    
  -------------------------------------------------------------------
                         slack                                  5.960    

Slack (MET) :             6.083ns  (required time - arrival time)
  Source:                 tdm/divider/counter_reg[11]/C
                            (rising edge-triggered cell FDRE clocked by sys_clk_pin  {rise@0.000ns fall@5.000ns period=10.000ns})
  Destination:            tdm/divider/counter_reg[5]/R
                            (rising edge-triggered cell FDRE clocked by sys_clk_pin  {rise@0.000ns fall@5.000ns period=10.000ns})
  Path Group:             sys_clk_pin
  Path Type:              Setup (Max at Slow Process Corner)
  Requirement:            10.000ns  (sys_clk_pin rise@10.000ns - sys_clk_pin rise@0.000ns)
  Data Path Delay:        3.427ns  (logic 0.704ns (20.543%)  route 2.723ns (79.457%))
  Logic Levels:           2  (LUT4=2)
  Clock Path Skew:        -0.026ns (DCD - SCD + CPR)
    Destination Clock Delay (DCD):    5.023ns = ( 15.023 - 10.000 ) 
    Source Clock Delay      (SCD):    5.324ns
    Clock Pessimism Removal (CPR):    0.275ns
  Clock Uncertainty:      0.035ns  ((TSJ^2 + TIJ^2)^1/2 + DJ) / 2 + PE
    Total System Jitter     (TSJ):    0.071ns
    Total Input Jitter      (TIJ):    0.000ns
    Discrete Jitter          (DJ):    0.000ns
    Phase Error              (PE):    0.000ns

    Location             Delay type                Incr(ns)  Path(ns)    Netlist Resource(s)
  -------------------------------------------------------------------    -------------------
                         (clock sys_clk_pin rise edge)
                                                      0.000     0.000 r  
    E3                                                0.000     0.000 r  CLK100MHZ (IN)
                         net (fo=0)                   0.000     0.000    CLK100MHZ
    E3                   IBUF (Prop_ibuf_I_O)         1.482     1.482 r  CLK100MHZ_IBUF_inst/O
                         net (fo=1, routed)           2.025     3.506    CLK100MHZ_IBUF
    BUFGCTRL_X0Y16       BUFG (Prop_bufg_I_O)         0.096     3.602 r  CLK100MHZ_IBUF_BUFG_inst/O
                         net (fo=34, routed)          1.721     5.324    tdm/divider/CLK100MHZ_IBUF_BUFG
    SLICE_X0Y87          FDRE                                         r  tdm/divider/counter_reg[11]/C
  -------------------------------------------------------------------    -------------------
    SLICE_X0Y87          FDRE (Prop_fdre_C_Q)         0.456     5.780 f  tdm/divider/counter_reg[11]/Q
                         net (fo=2, routed)           1.259     7.039    tdm/divider/counter_reg_n_0_[11]
    SLICE_X1Y87          LUT4 (Prop_lut4_I1_O)        0.124     7.163 f  tdm/divider/counter[16]_i_3/O
                         net (fo=2, routed)           0.937     8.100    tdm/divider/counter[16]_i_3_n_0
    SLICE_X2Y86          LUT4 (Prop_lut4_I1_O)        0.124     8.224 r  tdm/divider/counter[16]_i_1/O
                         net (fo=16, routed)          0.527     8.751    tdm/divider/clk_out
    SLICE_X0Y86          FDRE                                         r  tdm/divider/counter_reg[5]/R
  -------------------------------------------------------------------    -------------------

                         (clock sys_clk_pin rise edge)
                                                     10.000    10.000 r  
    E3                                                0.000    10.000 r  CLK100MHZ (IN)
                         net (fo=0)                   0.000    10.000    CLK100MHZ
    E3                   IBUF (Prop_ibuf_I_O)         1.411    11.411 r  CLK100MHZ_IBUF_inst/O
                         net (fo=1, routed)           1.920    13.331    CLK100MHZ_IBUF
    BUFGCTRL_X0Y16       BUFG (Prop_bufg_I_O)         0.091    13.422 r  CLK100MHZ_IBUF_BUFG_inst/O
                         net (fo=34, routed)          1.600    15.023    tdm/divider/CLK100MHZ_IBUF_BUFG
    SLICE_X0Y86          FDRE                                         r  tdm/divider/counter_reg[5]/C
                         clock pessimism              0.275    15.298    
                         clock uncertainty           -0.035    15.262    
    SLICE_X0Y86          FDRE (Setup_fdre_C_R)       -0.429    14.833    tdm/divider/counter_reg[5]
  -------------------------------------------------------------------
                         required time                         14.833    
                         arrival time                          -8.751    
  -------------------------------------------------------------------
                         slack                                  6.083    

Slack (MET) :             6.083ns  (required time - arrival time)
  Source:                 tdm/divider/counter_reg[11]/C
                            (rising edge-triggered cell FDRE clocked by sys_clk_pin  {rise@0.000ns fall@5.000ns period=10.000ns})
  Destination:            tdm/divider/counter_reg[6]/R
                            (rising edge-triggered cell FDRE clocked by sys_clk_pin  {rise@0.000ns fall@5.000ns period=10.000ns})
  Path Group:             sys_clk_pin
  Path Type:              Setup (Max at Slow Process Corner)
  Requirement:            10.000ns  (sys_clk_pin rise@10.000ns - sys_clk_pin rise@0.000ns)
  Data Path Delay:        3.427ns  (logic 0.704ns (20.543%)  route 2.723ns (79.457%))
  Logic Levels:           2  (LUT4=2)
  Clock Path Skew:        -0.026ns (DCD - SCD + CPR)
    Destination Clock Delay (DCD):    5.023ns = ( 15.023 - 10.000 ) 
    Source Clock Delay      (SCD):    5.324ns
    Clock Pessimism Removal (CPR):    0.275ns
  Clock Uncertainty:      0.035ns  ((TSJ^2 + TIJ^2)^1/2 + DJ) / 2 + PE
    Total System Jitter     (TSJ):    0.071ns
    Total Input Jitter      (TIJ):    0.000ns
    Discrete Jitter          (DJ):    0.000ns
    Phase Error              (PE):    0.000ns

    Location             Delay type                Incr(ns)  Path(ns)    Netlist Resource(s)
  -------------------------------------------------------------------    -------------------
                         (clock sys_clk_pin rise edge)
                                                      0.000     0.000 r  
    E3                                                0.000     0.000 r  CLK100MHZ (IN)
                         net (fo=0)                   0.000     0.000    CLK100MHZ
    E3                   IBUF (Prop_ibuf_I_O)         1.482     1.482 r  CLK100MHZ_IBUF_inst/O
                         net (fo=1, routed)           2.025     3.506    CLK100MHZ_IBUF
    BUFGCTRL_X0Y16       BUFG (Prop_bufg_I_O)         0.096     3.602 r  CLK100MHZ_IBUF_BUFG_inst/O
                         net (fo=34, routed)          1.721     5.324    tdm/divider/CLK100MHZ_IBUF_BUFG
    SLICE_X0Y87          FDRE                                         r  tdm/divider/counter_reg[11]/C
  -------------------------------------------------------------------    -------------------
    SLICE_X0Y87          FDRE (Prop_fdre_C_Q)         0.456     5.780 f  tdm/divider/counter_reg[11]/Q
                         net (fo=2, routed)           1.259     7.039    tdm/divider/counter_reg_n_0_[11]
    SLICE_X1Y87          LUT4 (Prop_lut4_I1_O)        0.124     7.163 f  tdm/divider/counter[16]_i_3/O
                         net (fo=2, routed)           0.937     8.100    tdm/divider/counter[16]_i_3_n_0
    SLICE_X2Y86          LUT4 (Prop_lut4_I1_O)        0.124     8.224 r  tdm/divider/counter[16]_i_1/O
                         net (fo=16, routed)          0.527     8.751    tdm/divider/clk_out
    SLICE_X0Y86          FDRE                                         r  tdm/divider/counter_reg[6]/R
  -------------------------------------------------------------------    -------------------

                         (clock sys_clk_pin rise edge)
                                                     10.000    10.000 r  
    E3                                                0.000    10.000 r  CLK100MHZ (IN)
                         net (fo=0)                   0.000    10.000    CLK100MHZ
    E3                   IBUF (Prop_ibuf_I_O)         1.411    11.411 r  CLK100MHZ_IBUF_inst/O
                         net (fo=1, routed)           1.920    13.331    CLK100MHZ_IBUF
    BUFGCTRL_X0Y16       BUFG (Prop_bufg_I_O)         0.091    13.422 r  CLK100MHZ_IBUF_BUFG_inst/O
                         net (fo=34, routed)          1.600    15.023    tdm/divider/CLK100MHZ_IBUF_BUFG
    SLICE_X0Y86          FDRE                                         r  tdm/divider/counter_reg[6]/C
                         clock pessimism              0.275    15.298    
                         clock uncertainty           -0.035    15.262    
    SLICE_X0Y86          FDRE (Setup_fdre_C_R)       -0.429    14.833    tdm/divider/counter_reg[6]
  -------------------------------------------------------------------
                         required time                         14.833    
                         arrival time                          -8.751    
  -------------------------------------------------------------------
                         slack                                  6.083    

Slack (MET) :             6.083ns  (required time - arrival time)
  Source:                 tdm/divider/counter_reg[11]/C
                            (rising edge-triggered cell FDRE clocked by sys_clk_pin  {rise@0.000ns fall@5.000ns period=10.000ns})
  Destination:            tdm/divider/counter_reg[7]/R
                            (rising edge-triggered cell FDRE clocked by sys_clk_pin  {rise@0.000ns fall@5.000ns period=10.000ns})
  Path Group:             sys_clk_pin
  Path Type:              Setup (Max at Slow Process Corner)
  Requirement:            10.000ns  (sys_clk_pin rise@10.000ns - sys_clk_pin rise@0.000ns)
  Data Path Delay:        3.427ns  (logic 0.704ns (20.543%)  route 2.723ns (79.457%))
  Logic Levels:           2  (LUT4=2)
  Clock Path Skew:        -0.026ns (DCD - SCD + CPR)
    Destination Clock Delay (DCD):    5.023ns = ( 15.023 - 10.000 ) 
    Source Clock Delay      (SCD):    5.324ns
    Clock Pessimism Removal (CPR):    0.275ns
  Clock Uncertainty:      0.035ns  ((TSJ^2 + TIJ^2)^1/2 + DJ) / 2 + PE
    Total System Jitter     (TSJ):    0.071ns
    Total Input Jitter      (TIJ):    0.000ns
    Discrete Jitter          (DJ):    0.000ns
    Phase Error              (PE):    0.000ns

    Location             Delay type                Incr(ns)  Path(ns)    Netlist Resource(s)
  -------------------------------------------------------------------    -------------------
                         (clock sys_clk_pin rise edge)
                                                      0.000     0.000 r  
    E3                                                0.000     0.000 r  CLK100MHZ (IN)
                         net (fo=0)                   0.000     0.000    CLK100MHZ
    E3                   IBUF (Prop_ibuf_I_O)         1.482     1.482 r  CLK100MHZ_IBUF_inst/O
                         net (fo=1, routed)           2.025     3.506    CLK100MHZ_IBUF
    BUFGCTRL_X0Y16       BUFG (Prop_bufg_I_O)         0.096     3.602 r  CLK100MHZ_IBUF_BUFG_inst/O
                         net (fo=34, routed)          1.721     5.324    tdm/divider/CLK100MHZ_IBUF_BUFG
    SLICE_X0Y87          FDRE                                         r  tdm/divider/counter_reg[11]/C
  -------------------------------------------------------------------    -------------------
    SLICE_X0Y87          FDRE (Prop_fdre_C_Q)         0.456     5.780 f  tdm/divider/counter_reg[11]/Q
                         net (fo=2, routed)           1.259     7.039    tdm/divider/counter_reg_n_0_[11]
    SLICE_X1Y87          LUT4 (Prop_lut4_I1_O)        0.124     7.163 f  tdm/divider/counter[16]_i_3/O
                         net (fo=2, routed)           0.937     8.100    tdm/divider/counter[16]_i_3_n_0
    SLICE_X2Y86          LUT4 (Prop_lut4_I1_O)        0.124     8.224 r  tdm/divider/counter[16]_i_1/O
                         net (fo=16, routed)          0.527     8.751    tdm/divider/clk_out
    SLICE_X0Y86          FDRE                                         r  tdm/divider/counter_reg[7]/R
  -------------------------------------------------------------------    -------------------

                         (clock sys_clk_pin rise edge)
                                                     10.000    10.000 r  
    E3                                                0.000    10.000 r  CLK100MHZ (IN)
                         net (fo=0)                   0.000    10.000    CLK100MHZ
    E3                   IBUF (Prop_ibuf_I_O)         1.411    11.411 r  CLK100MHZ_IBUF_inst/O
                         net (fo=1, routed)           1.920    13.331    CLK100MHZ_IBUF
    BUFGCTRL_X0Y16       BUFG (Prop_bufg_I_O)         0.091    13.422 r  CLK100MHZ_IBUF_BUFG_inst/O
                         net (fo=34, routed)          1.600    15.023    tdm/divider/CLK100MHZ_IBUF_BUFG
    SLICE_X0Y86          FDRE                                         r  tdm/divider/counter_reg[7]/C
                         clock pessimism              0.275    15.298    
                         clock uncertainty           -0.035    15.262    
    SLICE_X0Y86          FDRE (Setup_fdre_C_R)       -0.429    14.833    tdm/divider/counter_reg[7]
  -------------------------------------------------------------------
                         required time                         14.833    
                         arrival time                          -8.751    
  -------------------------------------------------------------------
                         slack                                  6.083    

Slack (MET) :             6.083ns  (required time - arrival time)
  Source:                 tdm/divider/counter_reg[11]/C
                            (rising edge-triggered cell FDRE clocked by sys_clk_pin  {rise@0.000ns fall@5.000ns period=10.000ns})
  Destination:            tdm/divider/counter_reg[8]/R
                            (rising edge-triggered cell FDRE clocked by sys_clk_pin  {rise@0.000ns fall@5.000ns period=10.000ns})
  Path Group:             sys_clk_pin
  Path Type:              Setup (Max at Slow Process Corner)
  Requirement:            10.000ns  (sys_clk_pin rise@10.000ns - sys_clk_pin rise@0.000ns)
  Data Path Delay:        3.427ns  (logic 0.704ns (20.543%)  route 2.723ns (79.457%))
  Logic Levels:           2  (LUT4=2)
  Clock Path Skew:        -0.026ns (DCD - SCD + CPR)
    Destination Clock Delay (DCD):    5.023ns = ( 15.023 - 10.000 ) 
    Source Clock Delay      (SCD):    5.324ns
    Clock Pessimism Removal (CPR):    0.275ns
  Clock Uncertainty:      0.035ns  ((TSJ^2 + TIJ^2)^1/2 + DJ) / 2 + PE
    Total System Jitter     (TSJ):    0.071ns
    Total Input Jitter      (TIJ):    0.000ns
    Discrete Jitter          (DJ):    0.000ns
    Phase Error              (PE):    0.000ns

    Location             Delay type                Incr(ns)  Path(ns)    Netlist Resource(s)
  -------------------------------------------------------------------    -------------------
                         (clock sys_clk_pin rise edge)
                                                      0.000     0.000 r  
    E3                                                0.000     0.000 r  CLK100MHZ (IN)
                         net (fo=0)                   0.000     0.000    CLK100MHZ
    E3                   IBUF (Prop_ibuf_I_O)         1.482     1.482 r  CLK100MHZ_IBUF_inst/O
                         net (fo=1, routed)           2.025     3.506    CLK100MHZ_IBUF
    BUFGCTRL_X0Y16       BUFG (Prop_bufg_I_O)         0.096     3.602 r  CLK100MHZ_IBUF_BUFG_inst/O
                         net (fo=34, routed)          1.721     5.324    tdm/divider/CLK100MHZ_IBUF_BUFG
    SLICE_X0Y87          FDRE                                         r  tdm/divider/counter_reg[11]/C
  -------------------------------------------------------------------    -------------------
    SLICE_X0Y87          FDRE (Prop_fdre_C_Q)         0.456     5.780 f  tdm/divider/counter_reg[11]/Q
                         net (fo=2, routed)           1.259     7.039    tdm/divider/counter_reg_n_0_[11]
    SLICE_X1Y87          LUT4 (Prop_lut4_I1_O)        0.124     7.163 f  tdm/divider/counter[16]_i_3/O
                         net (fo=2, routed)           0.937     8.100    tdm/divider/counter[16]_i_3_n_0
    SLICE_X2Y86          LUT4 (Prop_lut4_I1_O)        0.124     8.224 r  tdm/divider/counter[16]_i_1/O
                         net (fo=16, routed)          0.527     8.751    tdm/divider/clk_out
    SLICE_X0Y86          FDRE                                         r  tdm/divider/counter_reg[8]/R
  -------------------------------------------------------------------    -------------------

                         (clock sys_clk_pin rise edge)
                                                     10.000    10.000 r  
    E3                                                0.000    10.000 r  CLK100MHZ (IN)
                         net (fo=0)                   0.000    10.000    CLK100MHZ
    E3                   IBUF (Prop_ibuf_I_O)         1.411    11.411 r  CLK100MHZ_IBUF_inst/O
                         net (fo=1, routed)           1.920    13.331    CLK100MHZ_IBUF
    BUFGCTRL_X0Y16       BUFG (Prop_bufg_I_O)         0.091    13.422 r  CLK100MHZ_IBUF_BUFG_inst/O
                         net (fo=34, routed)          1.600    15.023    tdm/divider/CLK100MHZ_IBUF_BUFG
    SLICE_X0Y86          FDRE                                         r  tdm/divider/counter_reg[8]/C
                         clock pessimism              0.275    15.298    
                         clock uncertainty           -0.035    15.262    
    SLICE_X0Y86          FDRE (Setup_fdre_C_R)       -0.429    14.833    tdm/divider/counter_reg[8]
  -------------------------------------------------------------------
                         required time                         14.833    
                         arrival time                          -8.751    
  -------------------------------------------------------------------
                         slack                                  6.083    

Slack (MET) :             6.100ns  (required time - arrival time)
  Source:                 tdm/divider/counter_reg[11]/C
                            (rising edge-triggered cell FDRE clocked by sys_clk_pin  {rise@0.000ns fall@5.000ns period=10.000ns})
  Destination:            tdm/divider/counter_reg[1]/R
                            (rising edge-triggered cell FDRE clocked by sys_clk_pin  {rise@0.000ns fall@5.000ns period=10.000ns})
  Path Group:             sys_clk_pin
  Path Type:              Setup (Max at Slow Process Corner)
  Requirement:            10.000ns  (sys_clk_pin rise@10.000ns - sys_clk_pin rise@0.000ns)
  Data Path Delay:        3.410ns  (logic 0.704ns (20.646%)  route 2.706ns (79.354%))
  Logic Levels:           2  (LUT4=2)
  Clock Path Skew:        -0.026ns (DCD - SCD + CPR)
    Destination Clock Delay (DCD):    5.023ns = ( 15.023 - 10.000 ) 
    Source Clock Delay      (SCD):    5.324ns
    Clock Pessimism Removal (CPR):    0.275ns
  Clock Uncertainty:      0.035ns  ((TSJ^2 + TIJ^2)^1/2 + DJ) / 2 + PE
    Total System Jitter     (TSJ):    0.071ns
    Total Input Jitter      (TIJ):    0.000ns
    Discrete Jitter          (DJ):    0.000ns
    Phase Error              (PE):    0.000ns

    Location             Delay type                Incr(ns)  Path(ns)    Netlist Resource(s)
  -------------------------------------------------------------------    -------------------
                         (clock sys_clk_pin rise edge)
                                                      0.000     0.000 r  
    E3                                                0.000     0.000 r  CLK100MHZ (IN)
                         net (fo=0)                   0.000     0.000    CLK100MHZ
    E3                   IBUF (Prop_ibuf_I_O)         1.482     1.482 r  CLK100MHZ_IBUF_inst/O
                         net (fo=1, routed)           2.025     3.506    CLK100MHZ_IBUF
    BUFGCTRL_X0Y16       BUFG (Prop_bufg_I_O)         0.096     3.602 r  CLK100MHZ_IBUF_BUFG_inst/O
                         net (fo=34, routed)          1.721     5.324    tdm/divider/CLK100MHZ_IBUF_BUFG
    SLICE_X0Y87          FDRE                                         r  tdm/divider/counter_reg[11]/C
  -------------------------------------------------------------------    -------------------
    SLICE_X0Y87          FDRE (Prop_fdre_C_Q)         0.456     5.780 f  tdm/divider/counter_reg[11]/Q
                         net (fo=2, routed)           1.259     7.039    tdm/divider/counter_reg_n_0_[11]
    SLICE_X1Y87          LUT4 (Prop_lut4_I1_O)        0.124     7.163 f  tdm/divider/counter[16]_i_3/O
                         net (fo=2, routed)           0.937     8.100    tdm/divider/counter[16]_i_3_n_0
    SLICE_X2Y86          LUT4 (Prop_lut4_I1_O)        0.124     8.224 r  tdm/divider/counter[16]_i_1/O
                         net (fo=16, routed)          0.509     8.733    tdm/divider/clk_out
    SLICE_X0Y85          FDRE                                         r  tdm/divider/counter_reg[1]/R
  -------------------------------------------------------------------    -------------------

                         (clock sys_clk_pin rise edge)
                                                     10.000    10.000 r  
    E3                                                0.000    10.000 r  CLK100MHZ (IN)
                         net (fo=0)                   0.000    10.000    CLK100MHZ
    E3                   IBUF (Prop_ibuf_I_O)         1.411    11.411 r  CLK100MHZ_IBUF_inst/O
                         net (fo=1, routed)           1.920    13.331    CLK100MHZ_IBUF
    BUFGCTRL_X0Y16       BUFG (Prop_bufg_I_O)         0.091    13.422 r  CLK100MHZ_IBUF_BUFG_inst/O
                         net (fo=34, routed)          1.600    15.023    tdm/divider/CLK100MHZ_IBUF_BUFG
    SLICE_X0Y85          FDRE                                         r  tdm/divider/counter_reg[1]/C
                         clock pessimism              0.275    15.298    
                         clock uncertainty           -0.035    15.262    
    SLICE_X0Y85          FDRE (Setup_fdre_C_R)       -0.429    14.833    tdm/divider/counter_reg[1]
  -------------------------------------------------------------------
                         required time                         14.833    
                         arrival time                          -8.733    
  -------------------------------------------------------------------
                         slack                                  6.100    

Slack (MET) :             6.100ns  (required time - arrival time)
  Source:                 tdm/divider/counter_reg[11]/C
                            (rising edge-triggered cell FDRE clocked by sys_clk_pin  {rise@0.000ns fall@5.000ns period=10.000ns})
  Destination:            tdm/divider/counter_reg[2]/R
                            (rising edge-triggered cell FDRE clocked by sys_clk_pin  {rise@0.000ns fall@5.000ns period=10.000ns})
  Path Group:             sys_clk_pin
  Path Type:              Setup (Max at Slow Process Corner)
  Requirement:            10.000ns  (sys_clk_pin rise@10.000ns - sys_clk_pin rise@0.000ns)
  Data Path Delay:        3.410ns  (logic 0.704ns (20.646%)  route 2.706ns (79.354%))
  Logic Levels:           2  (LUT4=2)
  Clock Path Skew:        -0.026ns (DCD - SCD + CPR)
    Destination Clock Delay (DCD):    5.023ns = ( 15.023 - 10.000 ) 
    Source Clock Delay      (SCD):    5.324ns
    Clock Pessimism Removal (CPR):    0.275ns
  Clock Uncertainty:      0.035ns  ((TSJ^2 + TIJ^2)^1/2 + DJ) / 2 + PE
    Total System Jitter     (TSJ):    0.071ns
    Total Input Jitter      (TIJ):    0.000ns
    Discrete Jitter          (DJ):    0.000ns
    Phase Error              (PE):    0.000ns

    Location             Delay type                Incr(ns)  Path(ns)    Netlist Resource(s)
  -------------------------------------------------------------------    -------------------
                         (clock sys_clk_pin rise edge)
                                                      0.000     0.000 r  
    E3                                                0.000     0.000 r  CLK100MHZ (IN)
                         net (fo=0)                   0.000     0.000    CLK100MHZ
    E3                   IBUF (Prop_ibuf_I_O)         1.482     1.482 r  CLK100MHZ_IBUF_inst/O
                         net (fo=1, routed)           2.025     3.506    CLK100MHZ_IBUF
    BUFGCTRL_X0Y16       BUFG (Prop_bufg_I_O)         0.096     3.602 r  CLK100MHZ_IBUF_BUFG_inst/O
                         net (fo=34, routed)          1.721     5.324    tdm/divider/CLK100MHZ_IBUF_BUFG
    SLICE_X0Y87          FDRE                                         r  tdm/divider/counter_reg[11]/C
  -------------------------------------------------------------------    -------------------
    SLICE_X0Y87          FDRE (Prop_fdre_C_Q)         0.456     5.780 f  tdm/divider/counter_reg[11]/Q
                         net (fo=2, routed)           1.259     7.039    tdm/divider/counter_reg_n_0_[11]
    SLICE_X1Y87          LUT4 (Prop_lut4_I1_O)        0.124     7.163 f  tdm/divider/counter[16]_i_3/O
                         net (fo=2, routed)           0.937     8.100    tdm/divider/counter[16]_i_3_n_0
    SLICE_X2Y86          LUT4 (Prop_lut4_I1_O)        0.124     8.224 r  tdm/divider/counter[16]_i_1/O
                         net (fo=16, routed)          0.509     8.733    tdm/divider/clk_out
    SLICE_X0Y85          FDRE                                         r  tdm/divider/counter_reg[2]/R
  -------------------------------------------------------------------    -------------------

                         (clock sys_clk_pin rise edge)
                                                     10.000    10.000 r  
    E3                                                0.000    10.000 r  CLK100MHZ (IN)
                         net (fo=0)                   0.000    10.000    CLK100MHZ
    E3                   IBUF (Prop_ibuf_I_O)         1.411    11.411 r  CLK100MHZ_IBUF_inst/O
                         net (fo=1, routed)           1.920    13.331    CLK100MHZ_IBUF
    BUFGCTRL_X0Y16       BUFG (Prop_bufg_I_O)         0.091    13.422 r  CLK100MHZ_IBUF_BUFG_inst/O
                         net (fo=34, routed)          1.600    15.023    tdm/divider/CLK100MHZ_IBUF_BUFG
    SLICE_X0Y85          FDRE                                         r  tdm/divider/counter_reg[2]/C
                         clock pessimism              0.275    15.298    
                         clock uncertainty           -0.035    15.262    
    SLICE_X0Y85          FDRE (Setup_fdre_C_R)       -0.429    14.833    tdm/divider/counter_reg[2]
  -------------------------------------------------------------------
                         required time                         14.833    
                         arrival time                          -8.733    
  -------------------------------------------------------------------
                         slack                                  6.100    





Min Delay Paths
--------------------------------------------------------------------------------------
Slack (MET) :             0.246ns  (arrival time - required time)
  Source:                 tdm/divider/counter_reg[0]/C
                            (rising edge-triggered cell FDRE clocked by sys_clk_pin  {rise@0.000ns fall@5.000ns period=10.000ns})
  Destination:            tdm/divider/counter_reg[0]/D
                            (rising edge-triggered cell FDRE clocked by sys_clk_pin  {rise@0.000ns fall@5.000ns period=10.000ns})
  Path Group:             sys_clk_pin
  Path Type:              Hold (Min at Fast Process Corner)
  Requirement:            0.000ns  (sys_clk_pin rise@0.000ns - sys_clk_pin rise@0.000ns)
  Data Path Delay:        0.351ns  (logic 0.183ns (52.092%)  route 0.168ns (47.908%))
  Logic Levels:           1  (LUT1=1)
  Clock Path Skew:        0.000ns (DCD - SCD - CPR)
    Destination Clock Delay (DCD):    2.038ns
    Source Clock Delay      (SCD):    1.520ns
    Clock Pessimism Removal (CPR):    0.517ns

    Location             Delay type                Incr(ns)  Path(ns)    Netlist Resource(s)
  -------------------------------------------------------------------    -------------------
                         (clock sys_clk_pin rise edge)
                                                      0.000     0.000 r  
    E3                                                0.000     0.000 r  CLK100MHZ (IN)
                         net (fo=0)                   0.000     0.000    CLK100MHZ
    E3                   IBUF (Prop_ibuf_I_O)         0.250     0.250 r  CLK100MHZ_IBUF_inst/O
                         net (fo=1, routed)           0.644     0.894    CLK100MHZ_IBUF
    BUFGCTRL_X0Y16       BUFG (Prop_bufg_I_O)         0.026     0.920 r  CLK100MHZ_IBUF_BUFG_inst/O
                         net (fo=34, routed)          0.601     1.520    tdm/divider/CLK100MHZ_IBUF_BUFG
    SLICE_X1Y87          FDRE                                         r  tdm/divider/counter_reg[0]/C
  -------------------------------------------------------------------    -------------------
    SLICE_X1Y87          FDRE (Prop_fdre_C_Q)         0.141     1.661 f  tdm/divider/counter_reg[0]/Q
                         net (fo=3, routed)           0.168     1.830    tdm/divider/counter_reg_n_0_[0]
    SLICE_X1Y87          LUT1 (Prop_lut1_I0_O)        0.042     1.872 r  tdm/divider/counter[0]_i_1__0/O
                         net (fo=1, routed)           0.000     1.872    tdm/divider/counter[0]
    SLICE_X1Y87          FDRE                                         r  tdm/divider/counter_reg[0]/D
  -------------------------------------------------------------------    -------------------

                         (clock sys_clk_pin rise edge)
                                                      0.000     0.000 r  
    E3                                                0.000     0.000 r  CLK100MHZ (IN)
                         net (fo=0)                   0.000     0.000    CLK100MHZ
    E3                   IBUF (Prop_ibuf_I_O)         0.438     0.438 r  CLK100MHZ_IBUF_inst/O
                         net (fo=1, routed)           0.699     1.136    CLK100MHZ_IBUF
    BUFGCTRL_X0Y16       BUFG (Prop_bufg_I_O)         0.029     1.165 r  CLK100MHZ_IBUF_BUFG_inst/O
                         net (fo=34, routed)          0.873     2.038    tdm/divider/CLK100MHZ_IBUF_BUFG
    SLICE_X1Y87          FDRE                                         r  tdm/divider/counter_reg[0]/C
                         clock pessimism             -0.517     1.520    
    SLICE_X1Y87          FDRE (Hold_fdre_C_D)         0.105     1.625    tdm/divider/counter_reg[0]
  -------------------------------------------------------------------
                         required time                         -1.625    
                         arrival time                           1.872    
  -------------------------------------------------------------------
                         slack                                  0.246    

Slack (MET) :             0.263ns  (arrival time - required time)
  Source:                 clk100/clk_out_reg/C
                            (rising edge-triggered cell FDRE clocked by sys_clk_pin  {rise@0.000ns fall@5.000ns period=10.000ns})
  Destination:            clk100/clk_out_reg/D
                            (rising edge-triggered cell FDRE clocked by sys_clk_pin  {rise@0.000ns fall@5.000ns period=10.000ns})
  Path Group:             sys_clk_pin
  Path Type:              Hold (Min at Fast Process Corner)
  Requirement:            0.000ns  (sys_clk_pin rise@0.000ns - sys_clk_pin rise@0.000ns)
  Data Path Delay:        0.354ns  (logic 0.186ns (52.498%)  route 0.168ns (47.502%))
  Logic Levels:           1  (LUT5=1)
  Clock Path Skew:        0.000ns (DCD - SCD - CPR)
    Destination Clock Delay (DCD):    2.000ns
    Source Clock Delay      (SCD):    1.484ns
    Clock Pessimism Removal (CPR):    0.515ns

    Location             Delay type                Incr(ns)  Path(ns)    Netlist Resource(s)
  -------------------------------------------------------------------    -------------------
                         (clock sys_clk_pin rise edge)
                                                      0.000     0.000 r  
    E3                                                0.000     0.000 r  CLK100MHZ (IN)
                         net (fo=0)                   0.000     0.000    CLK100MHZ
    E3                   IBUF (Prop_ibuf_I_O)         0.250     0.250 r  CLK100MHZ_IBUF_inst/O
                         net (fo=1, routed)           0.644     0.894    CLK100MHZ_IBUF
    BUFGCTRL_X0Y16       BUFG (Prop_bufg_I_O)         0.026     0.920 r  CLK100MHZ_IBUF_BUFG_inst/O
                         net (fo=34, routed)          0.565     1.484    clk100/CLK100MHZ_IBUF_BUFG
    SLICE_X53Y97         FDRE                                         r  clk100/clk_out_reg/C
  -------------------------------------------------------------------    -------------------
    SLICE_X53Y97         FDRE (Prop_fdre_C_Q)         0.141     1.625 r  clk100/clk_out_reg/Q
                         net (fo=2, routed)           0.168     1.794    clk100/clk
    SLICE_X53Y97         LUT5 (Prop_lut5_I4_O)        0.045     1.839 r  clk100/clk_out_i_1/O
                         net (fo=1, routed)           0.000     1.839    clk100/clk_out_i_1_n_0
    SLICE_X53Y97         FDRE                                         r  clk100/clk_out_reg/D
  -------------------------------------------------------------------    -------------------

                         (clock sys_clk_pin rise edge)
                                                      0.000     0.000 r  
    E3                                                0.000     0.000 r  CLK100MHZ (IN)
                         net (fo=0)                   0.000     0.000    CLK100MHZ
    E3                   IBUF (Prop_ibuf_I_O)         0.438     0.438 r  CLK100MHZ_IBUF_inst/O
                         net (fo=1, routed)           0.699     1.136    CLK100MHZ_IBUF
    BUFGCTRL_X0Y16       BUFG (Prop_bufg_I_O)         0.029     1.165 r  CLK100MHZ_IBUF_BUFG_inst/O
                         net (fo=34, routed)          0.835     2.000    clk100/CLK100MHZ_IBUF_BUFG
    SLICE_X53Y97         FDRE                                         r  clk100/clk_out_reg/C
                         clock pessimism             -0.515     1.484    
    SLICE_X53Y97         FDRE (Hold_fdre_C_D)         0.091     1.575    clk100/clk_out_reg
  -------------------------------------------------------------------
                         required time                         -1.575    
                         arrival time                           1.839    
  -------------------------------------------------------------------
                         slack                                  0.263    

Slack (MET) :             0.280ns  (arrival time - required time)
  Source:                 clk100/counter_reg[7]/C
                            (rising edge-triggered cell FDRE clocked by sys_clk_pin  {rise@0.000ns fall@5.000ns period=10.000ns})
  Destination:            clk100/counter_reg[7]/D
                            (rising edge-triggered cell FDRE clocked by sys_clk_pin  {rise@0.000ns fall@5.000ns period=10.000ns})
  Path Group:             sys_clk_pin
  Path Type:              Hold (Min at Fast Process Corner)
  Requirement:            0.000ns  (sys_clk_pin rise@0.000ns - sys_clk_pin rise@0.000ns)
  Data Path Delay:        0.385ns  (logic 0.252ns (65.529%)  route 0.133ns (34.471%))
  Logic Levels:           1  (CARRY4=1)
  Clock Path Skew:        0.000ns (DCD - SCD - CPR)
    Destination Clock Delay (DCD):    1.999ns
    Source Clock Delay      (SCD):    1.483ns
    Clock Pessimism Removal (CPR):    0.515ns

    Location             Delay type                Incr(ns)  Path(ns)    Netlist Resource(s)
  -------------------------------------------------------------------    -------------------
                         (clock sys_clk_pin rise edge)
                                                      0.000     0.000 r  
    E3                                                0.000     0.000 r  CLK100MHZ (IN)
                         net (fo=0)                   0.000     0.000    CLK100MHZ
    E3                   IBUF (Prop_ibuf_I_O)         0.250     0.250 r  CLK100MHZ_IBUF_inst/O
                         net (fo=1, routed)           0.644     0.894    CLK100MHZ_IBUF
    BUFGCTRL_X0Y16       BUFG (Prop_bufg_I_O)         0.026     0.920 r  CLK100MHZ_IBUF_BUFG_inst/O
                         net (fo=34, routed)          0.564     1.483    clk100/CLK100MHZ_IBUF_BUFG
    SLICE_X52Y96         FDRE                                         r  clk100/counter_reg[7]/C
  -------------------------------------------------------------------    -------------------
    SLICE_X52Y96         FDRE (Prop_fdre_C_Q)         0.141     1.624 r  clk100/counter_reg[7]/Q
                         net (fo=2, routed)           0.133     1.757    clk100/counter[7]
    SLICE_X52Y96         CARRY4 (Prop_carry4_S[2]_O[2])
                                                      0.111     1.868 r  clk100/counter0_carry__0/O[2]
                         net (fo=1, routed)           0.000     1.868    clk100/data0[7]
    SLICE_X52Y96         FDRE                                         r  clk100/counter_reg[7]/D
  -------------------------------------------------------------------    -------------------

                         (clock sys_clk_pin rise edge)
                                                      0.000     0.000 r  
    E3                                                0.000     0.000 r  CLK100MHZ (IN)
                         net (fo=0)                   0.000     0.000    CLK100MHZ
    E3                   IBUF (Prop_ibuf_I_O)         0.438     0.438 r  CLK100MHZ_IBUF_inst/O
                         net (fo=1, routed)           0.699     1.136    CLK100MHZ_IBUF
    BUFGCTRL_X0Y16       BUFG (Prop_bufg_I_O)         0.029     1.165 r  CLK100MHZ_IBUF_BUFG_inst/O
                         net (fo=34, routed)          0.834     1.999    clk100/CLK100MHZ_IBUF_BUFG
    SLICE_X52Y96         FDRE                                         r  clk100/counter_reg[7]/C
                         clock pessimism             -0.515     1.483    
    SLICE_X52Y96         FDRE (Hold_fdre_C_D)         0.105     1.588    clk100/counter_reg[7]
  -------------------------------------------------------------------
                         required time                         -1.588    
                         arrival time                           1.868    
  -------------------------------------------------------------------
                         slack                                  0.280    

Slack (MET) :             0.281ns  (arrival time - required time)
  Source:                 tdm/divider/counter_reg[15]/C
                            (rising edge-triggered cell FDRE clocked by sys_clk_pin  {rise@0.000ns fall@5.000ns period=10.000ns})
  Destination:            tdm/divider/counter_reg[15]/D
                            (rising edge-triggered cell FDRE clocked by sys_clk_pin  {rise@0.000ns fall@5.000ns period=10.000ns})
  Path Group:             sys_clk_pin
  Path Type:              Hold (Min at Fast Process Corner)
  Requirement:            0.000ns  (sys_clk_pin rise@0.000ns - sys_clk_pin rise@0.000ns)
  Data Path Delay:        0.386ns  (logic 0.252ns (65.354%)  route 0.134ns (34.646%))
  Logic Levels:           1  (CARRY4=1)
  Clock Path Skew:        0.000ns (DCD - SCD - CPR)
    Destination Clock Delay (DCD):    2.040ns
    Source Clock Delay      (SCD):    1.521ns
    Clock Pessimism Removal (CPR):    0.518ns

    Location             Delay type                Incr(ns)  Path(ns)    Netlist Resource(s)
  -------------------------------------------------------------------    -------------------
                         (clock sys_clk_pin rise edge)
                                                      0.000     0.000 r  
    E3                                                0.000     0.000 r  CLK100MHZ (IN)
                         net (fo=0)                   0.000     0.000    CLK100MHZ
    E3                   IBUF (Prop_ibuf_I_O)         0.250     0.250 r  CLK100MHZ_IBUF_inst/O
                         net (fo=1, routed)           0.644     0.894    CLK100MHZ_IBUF
    BUFGCTRL_X0Y16       BUFG (Prop_bufg_I_O)         0.026     0.920 r  CLK100MHZ_IBUF_BUFG_inst/O
                         net (fo=34, routed)          0.602     1.521    tdm/divider/CLK100MHZ_IBUF_BUFG
    SLICE_X0Y88          FDRE                                         r  tdm/divider/counter_reg[15]/C
  -------------------------------------------------------------------    -------------------
    SLICE_X0Y88          FDRE (Prop_fdre_C_Q)         0.141     1.662 r  tdm/divider/counter_reg[15]/Q
                         net (fo=2, routed)           0.134     1.796    tdm/divider/counter_reg_n_0_[15]
    SLICE_X0Y88          CARRY4 (Prop_carry4_S[2]_O[2])
                                                      0.111     1.907 r  tdm/divider/counter0_carry__2/O[2]
                         net (fo=1, routed)           0.000     1.907    tdm/divider/counter0_carry__2_n_5
    SLICE_X0Y88          FDRE                                         r  tdm/divider/counter_reg[15]/D
  -------------------------------------------------------------------    -------------------

                         (clock sys_clk_pin rise edge)
                                                      0.000     0.000 r  
    E3                                                0.000     0.000 r  CLK100MHZ (IN)
                         net (fo=0)                   0.000     0.000    CLK100MHZ
    E3                   IBUF (Prop_ibuf_I_O)         0.438     0.438 r  CLK100MHZ_IBUF_inst/O
                         net (fo=1, routed)           0.699     1.136    CLK100MHZ_IBUF
    BUFGCTRL_X0Y16       BUFG (Prop_bufg_I_O)         0.029     1.165 r  CLK100MHZ_IBUF_BUFG_inst/O
                         net (fo=34, routed)          0.875     2.040    tdm/divider/CLK100MHZ_IBUF_BUFG
    SLICE_X0Y88          FDRE                                         r  tdm/divider/counter_reg[15]/C
                         clock pessimism             -0.518     1.521    
    SLICE_X0Y88          FDRE (Hold_fdre_C_D)         0.105     1.626    tdm/divider/counter_reg[15]
  -------------------------------------------------------------------
                         required time                         -1.626    
                         arrival time                           1.907    
  -------------------------------------------------------------------
                         slack                                  0.281    

Slack (MET) :             0.302ns  (arrival time - required time)
  Source:                 tdm/divider/counter_reg[0]/C
                            (rising edge-triggered cell FDRE clocked by sys_clk_pin  {rise@0.000ns fall@5.000ns period=10.000ns})
  Destination:            tdm/divider/counter_reg[1]/D
                            (rising edge-triggered cell FDRE clocked by sys_clk_pin  {rise@0.000ns fall@5.000ns period=10.000ns})
  Path Group:             sys_clk_pin
  Path Type:              Hold (Min at Fast Process Corner)
  Requirement:            0.000ns  (sys_clk_pin rise@0.000ns - sys_clk_pin rise@0.000ns)
  Data Path Delay:        0.421ns  (logic 0.288ns (68.375%)  route 0.133ns (31.625%))
  Logic Levels:           1  (CARRY4=1)
  Clock Path Skew:        0.014ns (DCD - SCD - CPR)
    Destination Clock Delay (DCD):    2.037ns
    Source Clock Delay      (SCD):    1.520ns
    Clock Pessimism Removal (CPR):    0.502ns

    Location             Delay type                Incr(ns)  Path(ns)    Netlist Resource(s)
  -------------------------------------------------------------------    -------------------
                         (clock sys_clk_pin rise edge)
                                                      0.000     0.000 r  
    E3                                                0.000     0.000 r  CLK100MHZ (IN)
                         net (fo=0)                   0.000     0.000    CLK100MHZ
    E3                   IBUF (Prop_ibuf_I_O)         0.250     0.250 r  CLK100MHZ_IBUF_inst/O
                         net (fo=1, routed)           0.644     0.894    CLK100MHZ_IBUF
    BUFGCTRL_X0Y16       BUFG (Prop_bufg_I_O)         0.026     0.920 r  CLK100MHZ_IBUF_BUFG_inst/O
                         net (fo=34, routed)          0.601     1.520    tdm/divider/CLK100MHZ_IBUF_BUFG
    SLICE_X1Y87          FDRE                                         r  tdm/divider/counter_reg[0]/C
  -------------------------------------------------------------------    -------------------
    SLICE_X1Y87          FDRE (Prop_fdre_C_Q)         0.141     1.661 r  tdm/divider/counter_reg[0]/Q
                         net (fo=3, routed)           0.133     1.795    tdm/divider/counter_reg_n_0_[0]
    SLICE_X0Y85          CARRY4 (Prop_carry4_CYINIT_O[0])
                                                      0.147     1.942 r  tdm/divider/counter0_carry/O[0]
                         net (fo=1, routed)           0.000     1.942    tdm/divider/counter0_carry_n_7
    SLICE_X0Y85          FDRE                                         r  tdm/divider/counter_reg[1]/D
  -------------------------------------------------------------------    -------------------

                         (clock sys_clk_pin rise edge)
                                                      0.000     0.000 r  
    E3                                                0.000     0.000 r  CLK100MHZ (IN)
                         net (fo=0)                   0.000     0.000    CLK100MHZ
    E3                   IBUF (Prop_ibuf_I_O)         0.438     0.438 r  CLK100MHZ_IBUF_inst/O
                         net (fo=1, routed)           0.699     1.136    CLK100MHZ_IBUF
    BUFGCTRL_X0Y16       BUFG (Prop_bufg_I_O)         0.029     1.165 r  CLK100MHZ_IBUF_BUFG_inst/O
                         net (fo=34, routed)          0.872     2.037    tdm/divider/CLK100MHZ_IBUF_BUFG
    SLICE_X0Y85          FDRE                                         r  tdm/divider/counter_reg[1]/C
                         clock pessimism             -0.502     1.534    
    SLICE_X0Y85          FDRE (Hold_fdre_C_D)         0.105     1.639    tdm/divider/counter_reg[1]
  -------------------------------------------------------------------
                         required time                         -1.639    
                         arrival time                           1.942    
  -------------------------------------------------------------------
                         slack                                  0.302    

Slack (MET) :             0.313ns  (arrival time - required time)
  Source:                 clk100/counter_reg[7]/C
                            (rising edge-triggered cell FDRE clocked by sys_clk_pin  {rise@0.000ns fall@5.000ns period=10.000ns})
  Destination:            clk100/counter_reg[8]/D
                            (rising edge-triggered cell FDRE clocked by sys_clk_pin  {rise@0.000ns fall@5.000ns period=10.000ns})
  Path Group:             sys_clk_pin
  Path Type:              Hold (Min at Fast Process Corner)
  Requirement:            0.000ns  (sys_clk_pin rise@0.000ns - sys_clk_pin rise@0.000ns)
  Data Path Delay:        0.418ns  (logic 0.285ns (68.253%)  route 0.133ns (31.747%))
  Logic Levels:           1  (CARRY4=1)
  Clock Path Skew:        0.000ns (DCD - SCD - CPR)
    Destination Clock Delay (DCD):    1.999ns
    Source Clock Delay      (SCD):    1.483ns
    Clock Pessimism Removal (CPR):    0.515ns

    Location             Delay type                Incr(ns)  Path(ns)    Netlist Resource(s)
  -------------------------------------------------------------------    -------------------
                         (clock sys_clk_pin rise edge)
                                                      0.000     0.000 r  
    E3                                                0.000     0.000 r  CLK100MHZ (IN)
                         net (fo=0)                   0.000     0.000    CLK100MHZ
    E3                   IBUF (Prop_ibuf_I_O)         0.250     0.250 r  CLK100MHZ_IBUF_inst/O
                         net (fo=1, routed)           0.644     0.894    CLK100MHZ_IBUF
    BUFGCTRL_X0Y16       BUFG (Prop_bufg_I_O)         0.026     0.920 r  CLK100MHZ_IBUF_BUFG_inst/O
                         net (fo=34, routed)          0.564     1.483    clk100/CLK100MHZ_IBUF_BUFG
    SLICE_X52Y96         FDRE                                         r  clk100/counter_reg[7]/C
  -------------------------------------------------------------------    -------------------
    SLICE_X52Y96         FDRE (Prop_fdre_C_Q)         0.141     1.624 r  clk100/counter_reg[7]/Q
                         net (fo=2, routed)           0.133     1.757    clk100/counter[7]
    SLICE_X52Y96         CARRY4 (Prop_carry4_S[2]_O[3])
                                                      0.144     1.901 r  clk100/counter0_carry__0/O[3]
                         net (fo=1, routed)           0.000     1.901    clk100/data0[8]
    SLICE_X52Y96         FDRE                                         r  clk100/counter_reg[8]/D
  -------------------------------------------------------------------    -------------------

                         (clock sys_clk_pin rise edge)
                                                      0.000     0.000 r  
    E3                                                0.000     0.000 r  CLK100MHZ (IN)
                         net (fo=0)                   0.000     0.000    CLK100MHZ
    E3                   IBUF (Prop_ibuf_I_O)         0.438     0.438 r  CLK100MHZ_IBUF_inst/O
                         net (fo=1, routed)           0.699     1.136    CLK100MHZ_IBUF
    BUFGCTRL_X0Y16       BUFG (Prop_bufg_I_O)         0.029     1.165 r  CLK100MHZ_IBUF_BUFG_inst/O
                         net (fo=34, routed)          0.834     1.999    clk100/CLK100MHZ_IBUF_BUFG
    SLICE_X52Y96         FDRE                                         r  clk100/counter_reg[8]/C
                         clock pessimism             -0.515     1.483    
    SLICE_X52Y96         FDRE (Hold_fdre_C_D)         0.105     1.588    clk100/counter_reg[8]
  -------------------------------------------------------------------
                         required time                         -1.588    
                         arrival time                           1.901    
  -------------------------------------------------------------------
                         slack                                  0.313    

Slack (MET) :             0.314ns  (arrival time - required time)
  Source:                 tdm/divider/counter_reg[15]/C
                            (rising edge-triggered cell FDRE clocked by sys_clk_pin  {rise@0.000ns fall@5.000ns period=10.000ns})
  Destination:            tdm/divider/counter_reg[16]/D
                            (rising edge-triggered cell FDRE clocked by sys_clk_pin  {rise@0.000ns fall@5.000ns period=10.000ns})
  Path Group:             sys_clk_pin
  Path Type:              Hold (Min at Fast Process Corner)
  Requirement:            0.000ns  (sys_clk_pin rise@0.000ns - sys_clk_pin rise@0.000ns)
  Data Path Delay:        0.419ns  (logic 0.285ns (68.085%)  route 0.134ns (31.915%))
  Logic Levels:           1  (CARRY4=1)
  Clock Path Skew:        0.000ns (DCD - SCD - CPR)
    Destination Clock Delay (DCD):    2.040ns
    Source Clock Delay      (SCD):    1.521ns
    Clock Pessimism Removal (CPR):    0.518ns

    Location             Delay type                Incr(ns)  Path(ns)    Netlist Resource(s)
  -------------------------------------------------------------------    -------------------
                         (clock sys_clk_pin rise edge)
                                                      0.000     0.000 r  
    E3                                                0.000     0.000 r  CLK100MHZ (IN)
                         net (fo=0)                   0.000     0.000    CLK100MHZ
    E3                   IBUF (Prop_ibuf_I_O)         0.250     0.250 r  CLK100MHZ_IBUF_inst/O
                         net (fo=1, routed)           0.644     0.894    CLK100MHZ_IBUF
    BUFGCTRL_X0Y16       BUFG (Prop_bufg_I_O)         0.026     0.920 r  CLK100MHZ_IBUF_BUFG_inst/O
                         net (fo=34, routed)          0.602     1.521    tdm/divider/CLK100MHZ_IBUF_BUFG
    SLICE_X0Y88          FDRE                                         r  tdm/divider/counter_reg[15]/C
  -------------------------------------------------------------------    -------------------
    SLICE_X0Y88          FDRE (Prop_fdre_C_Q)         0.141     1.662 r  tdm/divider/counter_reg[15]/Q
                         net (fo=2, routed)           0.134     1.796    tdm/divider/counter_reg_n_0_[15]
    SLICE_X0Y88          CARRY4 (Prop_carry4_S[2]_O[3])
                                                      0.144     1.940 r  tdm/divider/counter0_carry__2/O[3]
                         net (fo=1, routed)           0.000     1.940    tdm/divider/counter0_carry__2_n_4
    SLICE_X0Y88          FDRE                                         r  tdm/divider/counter_reg[16]/D
  -------------------------------------------------------------------    -------------------

                         (clock sys_clk_pin rise edge)
                                                      0.000     0.000 r  
    E3                                                0.000     0.000 r  CLK100MHZ (IN)
                         net (fo=0)                   0.000     0.000    CLK100MHZ
    E3                   IBUF (Prop_ibuf_I_O)         0.438     0.438 r  CLK100MHZ_IBUF_inst/O
                         net (fo=1, routed)           0.699     1.136    CLK100MHZ_IBUF
    BUFGCTRL_X0Y16       BUFG (Prop_bufg_I_O)         0.029     1.165 r  CLK100MHZ_IBUF_BUFG_inst/O
                         net (fo=34, routed)          0.875     2.040    tdm/divider/CLK100MHZ_IBUF_BUFG
    SLICE_X0Y88          FDRE                                         r  tdm/divider/counter_reg[16]/C
                         clock pessimism             -0.518     1.521    
    SLICE_X0Y88          FDRE (Hold_fdre_C_D)         0.105     1.626    tdm/divider/counter_reg[16]
  -------------------------------------------------------------------
                         required time                         -1.626    
                         arrival time                           1.940    
  -------------------------------------------------------------------
                         slack                                  0.314    

Slack (MET) :             0.322ns  (arrival time - required time)
  Source:                 tdm/divider/counter_reg[0]/C
                            (rising edge-triggered cell FDRE clocked by sys_clk_pin  {rise@0.000ns fall@5.000ns period=10.000ns})
  Destination:            tdm/divider/counter_reg[3]/D
                            (rising edge-triggered cell FDRE clocked by sys_clk_pin  {rise@0.000ns fall@5.000ns period=10.000ns})
  Path Group:             sys_clk_pin
  Path Type:              Hold (Min at Fast Process Corner)
  Requirement:            0.000ns  (sys_clk_pin rise@0.000ns - sys_clk_pin rise@0.000ns)
  Data Path Delay:        0.441ns  (logic 0.308ns (69.809%)  route 0.133ns (30.191%))
  Logic Levels:           1  (CARRY4=1)
  Clock Path Skew:        0.014ns (DCD - SCD - CPR)
    Destination Clock Delay (DCD):    2.037ns
    Source Clock Delay      (SCD):    1.520ns
    Clock Pessimism Removal (CPR):    0.502ns

    Location             Delay type                Incr(ns)  Path(ns)    Netlist Resource(s)
  -------------------------------------------------------------------    -------------------
                         (clock sys_clk_pin rise edge)
                                                      0.000     0.000 r  
    E3                                                0.000     0.000 r  CLK100MHZ (IN)
                         net (fo=0)                   0.000     0.000    CLK100MHZ
    E3                   IBUF (Prop_ibuf_I_O)         0.250     0.250 r  CLK100MHZ_IBUF_inst/O
                         net (fo=1, routed)           0.644     0.894    CLK100MHZ_IBUF
    BUFGCTRL_X0Y16       BUFG (Prop_bufg_I_O)         0.026     0.920 r  CLK100MHZ_IBUF_BUFG_inst/O
                         net (fo=34, routed)          0.601     1.520    tdm/divider/CLK100MHZ_IBUF_BUFG
    SLICE_X1Y87          FDRE                                         r  tdm/divider/counter_reg[0]/C
  -------------------------------------------------------------------    -------------------
    SLICE_X1Y87          FDRE (Prop_fdre_C_Q)         0.141     1.661 r  tdm/divider/counter_reg[0]/Q
                         net (fo=3, routed)           0.133     1.795    tdm/divider/counter_reg_n_0_[0]
    SLICE_X0Y85          CARRY4 (Prop_carry4_CYINIT_O[2])
                                                      0.167     1.962 r  tdm/divider/counter0_carry/O[2]
                         net (fo=1, routed)           0.000     1.962    tdm/divider/counter0_carry_n_5
    SLICE_X0Y85          FDRE                                         r  tdm/divider/counter_reg[3]/D
  -------------------------------------------------------------------    -------------------

                         (clock sys_clk_pin rise edge)
                                                      0.000     0.000 r  
    E3                                                0.000     0.000 r  CLK100MHZ (IN)
                         net (fo=0)                   0.000     0.000    CLK100MHZ
    E3                   IBUF (Prop_ibuf_I_O)         0.438     0.438 r  CLK100MHZ_IBUF_inst/O
                         net (fo=1, routed)           0.699     1.136    CLK100MHZ_IBUF
    BUFGCTRL_X0Y16       BUFG (Prop_bufg_I_O)         0.029     1.165 r  CLK100MHZ_IBUF_BUFG_inst/O
                         net (fo=34, routed)          0.872     2.037    tdm/divider/CLK100MHZ_IBUF_BUFG
    SLICE_X0Y85          FDRE                                         r  tdm/divider/counter_reg[3]/C
                         clock pessimism             -0.502     1.534    
    SLICE_X0Y85          FDRE (Hold_fdre_C_D)         0.105     1.639    tdm/divider/counter_reg[3]
  -------------------------------------------------------------------
                         required time                         -1.639    
                         arrival time                           1.962    
  -------------------------------------------------------------------
                         slack                                  0.322    

Slack (MET) :             0.326ns  (arrival time - required time)
  Source:                 tdm/divider/clk_out_reg/C
                            (rising edge-triggered cell FDRE clocked by sys_clk_pin  {rise@0.000ns fall@5.000ns period=10.000ns})
  Destination:            tdm/divider/clk_out_reg/D
                            (rising edge-triggered cell FDRE clocked by sys_clk_pin  {rise@0.000ns fall@5.000ns period=10.000ns})
  Path Group:             sys_clk_pin
  Path Type:              Hold (Min at Fast Process Corner)
  Requirement:            0.000ns  (sys_clk_pin rise@0.000ns - sys_clk_pin rise@0.000ns)
  Data Path Delay:        0.418ns  (logic 0.186ns (44.472%)  route 0.232ns (55.528%))
  Logic Levels:           1  (LUT5=1)
  Clock Path Skew:        0.000ns (DCD - SCD - CPR)
    Destination Clock Delay (DCD):    2.037ns
    Source Clock Delay      (SCD):    1.519ns
    Clock Pessimism Removal (CPR):    0.517ns

    Location             Delay type                Incr(ns)  Path(ns)    Netlist Resource(s)
  -------------------------------------------------------------------    -------------------
                         (clock sys_clk_pin rise edge)
                                                      0.000     0.000 r  
    E3                                                0.000     0.000 r  CLK100MHZ (IN)
                         net (fo=0)                   0.000     0.000    CLK100MHZ
    E3                   IBUF (Prop_ibuf_I_O)         0.250     0.250 r  CLK100MHZ_IBUF_inst/O
                         net (fo=1, routed)           0.644     0.894    CLK100MHZ_IBUF
    BUFGCTRL_X0Y16       BUFG (Prop_bufg_I_O)         0.026     0.920 r  CLK100MHZ_IBUF_BUFG_inst/O
                         net (fo=34, routed)          0.600     1.519    tdm/divider/CLK100MHZ_IBUF_BUFG
    SLICE_X1Y86          FDRE                                         r  tdm/divider/clk_out_reg/C
  -------------------------------------------------------------------    -------------------
    SLICE_X1Y86          FDRE (Prop_fdre_C_Q)         0.141     1.660 r  tdm/divider/clk_out_reg/Q
                         net (fo=4, routed)           0.232     1.893    tdm/divider/clk_out_reg_0
    SLICE_X1Y86          LUT5 (Prop_lut5_I4_O)        0.045     1.938 r  tdm/divider/clk_out_i_1__0/O
                         net (fo=1, routed)           0.000     1.938    tdm/divider/clk_out_i_1__0_n_0
    SLICE_X1Y86          FDRE                                         r  tdm/divider/clk_out_reg/D
  -------------------------------------------------------------------    -------------------

                         (clock sys_clk_pin rise edge)
                                                      0.000     0.000 r  
    E3                                                0.000     0.000 r  CLK100MHZ (IN)
                         net (fo=0)                   0.000     0.000    CLK100MHZ
    E3                   IBUF (Prop_ibuf_I_O)         0.438     0.438 r  CLK100MHZ_IBUF_inst/O
                         net (fo=1, routed)           0.699     1.136    CLK100MHZ_IBUF
    BUFGCTRL_X0Y16       BUFG (Prop_bufg_I_O)         0.029     1.165 r  CLK100MHZ_IBUF_BUFG_inst/O
                         net (fo=34, routed)          0.872     2.037    tdm/divider/CLK100MHZ_IBUF_BUFG
    SLICE_X1Y86          FDRE                                         r  tdm/divider/clk_out_reg/C
                         clock pessimism             -0.517     1.519    
    SLICE_X1Y86          FDRE (Hold_fdre_C_D)         0.092     1.611    tdm/divider/clk_out_reg
  -------------------------------------------------------------------
                         required time                         -1.611    
                         arrival time                           1.938    
  -------------------------------------------------------------------
                         slack                                  0.326    

Slack (MET) :             0.330ns  (arrival time - required time)
  Source:                 tdm/divider/counter_reg[0]/C
                            (rising edge-triggered cell FDRE clocked by sys_clk_pin  {rise@0.000ns fall@5.000ns period=10.000ns})
  Destination:            tdm/divider/counter_reg[2]/D
                            (rising edge-triggered cell FDRE clocked by sys_clk_pin  {rise@0.000ns fall@5.000ns period=10.000ns})
  Path Group:             sys_clk_pin
  Path Type:              Hold (Min at Fast Process Corner)
  Requirement:            0.000ns  (sys_clk_pin rise@0.000ns - sys_clk_pin rise@0.000ns)
  Data Path Delay:        0.449ns  (logic 0.316ns (70.346%)  route 0.133ns (29.654%))
  Logic Levels:           1  (CARRY4=1)
  Clock Path Skew:        0.014ns (DCD - SCD - CPR)
    Destination Clock Delay (DCD):    2.037ns
    Source Clock Delay      (SCD):    1.520ns
    Clock Pessimism Removal (CPR):    0.502ns

    Location             Delay type                Incr(ns)  Path(ns)    Netlist Resource(s)
  -------------------------------------------------------------------    -------------------
                         (clock sys_clk_pin rise edge)
                                                      0.000     0.000 r  
    E3                                                0.000     0.000 r  CLK100MHZ (IN)
                         net (fo=0)                   0.000     0.000    CLK100MHZ
    E3                   IBUF (Prop_ibuf_I_O)         0.250     0.250 r  CLK100MHZ_IBUF_inst/O
                         net (fo=1, routed)           0.644     0.894    CLK100MHZ_IBUF
    BUFGCTRL_X0Y16       BUFG (Prop_bufg_I_O)         0.026     0.920 r  CLK100MHZ_IBUF_BUFG_inst/O
                         net (fo=34, routed)          0.601     1.520    tdm/divider/CLK100MHZ_IBUF_BUFG
    SLICE_X1Y87          FDRE                                         r  tdm/divider/counter_reg[0]/C
  -------------------------------------------------------------------    -------------------
    SLICE_X1Y87          FDRE (Prop_fdre_C_Q)         0.141     1.661 r  tdm/divider/counter_reg[0]/Q
                         net (fo=3, routed)           0.133     1.795    tdm/divider/counter_reg_n_0_[0]
    SLICE_X0Y85          CARRY4 (Prop_carry4_CYINIT_O[1])
                                                      0.175     1.970 r  tdm/divider/counter0_carry/O[1]
                         net (fo=1, routed)           0.000     1.970    tdm/divider/counter0_carry_n_6
    SLICE_X0Y85          FDRE                                         r  tdm/divider/counter_reg[2]/D
  -------------------------------------------------------------------    -------------------

                         (clock sys_clk_pin rise edge)
                                                      0.000     0.000 r  
    E3                                                0.000     0.000 r  CLK100MHZ (IN)
                         net (fo=0)                   0.000     0.000    CLK100MHZ
    E3                   IBUF (Prop_ibuf_I_O)         0.438     0.438 r  CLK100MHZ_IBUF_inst/O
                         net (fo=1, routed)           0.699     1.136    CLK100MHZ_IBUF
    BUFGCTRL_X0Y16       BUFG (Prop_bufg_I_O)         0.029     1.165 r  CLK100MHZ_IBUF_BUFG_inst/O
                         net (fo=34, routed)          0.872     2.037    tdm/divider/CLK100MHZ_IBUF_BUFG
    SLICE_X0Y85          FDRE                                         r  tdm/divider/counter_reg[2]/C
                         clock pessimism             -0.502     1.534    
    SLICE_X0Y85          FDRE (Hold_fdre_C_D)         0.105     1.639    tdm/divider/counter_reg[2]
  -------------------------------------------------------------------
                         required time                         -1.639    
                         arrival time                           1.970    
  -------------------------------------------------------------------
                         slack                                  0.330    





Pulse Width Checks
--------------------------------------------------------------------------------------
Clock Name:         sys_clk_pin
Waveform(ns):       { 0.000 5.000 }
Period(ns):         10.000
Sources:            { CLK100MHZ }

Check Type        Corner  Lib Pin  Reference Pin  Required(ns)  Actual(ns)  Slack(ns)  Location        Pin
Min Period        n/a     BUFG/I   n/a            2.155         10.000      7.845      BUFGCTRL_X0Y16  CLK100MHZ_IBUF_BUFG_inst/I
Min Period        n/a     FDRE/C   n/a            1.000         10.000      9.000      SLICE_X53Y97    clk100/clk_out_reg/C
Min Period        n/a     FDRE/C   n/a            1.000         10.000      9.000      SLICE_X53Y97    clk100/counter_reg[0]/C
Min Period        n/a     FDRE/C   n/a            1.000         10.000      9.000      SLICE_X52Y97    clk100/counter_reg[10]/C
Min Period        n/a     FDRE/C   n/a            1.000         10.000      9.000      SLICE_X52Y97    clk100/counter_reg[11]/C
Min Period        n/a     FDRE/C   n/a            1.000         10.000      9.000      SLICE_X52Y97    clk100/counter_reg[12]/C
Min Period        n/a     FDRE/C   n/a            1.000         10.000      9.000      SLICE_X52Y98    clk100/counter_reg[13]/C
Min Period        n/a     FDRE/C   n/a            1.000         10.000      9.000      SLICE_X52Y98    clk100/counter_reg[14]/C
Min Period        n/a     FDRE/C   n/a            1.000         10.000      9.000      SLICE_X52Y95    clk100/counter_reg[1]/C
Min Period        n/a     FDRE/C   n/a            1.000         10.000      9.000      SLICE_X52Y95    clk100/counter_reg[2]/C
Low Pulse Width   Slow    FDRE/C   n/a            0.500         5.000       4.500      SLICE_X52Y95    clk100/counter_reg[1]/C
Low Pulse Width   Slow    FDRE/C   n/a            0.500         5.000       4.500      SLICE_X52Y95    clk100/counter_reg[2]/C
Low Pulse Width   Slow    FDRE/C   n/a            0.500         5.000       4.500      SLICE_X52Y95    clk100/counter_reg[3]/C
Low Pulse Width   Slow    FDRE/C   n/a            0.500         5.000       4.500      SLICE_X52Y95    clk100/counter_reg[4]/C
Low Pulse Width   Slow    FDRE/C   n/a            0.500         5.000       4.500      SLICE_X52Y96    clk100/counter_reg[5]/C
Low Pulse Width   Slow    FDRE/C   n/a            0.500         5.000       4.500      SLICE_X52Y96    clk100/counter_reg[6]/C
Low Pulse Width   Slow    FDRE/C   n/a            0.500         5.000       4.500      SLICE_X52Y96    clk100/counter_reg[7]/C
Low Pulse Width   Slow    FDRE/C   n/a            0.500         5.000       4.500      SLICE_X52Y96    clk100/counter_reg[8]/C
Low Pulse Width   Fast    FDRE/C   n/a            0.500         5.000       4.500      SLICE_X53Y97    clk100/clk_out_reg/C
Low Pulse Width   Fast    FDRE/C   n/a            0.500         5.000       4.500      SLICE_X53Y97    clk100/counter_reg[0]/C
High Pulse Width  Fast    FDRE/C   n/a            0.500         5.000       4.500      SLICE_X53Y97    clk100/clk_out_reg/C
High Pulse Width  Fast    FDRE/C   n/a            0.500         5.000       4.500      SLICE_X53Y97    clk100/counter_reg[0]/C
High Pulse Width  Fast    FDRE/C   n/a            0.500         5.000       4.500      SLICE_X52Y97    clk100/counter_reg[10]/C
High Pulse Width  Fast    FDRE/C   n/a            0.500         5.000       4.500      SLICE_X52Y97    clk100/counter_reg[11]/C
High Pulse Width  Fast    FDRE/C   n/a            0.500         5.000       4.500      SLICE_X52Y97    clk100/counter_reg[12]/C
High Pulse Width  Fast    FDRE/C   n/a            0.500         5.000       4.500      SLICE_X52Y98    clk100/counter_reg[13]/C
High Pulse Width  Fast    FDRE/C   n/a            0.500         5.000       4.500      SLICE_X52Y98    clk100/counter_reg[14]/C
High Pulse Width  Slow    FDRE/C   n/a            0.500         5.000       4.500      SLICE_X52Y95    clk100/counter_reg[1]/C
High Pulse Width  Fast    FDRE/C   n/a            0.500         5.000       4.500      SLICE_X52Y95    clk100/counter_reg[1]/C
High Pulse Width  Slow    FDRE/C   n/a            0.500         5.000       4.500      SLICE_X52Y95    clk100/counter_reg[2]/C



