#-----------------------------------------------------------
# Vivado v2018.3 (64-bit)
# SW Build 2405991 on Thu Dec  6 23:38:27 MST 2018
# IP Build 2404404 on Fri Dec  7 01:43:56 MST 2018
# Start of session at: Fri Jul 26 18:34:08 2019
# Process ID: 1188
# Current directory: C:/Users/na-tt/Documents/ELO212/project_6.2.5
# Command line: vivado.exe -gui_launcher_event rodinguilauncherevent1244 C:\Users\na-tt\Documents\ELO212\project_6.2.5\project_6.2.5.xpr
# Log file: C:/Users/na-tt/Documents/ELO212/project_6.2.5/vivado.log
# Journal file: C:/Users/na-tt/Documents/ELO212/project_6.2.5\vivado.jou
#-----------------------------------------------------------
start_gui
open_project C:/Users/na-tt/Documents/ELO212/project_6.2.5/project_6.2.5.xpr
Scanning sources...
Finished scanning sources
INFO: [IP_Flow 19-234] Refreshing IP repositories
INFO: [IP_Flow 19-1704] No user IP repositories specified
INFO: [IP_Flow 19-2313] Loaded Vivado IP repository 'C:/Xilinx/Vivado/2018.3/data/ip'.
open_project: Time (s): cpu = 00:00:27 ; elapsed = 00:00:12 . Memory (MB): peak = 708.715 ; gain = 99.984
update_compile_order -fileset sources_1
exit
INFO: [Common 17-206] Exiting Vivado at Fri Jul 26 18:35:17 2019...
