
*** Running vivado
    with args -log display_basic_calc.vds -m64 -product Vivado -mode batch -messageDb vivado.pb -notrace -source display_basic_calc.tcl


****** Vivado v2018.3 (64-bit)
  **** SW Build 2405991 on Thu Dec  6 23:38:27 MST 2018
  **** IP Build 2404404 on Fri Dec  7 01:43:56 MST 2018
    ** Copyright 1986-2018 Xilinx, Inc. All Rights Reserved.

source display_basic_calc.tcl -notrace
Command: synth_design -top display_basic_calc -part xc7a100tcsg324-1
Starting synth_design
Attempting to get a license for feature 'Synthesis' and/or device 'xc7a100t'
INFO: [Common 17-349] Got license for feature 'Synthesis' and/or device 'xc7a100t'
INFO: Launching helper process for spawning children vivado processes
INFO: Helper process launched with PID 1568 
---------------------------------------------------------------------------------
Starting RTL Elaboration : Time (s): cpu = 00:00:02 ; elapsed = 00:00:03 . Memory (MB): peak = 361.891 ; gain = 101.148
---------------------------------------------------------------------------------
INFO: [Synth 8-6157] synthesizing module 'display_basic_calc' [C:/Users/Natt/Documents/GitHub/ELO212/project_6.2.5/project_6.2.5.srcs/sources_1/new/display_basic_calc.sv:3]
INFO: [Synth 8-6157] synthesizing module 'clock_divider' [C:/Users/Natt/Documents/GitHub/ELO212/Sources/clock_divider.sv:3]
	Parameter COUNTER_MAX bound to: 5000 - type: integer 
	Parameter DELAY_WIDTH bound to: 13 - type: integer 
INFO: [Synth 8-6155] done synthesizing module 'clock_divider' (1#1) [C:/Users/Natt/Documents/GitHub/ELO212/Sources/clock_divider.sv:3]
INFO: [Synth 8-6157] synthesizing module 'PB_Debouncer_counter' [C:/Users/Natt/Documents/GitHub/ELO212/Sources/debouncer_counter.sv:1]
	Parameter DELAY bound to: 15 - type: integer 
	Parameter DELAY_WIDTH bound to: 4 - type: integer 
INFO: [Synth 8-6155] done synthesizing module 'PB_Debouncer_counter' (2#1) [C:/Users/Natt/Documents/GitHub/ELO212/Sources/debouncer_counter.sv:1]
INFO: [Synth 8-6157] synthesizing module 'basic_calc' [C:/Users/Natt/Documents/GitHub/ELO212/project_6.2.5/project_6.2.5.srcs/sources_1/new/basic_calc.sv:3]
	Parameter n bound to: 16 - type: integer 
INFO: [Synth 8-6157] synthesizing module 'calc_control_FSM' [C:/Users/Natt/Documents/GitHub/ELO212/project_6.2.5/project_6.2.5.srcs/sources_1/new/calc_control_FSM.sv:3]
	Parameter n bound to: 16 - type: integer 
INFO: [Synth 8-6155] done synthesizing module 'calc_control_FSM' (3#1) [C:/Users/Natt/Documents/GitHub/ELO212/project_6.2.5/project_6.2.5.srcs/sources_1/new/calc_control_FSM.sv:3]
INFO: [Synth 8-6157] synthesizing module 'reg_bank' [C:/Users/Natt/Documents/GitHub/ELO212/Sources/reg_bank.sv:3]
	Parameter n bound to: 16 - type: integer 
INFO: [Synth 8-6155] done synthesizing module 'reg_bank' (4#1) [C:/Users/Natt/Documents/GitHub/ELO212/Sources/reg_bank.sv:3]
INFO: [Synth 8-6157] synthesizing module 'reg_bank__parameterized0' [C:/Users/Natt/Documents/GitHub/ELO212/Sources/reg_bank.sv:3]
	Parameter n bound to: 2 - type: integer 
INFO: [Synth 8-6155] done synthesizing module 'reg_bank__parameterized0' (4#1) [C:/Users/Natt/Documents/GitHub/ELO212/Sources/reg_bank.sv:3]
INFO: [Synth 8-6157] synthesizing module 'ALU' [C:/Users/Natt/Documents/GitHub/ELO212/Sources/ALU.sv:3]
	Parameter n bound to: 16 - type: integer 
INFO: [Synth 8-6155] done synthesizing module 'ALU' (5#1) [C:/Users/Natt/Documents/GitHub/ELO212/Sources/ALU.sv:3]
INFO: [Synth 8-6155] done synthesizing module 'basic_calc' (6#1) [C:/Users/Natt/Documents/GitHub/ELO212/project_6.2.5/project_6.2.5.srcs/sources_1/new/basic_calc.sv:3]
INFO: [Synth 8-6157] synthesizing module 'BCD_to_sevenSeg' [C:/Users/Natt/Documents/GitHub/ELO212/Sources/BCD_to_7seg.sv:3]
INFO: [Synth 8-226] default block is never used [C:/Users/Natt/Documents/GitHub/ELO212/Sources/BCD_to_7seg.sv:9]
INFO: [Synth 8-6155] done synthesizing module 'BCD_to_sevenSeg' (7#1) [C:/Users/Natt/Documents/GitHub/ELO212/Sources/BCD_to_7seg.sv:3]
INFO: [Synth 8-6157] synthesizing module 'TDM' [C:/Users/Natt/Documents/GitHub/ELO212/Sources/TDM.sv:3]
INFO: [Synth 8-6157] synthesizing module 'clock_divider__parameterized0' [C:/Users/Natt/Documents/GitHub/ELO212/Sources/clock_divider.sv:3]
	Parameter COUNTER_MAX bound to: 100000 - type: integer 
	Parameter DELAY_WIDTH bound to: 17 - type: integer 
INFO: [Synth 8-6155] done synthesizing module 'clock_divider__parameterized0' (7#1) [C:/Users/Natt/Documents/GitHub/ELO212/Sources/clock_divider.sv:3]
INFO: [Synth 8-6157] synthesizing module 'nbit_counter' [C:/Users/Natt/Documents/GitHub/ELO212/Sources/nbit_counter.sv:3]
	Parameter n bound to: 3 - type: integer 
INFO: [Synth 8-6155] done synthesizing module 'nbit_counter' (8#1) [C:/Users/Natt/Documents/GitHub/ELO212/Sources/nbit_counter.sv:3]
INFO: [Synth 8-6157] synthesizing module 'digit_selector' [C:/Users/Natt/Documents/GitHub/ELO212/Sources/digit_selector.sv:3]
INFO: [Synth 8-226] default block is never used [C:/Users/Natt/Documents/GitHub/ELO212/Sources/digit_selector.sv:18]
INFO: [Synth 8-226] default block is never used [C:/Users/Natt/Documents/GitHub/ELO212/Sources/digit_selector.sv:29]
INFO: [Synth 8-6155] done synthesizing module 'digit_selector' (9#1) [C:/Users/Natt/Documents/GitHub/ELO212/Sources/digit_selector.sv:3]
INFO: [Synth 8-6155] done synthesizing module 'TDM' (10#1) [C:/Users/Natt/Documents/GitHub/ELO212/Sources/TDM.sv:3]
INFO: [Synth 8-6155] done synthesizing module 'display_basic_calc' (11#1) [C:/Users/Natt/Documents/GitHub/ELO212/project_6.2.5/project_6.2.5.srcs/sources_1/new/display_basic_calc.sv:3]
WARNING: [Synth 8-3917] design display_basic_calc has port DP driven by constant 1
---------------------------------------------------------------------------------
Finished RTL Elaboration : Time (s): cpu = 00:00:03 ; elapsed = 00:00:04 . Memory (MB): peak = 418.352 ; gain = 157.609
---------------------------------------------------------------------------------

Report Check Netlist: 
+------+------------------+-------+---------+-------+------------------+
|      |Item              |Errors |Warnings |Status |Description       |
+------+------------------+-------+---------+-------+------------------+
|1     |multi_driven_nets |      0|        0|Passed |Multi driven nets |
+------+------------------+-------+---------+-------+------------------+
---------------------------------------------------------------------------------
Start Handling Custom Attributes
---------------------------------------------------------------------------------
---------------------------------------------------------------------------------
Finished Handling Custom Attributes : Time (s): cpu = 00:00:03 ; elapsed = 00:00:04 . Memory (MB): peak = 418.352 ; gain = 157.609
---------------------------------------------------------------------------------
---------------------------------------------------------------------------------
Finished RTL Optimization Phase 1 : Time (s): cpu = 00:00:03 ; elapsed = 00:00:04 . Memory (MB): peak = 418.352 ; gain = 157.609
---------------------------------------------------------------------------------
INFO: [Device 21-403] Loading part xc7a100tcsg324-1
INFO: [Project 1-570] Preparing netlist for logic optimization

Processing XDC Constraints
Initializing timing engine
Parsing XDC File [C:/Users/Natt/Documents/GitHub/ELO212/project_6.2.5/project_6.2.5.srcs/constrs_1/new/constrs.6.2.5.xdc]
Finished Parsing XDC File [C:/Users/Natt/Documents/GitHub/ELO212/project_6.2.5/project_6.2.5.srcs/constrs_1/new/constrs.6.2.5.xdc]
INFO: [Project 1-236] Implementation specific constraints were found while reading constraint file [C:/Users/Natt/Documents/GitHub/ELO212/project_6.2.5/project_6.2.5.srcs/constrs_1/new/constrs.6.2.5.xdc]. These constraints will be ignored for synthesis but will be used in implementation. Impacted constraints are listed in the file [.Xil/display_basic_calc_propImpl.xdc].
Resolution: To avoid this warning, move constraints listed in [.Xil/display_basic_calc_propImpl.xdc] to another XDC file and exclude this new file from synthesis with the used_in_synthesis property (File Properties dialog in GUI) and re-run elaboration/synthesis.
Netlist sorting complete. Time (s): cpu = 00:00:00 ; elapsed = 00:00:00 . Memory (MB): peak = 768.715 ; gain = 0.000
Completed Processing XDC Constraints

Netlist sorting complete. Time (s): cpu = 00:00:00 ; elapsed = 00:00:00 . Memory (MB): peak = 768.723 ; gain = 0.000
INFO: [Project 1-111] Unisim Transformation Summary:
No Unisim elements were transformed.

Netlist sorting complete. Time (s): cpu = 00:00:00 ; elapsed = 00:00:00 . Memory (MB): peak = 768.723 ; gain = 0.000
Constraint Validation Runtime : Time (s): cpu = 00:00:00 ; elapsed = 00:00:00.004 . Memory (MB): peak = 768.723 ; gain = 0.000
---------------------------------------------------------------------------------
Finished Constraint Validation : Time (s): cpu = 00:00:11 ; elapsed = 00:00:14 . Memory (MB): peak = 768.723 ; gain = 507.980
---------------------------------------------------------------------------------
---------------------------------------------------------------------------------
Start Loading Part and Timing Information
---------------------------------------------------------------------------------
Loading part: xc7a100tcsg324-1
---------------------------------------------------------------------------------
Finished Loading Part and Timing Information : Time (s): cpu = 00:00:11 ; elapsed = 00:00:14 . Memory (MB): peak = 768.723 ; gain = 507.980
---------------------------------------------------------------------------------
---------------------------------------------------------------------------------
Start Applying 'set_property' XDC Constraints
---------------------------------------------------------------------------------
---------------------------------------------------------------------------------
Finished applying 'set_property' XDC Constraints : Time (s): cpu = 00:00:11 ; elapsed = 00:00:14 . Memory (MB): peak = 768.723 ; gain = 507.980
---------------------------------------------------------------------------------
INFO: [Synth 8-5546] ROM "clk_out" won't be mapped to RAM because it is too sparse
INFO: [Synth 8-802] inferred FSM for state register 'state_reg' in module 'calc_control_FSM'
INFO: [Synth 8-5544] ROM "enO" won't be mapped to Block RAM because address size (2) smaller than threshold (5)
INFO: [Synth 8-5544] ROM "enB" won't be mapped to Block RAM because address size (2) smaller than threshold (5)
INFO: [Synth 8-5544] ROM "enA" won't be mapped to Block RAM because address size (2) smaller than threshold (5)
INFO: [Synth 8-5544] ROM "show" won't be mapped to Block RAM because address size (2) smaller than threshold (5)
INFO: [Synth 8-5544] ROM "next_state" won't be mapped to Block RAM because address size (1) smaller than threshold (5)
INFO: [Synth 8-5544] ROM "next_state" won't be mapped to Block RAM because address size (1) smaller than threshold (5)
INFO: [Synth 8-5544] ROM "next_state" won't be mapped to Block RAM because address size (1) smaller than threshold (5)
INFO: [Synth 8-5544] ROM "status" won't be mapped to Block RAM because address size (4) smaller than threshold (5)
INFO: [Synth 8-5546] ROM "clk_out" won't be mapped to RAM because it is too sparse
---------------------------------------------------------------------------------------------------
                   State |                     New Encoding |                Previous Encoding 
---------------------------------------------------------------------------------------------------
                Wait_OP1 |                             0001 |                               00
                Wait_OP2 |                             0010 |                               01
          Wait_operation |                             0100 |                               10
             Show_result |                             1000 |                               11
---------------------------------------------------------------------------------------------------
INFO: [Synth 8-3354] encoded FSM with state register 'state_reg' using encoding 'one-hot' in module 'calc_control_FSM'
---------------------------------------------------------------------------------
Finished RTL Optimization Phase 2 : Time (s): cpu = 00:00:11 ; elapsed = 00:00:14 . Memory (MB): peak = 768.723 ; gain = 507.980
---------------------------------------------------------------------------------

Report RTL Partitions: 
+-+--------------+------------+----------+
| |RTL Partition |Replication |Instances |
+-+--------------+------------+----------+
+-+--------------+------------+----------+
---------------------------------------------------------------------------------
Start RTL Component Statistics 
---------------------------------------------------------------------------------
Detailed RTL Component Info : 
+---Adders : 
	   2 Input     17 Bit       Adders := 1     
	   2 Input     16 Bit       Adders := 1     
	   3 Input     16 Bit       Adders := 1     
	   2 Input     13 Bit       Adders := 1     
	   2 Input      4 Bit       Adders := 2     
	   2 Input      3 Bit       Adders := 1     
+---Registers : 
	               17 Bit    Registers := 1     
	               16 Bit    Registers := 2     
	               13 Bit    Registers := 1     
	                4 Bit    Registers := 2     
	                3 Bit    Registers := 1     
	                2 Bit    Registers := 1     
	                1 Bit    Registers := 8     
+---Muxes : 
	   2 Input     17 Bit        Muxes := 1     
	   2 Input     13 Bit        Muxes := 1     
	   8 Input      8 Bit        Muxes := 1     
	   2 Input      7 Bit        Muxes := 4     
	   4 Input      4 Bit        Muxes := 1     
	   2 Input      4 Bit        Muxes := 4     
	   5 Input      4 Bit        Muxes := 1     
	   4 Input      2 Bit        Muxes := 1     
	   2 Input      1 Bit        Muxes := 2     
---------------------------------------------------------------------------------
Finished RTL Component Statistics 
---------------------------------------------------------------------------------
---------------------------------------------------------------------------------
Start RTL Hierarchical Component Statistics 
---------------------------------------------------------------------------------
Hierarchical RTL Component report 
Module display_basic_calc 
Detailed RTL Component Info : 
+---Muxes : 
	   2 Input      7 Bit        Muxes := 4     
Module clock_divider 
Detailed RTL Component Info : 
+---Adders : 
	   2 Input     13 Bit       Adders := 1     
+---Registers : 
	               13 Bit    Registers := 1     
	                1 Bit    Registers := 1     
+---Muxes : 
	   2 Input     13 Bit        Muxes := 1     
	   2 Input      1 Bit        Muxes := 1     
Module PB_Debouncer_counter 
Detailed RTL Component Info : 
+---Adders : 
	   2 Input      4 Bit       Adders := 1     
+---Registers : 
	                4 Bit    Registers := 1     
	                1 Bit    Registers := 3     
Module calc_control_FSM 
Detailed RTL Component Info : 
+---Muxes : 
	   4 Input      4 Bit        Muxes := 1     
	   2 Input      4 Bit        Muxes := 4     
	   4 Input      2 Bit        Muxes := 1     
Module reg_bank 
Detailed RTL Component Info : 
+---Registers : 
	               16 Bit    Registers := 1     
Module reg_bank__parameterized0 
Detailed RTL Component Info : 
+---Registers : 
	                2 Bit    Registers := 1     
Module ALU 
Detailed RTL Component Info : 
+---Adders : 
	   2 Input     16 Bit       Adders := 1     
	   3 Input     16 Bit       Adders := 1     
+---Muxes : 
	   5 Input      4 Bit        Muxes := 1     
Module clock_divider__parameterized0 
Detailed RTL Component Info : 
+---Adders : 
	   2 Input     17 Bit       Adders := 1     
+---Registers : 
	               17 Bit    Registers := 1     
	                1 Bit    Registers := 1     
+---Muxes : 
	   2 Input     17 Bit        Muxes := 1     
	   2 Input      1 Bit        Muxes := 1     
Module nbit_counter 
Detailed RTL Component Info : 
+---Adders : 
	   2 Input      3 Bit       Adders := 1     
+---Registers : 
	                3 Bit    Registers := 1     
Module digit_selector 
Detailed RTL Component Info : 
+---Muxes : 
	   8 Input      8 Bit        Muxes := 1     
---------------------------------------------------------------------------------
Finished RTL Hierarchical Component Statistics
---------------------------------------------------------------------------------
---------------------------------------------------------------------------------
Start Part Resource Summary
---------------------------------------------------------------------------------
Part Resources:
DSPs: 240 (col length:80)
BRAMs: 270 (col length: RAMB18 80 RAMB36 40)
---------------------------------------------------------------------------------
Finished Part Resource Summary
---------------------------------------------------------------------------------
---------------------------------------------------------------------------------
Start Cross Boundary and Area Optimization
---------------------------------------------------------------------------------
Warning: Parallel synthesis criteria is not met 
INFO: [Synth 8-5546] ROM "clk10k/clk_out" won't be mapped to RAM because it is too sparse
INFO: [Synth 8-5546] ROM "tdm/divider/clk_out" won't be mapped to RAM because it is too sparse
WARNING: [Synth 8-3917] design display_basic_calc has port DP driven by constant 1
---------------------------------------------------------------------------------
Finished Cross Boundary and Area Optimization : Time (s): cpu = 00:00:14 ; elapsed = 00:00:17 . Memory (MB): peak = 768.723 ; gain = 507.980
---------------------------------------------------------------------------------

Report RTL Partitions: 
+-+--------------+------------+----------+
| |RTL Partition |Replication |Instances |
+-+--------------+------------+----------+
+-+--------------+------------+----------+
---------------------------------------------------------------------------------
Start Applying XDC Timing Constraints
---------------------------------------------------------------------------------
---------------------------------------------------------------------------------
Finished Applying XDC Timing Constraints : Time (s): cpu = 00:00:22 ; elapsed = 00:00:25 . Memory (MB): peak = 768.723 ; gain = 507.980
---------------------------------------------------------------------------------
---------------------------------------------------------------------------------
Start Timing Optimization
---------------------------------------------------------------------------------
---------------------------------------------------------------------------------
Finished Timing Optimization : Time (s): cpu = 00:00:22 ; elapsed = 00:00:25 . Memory (MB): peak = 778.664 ; gain = 517.922
---------------------------------------------------------------------------------

Report RTL Partitions: 
+-+--------------+------------+----------+
| |RTL Partition |Replication |Instances |
+-+--------------+------------+----------+
+-+--------------+------------+----------+
---------------------------------------------------------------------------------
Start Technology Mapping
---------------------------------------------------------------------------------
---------------------------------------------------------------------------------
Finished Technology Mapping : Time (s): cpu = 00:00:22 ; elapsed = 00:00:26 . Memory (MB): peak = 778.664 ; gain = 517.922
---------------------------------------------------------------------------------

Report RTL Partitions: 
+-+--------------+------------+----------+
| |RTL Partition |Replication |Instances |
+-+--------------+------------+----------+
+-+--------------+------------+----------+
---------------------------------------------------------------------------------
Start IO Insertion
---------------------------------------------------------------------------------
---------------------------------------------------------------------------------
Start Flattening Before IO Insertion
---------------------------------------------------------------------------------
---------------------------------------------------------------------------------
Finished Flattening Before IO Insertion
---------------------------------------------------------------------------------
---------------------------------------------------------------------------------
Start Final Netlist Cleanup
---------------------------------------------------------------------------------
---------------------------------------------------------------------------------
Finished Final Netlist Cleanup
---------------------------------------------------------------------------------
---------------------------------------------------------------------------------
Finished IO Insertion : Time (s): cpu = 00:00:23 ; elapsed = 00:00:27 . Memory (MB): peak = 778.664 ; gain = 517.922
---------------------------------------------------------------------------------

Report Check Netlist: 
+------+------------------+-------+---------+-------+------------------+
|      |Item              |Errors |Warnings |Status |Description       |
+------+------------------+-------+---------+-------+------------------+
|1     |multi_driven_nets |      0|        0|Passed |Multi driven nets |
+------+------------------+-------+---------+-------+------------------+
---------------------------------------------------------------------------------
Start Renaming Generated Instances
---------------------------------------------------------------------------------
---------------------------------------------------------------------------------
Finished Renaming Generated Instances : Time (s): cpu = 00:00:23 ; elapsed = 00:00:27 . Memory (MB): peak = 778.664 ; gain = 517.922
---------------------------------------------------------------------------------

Report RTL Partitions: 
+-+--------------+------------+----------+
| |RTL Partition |Replication |Instances |
+-+--------------+------------+----------+
+-+--------------+------------+----------+
---------------------------------------------------------------------------------
Start Rebuilding User Hierarchy
---------------------------------------------------------------------------------
---------------------------------------------------------------------------------
Finished Rebuilding User Hierarchy : Time (s): cpu = 00:00:23 ; elapsed = 00:00:27 . Memory (MB): peak = 778.664 ; gain = 517.922
---------------------------------------------------------------------------------
---------------------------------------------------------------------------------
Start Renaming Generated Ports
---------------------------------------------------------------------------------
---------------------------------------------------------------------------------
Finished Renaming Generated Ports : Time (s): cpu = 00:00:23 ; elapsed = 00:00:27 . Memory (MB): peak = 778.664 ; gain = 517.922
---------------------------------------------------------------------------------
---------------------------------------------------------------------------------
Start Handling Custom Attributes
---------------------------------------------------------------------------------
---------------------------------------------------------------------------------
Finished Handling Custom Attributes : Time (s): cpu = 00:00:23 ; elapsed = 00:00:27 . Memory (MB): peak = 778.664 ; gain = 517.922
---------------------------------------------------------------------------------
---------------------------------------------------------------------------------
Start Renaming Generated Nets
---------------------------------------------------------------------------------
---------------------------------------------------------------------------------
Finished Renaming Generated Nets : Time (s): cpu = 00:00:23 ; elapsed = 00:00:27 . Memory (MB): peak = 778.664 ; gain = 517.922
---------------------------------------------------------------------------------
---------------------------------------------------------------------------------
Start Writing Synthesis Report
---------------------------------------------------------------------------------

Report BlackBoxes: 
+-+--------------+----------+
| |BlackBox name |Instances |
+-+--------------+----------+
+-+--------------+----------+

Report Cell Usage: 
+------+-------+------+
|      |Cell   |Count |
+------+-------+------+
|1     |BUFG   |     2|
|2     |CARRY4 |    15|
|3     |LUT1   |     6|
|4     |LUT2   |    40|
|5     |LUT3   |    15|
|6     |LUT4   |     4|
|7     |LUT5   |     3|
|8     |LUT6   |    57|
|9     |MUXF7  |     7|
|10    |FDRE   |    86|
|11    |FDSE   |     1|
|12    |IBUF   |    19|
|13    |OBUF   |    24|
+------+-------+------+

Report Instance Areas: 
+------+------------+------------------------------+------+
|      |Instance    |Module                        |Cells |
+------+------------+------------------------------+------+
|1     |top         |                              |   279|
|2     |  calc      |basic_calc                    |   135|
|3     |    FSM     |calc_control_FSM              |    10|
|4     |    alu     |ALU                           |     8|
|5     |    regA    |reg_bank                      |    83|
|6     |    regB    |reg_bank_1                    |    32|
|7     |    regO    |reg_bank__parameterized0      |     2|
|8     |  clk10k    |clock_divider                 |    22|
|9     |  debCPU    |PB_Debouncer_counter          |    13|
|10    |  debCenter |PB_Debouncer_counter_0        |    14|
|11    |  tdm       |TDM                           |    50|
|12    |    counter |nbit_counter                  |    21|
|13    |    divider |clock_divider__parameterized0 |    29|
+------+------------+------------------------------+------+
---------------------------------------------------------------------------------
Finished Writing Synthesis Report : Time (s): cpu = 00:00:23 ; elapsed = 00:00:27 . Memory (MB): peak = 778.664 ; gain = 517.922
---------------------------------------------------------------------------------
Synthesis finished with 0 errors, 0 critical warnings and 1 warnings.
Synthesis Optimization Runtime : Time (s): cpu = 00:00:15 ; elapsed = 00:00:20 . Memory (MB): peak = 778.664 ; gain = 167.551
Synthesis Optimization Complete : Time (s): cpu = 00:00:24 ; elapsed = 00:00:27 . Memory (MB): peak = 778.664 ; gain = 517.922
INFO: [Project 1-571] Translating synthesized netlist
INFO: [Netlist 29-17] Analyzing 22 Unisim elements for replacement
INFO: [Netlist 29-28] Unisim Transformation completed in 0 CPU seconds
INFO: [Project 1-570] Preparing netlist for logic optimization
INFO: [Opt 31-138] Pushed 0 inverter(s) to 0 load pin(s).
Netlist sorting complete. Time (s): cpu = 00:00:00 ; elapsed = 00:00:00 . Memory (MB): peak = 783.801 ; gain = 0.000
INFO: [Project 1-111] Unisim Transformation Summary:
No Unisim elements were transformed.

INFO: [Common 17-83] Releasing license: Synthesis
55 Infos, 2 Warnings, 0 Critical Warnings and 0 Errors encountered.
synth_design completed successfully
synth_design: Time (s): cpu = 00:00:26 ; elapsed = 00:00:29 . Memory (MB): peak = 783.852 ; gain = 536.375
Netlist sorting complete. Time (s): cpu = 00:00:00 ; elapsed = 00:00:00 . Memory (MB): peak = 783.852 ; gain = 0.000
WARNING: [Constraints 18-5210] No constraints selected for write.
Resolution: This message can indicate that there are no constraints for the design, or it can indicate that the used_in flags are set such that the constraints are ignored. This later case is used when running synth_design to not write synthesis constraints to the resulting checkpoint. Instead, project constraints are read when the synthesized design is opened.
INFO: [Common 17-1381] The checkpoint 'C:/Users/Natt/Documents/GitHub/ELO212/project_6.2.5/project_6.2.5.runs/synth_1/display_basic_calc.dcp' has been generated.
INFO: [runtcl-4] Executing : report_utilization -file display_basic_calc_utilization_synth.rpt -pb display_basic_calc_utilization_synth.pb
INFO: [Common 17-206] Exiting Vivado at Wed Jul 24 21:53:56 2019...
