Copyright 1986-2018 Xilinx, Inc. All Rights Reserved.
--------------------------------------------------------------------------------------------------------------------------------------------------------------------------------------------------------
| Tool Version : Vivado v.2018.3 (win64) Build 2405991 Thu Dec  6 23:38:27 MST 2018
| Date         : Fri Jul 19 17:18:45 2019
| Host         : DESKTOP-BUGDRN4 running 64-bit major release  (build 9200)
| Command      : report_timing_summary -max_paths 10 -file display_reg_timing_summary_routed.rpt -pb display_reg_timing_summary_routed.pb -rpx display_reg_timing_summary_routed.rpx -warn_on_violation
| Design       : display_reg
| Device       : 7a100t-csg324
| Speed File   : -1  PRODUCTION 1.23 2018-06-13
--------------------------------------------------------------------------------------------------------------------------------------------------------------------------------------------------------

Timing Summary Report

------------------------------------------------------------------------------------------------
| Timer Settings
| --------------
------------------------------------------------------------------------------------------------

  Enable Multi Corner Analysis               :  Yes
  Enable Pessimism Removal                   :  Yes
  Pessimism Removal Resolution               :  Nearest Common Node
  Enable Input Delay Default Clock           :  No
  Enable Preset / Clear Arcs                 :  No
  Disable Flight Delays                      :  No
  Ignore I/O Paths                           :  No
  Timing Early Launch at Borrowing Latches   :  false

  Corner  Analyze    Analyze    
  Name    Max Paths  Min Paths  
  ------  ---------  ---------  
  Slow    Yes        Yes        
  Fast    Yes        Yes        



check_timing report

Table of Contents
-----------------
1. checking no_clock
2. checking constant_clock
3. checking pulse_width_clock
4. checking unconstrained_internal_endpoints
5. checking no_input_delay
6. checking no_output_delay
7. checking multiple_clock
8. checking generated_clocks
9. checking loops
10. checking partial_input_delay
11. checking partial_output_delay
12. checking latch_loops

1. checking no_clock
--------------------
 There are 22 register/latch pins with no clock driven by root clock pin: clk100/clk_out_reg/Q (HIGH)

 There are 3 register/latch pins with no clock driven by root clock pin: tdm/divider/clk_out_reg/Q (HIGH)


2. checking constant_clock
--------------------------
 There are 0 register/latch pins with constant_clock.


3. checking pulse_width_clock
-----------------------------
 There are 0 register/latch pins which need pulse_width check


4. checking unconstrained_internal_endpoints
--------------------------------------------
 There are 49 pins that are not constrained for maximum delay. (HIGH)

 There are 0 pins that are not constrained for maximum delay due to constant clock.


5. checking no_input_delay
--------------------------
 There are 10 input ports with no input delay specified. (HIGH)

 There are 0 input ports with no input delay but user has a false path constraint.


6. checking no_output_delay
---------------------------
 There are 15 ports with no output delay specified. (HIGH)

 There are 0 ports with no output delay but user has a false path constraint

 There are 0 ports with no output delay but with a timing clock defined on it or propagating through it


7. checking multiple_clock
--------------------------
 There are 0 register/latch pins with multiple clocks.


8. checking generated_clocks
----------------------------
 There are 0 generated clocks that are not connected to a clock source.


9. checking loops
-----------------
 There are 0 combinational loops in the design.


10. checking partial_input_delay
--------------------------------
 There are 0 input ports with partial input delay specified.


11. checking partial_output_delay
---------------------------------
 There are 0 ports with partial output delay specified.


12. checking latch_loops
------------------------
 There are 0 combinational latch loops in the design through latch input



------------------------------------------------------------------------------------------------
| Design Timing Summary
| ---------------------
------------------------------------------------------------------------------------------------

    WNS(ns)      TNS(ns)  TNS Failing Endpoints  TNS Total Endpoints      WHS(ns)      THS(ns)  THS Failing Endpoints  THS Total Endpoints     WPWS(ns)     TPWS(ns)  TPWS Failing Endpoints  TPWS Total Endpoints  
    -------      -------  ---------------------  -------------------      -------      -------  ---------------------  -------------------     --------     --------  ----------------------  --------------------  
      5.960        0.000                      0                   64        0.249        0.000                      0                   64        4.500        0.000                       0                    35  


All user specified timing constraints are met.


------------------------------------------------------------------------------------------------
| Clock Summary
| -------------
------------------------------------------------------------------------------------------------

Clock        Waveform(ns)       Period(ns)      Frequency(MHz)
-----        ------------       ----------      --------------
sys_clk_pin  {0.000 5.000}      10.000          100.000         


------------------------------------------------------------------------------------------------
| Intra Clock Table
| -----------------
------------------------------------------------------------------------------------------------

Clock             WNS(ns)      TNS(ns)  TNS Failing Endpoints  TNS Total Endpoints      WHS(ns)      THS(ns)  THS Failing Endpoints  THS Total Endpoints     WPWS(ns)     TPWS(ns)  TPWS Failing Endpoints  TPWS Total Endpoints  
-----             -------      -------  ---------------------  -------------------      -------      -------  ---------------------  -------------------     --------     --------  ----------------------  --------------------  
sys_clk_pin         5.960        0.000                      0                   64        0.249        0.000                      0                   64        4.500        0.000                       0                    35  


------------------------------------------------------------------------------------------------
| Inter Clock Table
| -----------------
------------------------------------------------------------------------------------------------

From Clock    To Clock          WNS(ns)      TNS(ns)  TNS Failing Endpoints  TNS Total Endpoints      WHS(ns)      THS(ns)  THS Failing Endpoints  THS Total Endpoints  
----------    --------          -------      -------  ---------------------  -------------------      -------      -------  ---------------------  -------------------  


------------------------------------------------------------------------------------------------
| Other Path Groups Table
| -----------------------
------------------------------------------------------------------------------------------------

Path Group    From Clock    To Clock          WNS(ns)      TNS(ns)  TNS Failing Endpoints  TNS Total Endpoints      WHS(ns)      THS(ns)  THS Failing Endpoints  THS Total Endpoints  
----------    ----------    --------          -------      -------  ---------------------  -------------------      -------      -------  ---------------------  -------------------  


------------------------------------------------------------------------------------------------
| Timing Details
| --------------
------------------------------------------------------------------------------------------------


---------------------------------------------------------------------------------------------------
From Clock:  sys_clk_pin
  To Clock:  sys_clk_pin

Setup :            0  Failing Endpoints,  Worst Slack        5.960ns,  Total Violation        0.000ns
Hold  :            0  Failing Endpoints,  Worst Slack        0.249ns,  Total Violation        0.000ns
PW    :            0  Failing Endpoints,  Worst Slack        4.500ns,  Total Violation        0.000ns
---------------------------------------------------------------------------------------------------


Max Delay Paths
--------------------------------------------------------------------------------------
Slack (MET) :             5.960ns  (required time - arrival time)
  Source:                 tdm/divider/counter_reg[16]/C
                            (rising edge-triggered cell FDRE clocked by sys_clk_pin  {rise@0.000ns fall@5.000ns period=10.000ns})
  Destination:            tdm/divider/counter_reg[1]/R
                            (rising edge-triggered cell FDRE clocked by sys_clk_pin  {rise@0.000ns fall@5.000ns period=10.000ns})
  Path Group:             sys_clk_pin
  Path Type:              Setup (Max at Slow Process Corner)
  Requirement:            10.000ns  (sys_clk_pin rise@10.000ns - sys_clk_pin rise@0.000ns)
  Data Path Delay:        3.547ns  (logic 0.704ns (19.847%)  route 2.843ns (80.153%))
  Logic Levels:           2  (LUT4=1 LUT5=1)
  Clock Path Skew:        -0.028ns (DCD - SCD + CPR)
    Destination Clock Delay (DCD):    5.016ns = ( 15.016 - 10.000 ) 
    Source Clock Delay      (SCD):    5.320ns
    Clock Pessimism Removal (CPR):    0.276ns
  Clock Uncertainty:      0.035ns  ((TSJ^2 + TIJ^2)^1/2 + DJ) / 2 + PE
    Total System Jitter     (TSJ):    0.071ns
    Total Input Jitter      (TIJ):    0.000ns
    Discrete Jitter          (DJ):    0.000ns
    Phase Error              (PE):    0.000ns

    Location             Delay type                Incr(ns)  Path(ns)    Netlist Resource(s)
  -------------------------------------------------------------------    -------------------
                         (clock sys_clk_pin rise edge)
                                                      0.000     0.000 r  
    E3                                                0.000     0.000 r  CLK100MHZ (IN)
                         net (fo=0)                   0.000     0.000    CLK100MHZ
    E3                   IBUF (Prop_ibuf_I_O)         1.482     1.482 r  CLK100MHZ_IBUF_inst/O
                         net (fo=1, routed)           2.025     3.506    CLK100MHZ_IBUF
    BUFGCTRL_X0Y16       BUFG (Prop_bufg_I_O)         0.096     3.602 r  CLK100MHZ_IBUF_BUFG_inst/O
                         net (fo=34, routed)          1.717     5.320    tdm/divider/CLK100MHZ_IBUF_BUFG
    SLICE_X4Y84          FDRE                                         r  tdm/divider/counter_reg[16]/C
  -------------------------------------------------------------------    -------------------
    SLICE_X4Y84          FDRE (Prop_fdre_C_Q)         0.456     5.776 r  tdm/divider/counter_reg[16]/Q
                         net (fo=2, routed)           0.984     6.760    tdm/divider/counter_reg_n_0_[16]
    SLICE_X6Y84          LUT5 (Prop_lut5_I2_O)        0.124     6.884 f  tdm/divider/counter[16]_i_4/O
                         net (fo=2, routed)           0.831     7.715    tdm/divider/counter[16]_i_4_n_0
    SLICE_X4Y85          LUT4 (Prop_lut4_I2_O)        0.124     7.839 r  tdm/divider/counter[16]_i_1/O
                         net (fo=16, routed)          1.028     8.867    tdm/divider/clk_out
    SLICE_X4Y81          FDRE                                         r  tdm/divider/counter_reg[1]/R
  -------------------------------------------------------------------    -------------------

                         (clock sys_clk_pin rise edge)
                                                     10.000    10.000 r  
    E3                                                0.000    10.000 r  CLK100MHZ (IN)
                         net (fo=0)                   0.000    10.000    CLK100MHZ
    E3                   IBUF (Prop_ibuf_I_O)         1.411    11.411 r  CLK100MHZ_IBUF_inst/O
                         net (fo=1, routed)           1.920    13.331    CLK100MHZ_IBUF
    BUFGCTRL_X0Y16       BUFG (Prop_bufg_I_O)         0.091    13.422 r  CLK100MHZ_IBUF_BUFG_inst/O
                         net (fo=34, routed)          1.593    15.016    tdm/divider/CLK100MHZ_IBUF_BUFG
    SLICE_X4Y81          FDRE                                         r  tdm/divider/counter_reg[1]/C
                         clock pessimism              0.276    15.292    
                         clock uncertainty           -0.035    15.256    
    SLICE_X4Y81          FDRE (Setup_fdre_C_R)       -0.429    14.827    tdm/divider/counter_reg[1]
  -------------------------------------------------------------------
                         required time                         14.827    
                         arrival time                          -8.867    
  -------------------------------------------------------------------
                         slack                                  5.960    

Slack (MET) :             5.960ns  (required time - arrival time)
  Source:                 tdm/divider/counter_reg[16]/C
                            (rising edge-triggered cell FDRE clocked by sys_clk_pin  {rise@0.000ns fall@5.000ns period=10.000ns})
  Destination:            tdm/divider/counter_reg[2]/R
                            (rising edge-triggered cell FDRE clocked by sys_clk_pin  {rise@0.000ns fall@5.000ns period=10.000ns})
  Path Group:             sys_clk_pin
  Path Type:              Setup (Max at Slow Process Corner)
  Requirement:            10.000ns  (sys_clk_pin rise@10.000ns - sys_clk_pin rise@0.000ns)
  Data Path Delay:        3.547ns  (logic 0.704ns (19.847%)  route 2.843ns (80.153%))
  Logic Levels:           2  (LUT4=1 LUT5=1)
  Clock Path Skew:        -0.028ns (DCD - SCD + CPR)
    Destination Clock Delay (DCD):    5.016ns = ( 15.016 - 10.000 ) 
    Source Clock Delay      (SCD):    5.320ns
    Clock Pessimism Removal (CPR):    0.276ns
  Clock Uncertainty:      0.035ns  ((TSJ^2 + TIJ^2)^1/2 + DJ) / 2 + PE
    Total System Jitter     (TSJ):    0.071ns
    Total Input Jitter      (TIJ):    0.000ns
    Discrete Jitter          (DJ):    0.000ns
    Phase Error              (PE):    0.000ns

    Location             Delay type                Incr(ns)  Path(ns)    Netlist Resource(s)
  -------------------------------------------------------------------    -------------------
                         (clock sys_clk_pin rise edge)
                                                      0.000     0.000 r  
    E3                                                0.000     0.000 r  CLK100MHZ (IN)
                         net (fo=0)                   0.000     0.000    CLK100MHZ
    E3                   IBUF (Prop_ibuf_I_O)         1.482     1.482 r  CLK100MHZ_IBUF_inst/O
                         net (fo=1, routed)           2.025     3.506    CLK100MHZ_IBUF
    BUFGCTRL_X0Y16       BUFG (Prop_bufg_I_O)         0.096     3.602 r  CLK100MHZ_IBUF_BUFG_inst/O
                         net (fo=34, routed)          1.717     5.320    tdm/divider/CLK100MHZ_IBUF_BUFG
    SLICE_X4Y84          FDRE                                         r  tdm/divider/counter_reg[16]/C
  -------------------------------------------------------------------    -------------------
    SLICE_X4Y84          FDRE (Prop_fdre_C_Q)         0.456     5.776 r  tdm/divider/counter_reg[16]/Q
                         net (fo=2, routed)           0.984     6.760    tdm/divider/counter_reg_n_0_[16]
    SLICE_X6Y84          LUT5 (Prop_lut5_I2_O)        0.124     6.884 f  tdm/divider/counter[16]_i_4/O
                         net (fo=2, routed)           0.831     7.715    tdm/divider/counter[16]_i_4_n_0
    SLICE_X4Y85          LUT4 (Prop_lut4_I2_O)        0.124     7.839 r  tdm/divider/counter[16]_i_1/O
                         net (fo=16, routed)          1.028     8.867    tdm/divider/clk_out
    SLICE_X4Y81          FDRE                                         r  tdm/divider/counter_reg[2]/R
  -------------------------------------------------------------------    -------------------

                         (clock sys_clk_pin rise edge)
                                                     10.000    10.000 r  
    E3                                                0.000    10.000 r  CLK100MHZ (IN)
                         net (fo=0)                   0.000    10.000    CLK100MHZ
    E3                   IBUF (Prop_ibuf_I_O)         1.411    11.411 r  CLK100MHZ_IBUF_inst/O
                         net (fo=1, routed)           1.920    13.331    CLK100MHZ_IBUF
    BUFGCTRL_X0Y16       BUFG (Prop_bufg_I_O)         0.091    13.422 r  CLK100MHZ_IBUF_BUFG_inst/O
                         net (fo=34, routed)          1.593    15.016    tdm/divider/CLK100MHZ_IBUF_BUFG
    SLICE_X4Y81          FDRE                                         r  tdm/divider/counter_reg[2]/C
                         clock pessimism              0.276    15.292    
                         clock uncertainty           -0.035    15.256    
    SLICE_X4Y81          FDRE (Setup_fdre_C_R)       -0.429    14.827    tdm/divider/counter_reg[2]
  -------------------------------------------------------------------
                         required time                         14.827    
                         arrival time                          -8.867    
  -------------------------------------------------------------------
                         slack                                  5.960    

Slack (MET) :             5.960ns  (required time - arrival time)
  Source:                 tdm/divider/counter_reg[16]/C
                            (rising edge-triggered cell FDRE clocked by sys_clk_pin  {rise@0.000ns fall@5.000ns period=10.000ns})
  Destination:            tdm/divider/counter_reg[3]/R
                            (rising edge-triggered cell FDRE clocked by sys_clk_pin  {rise@0.000ns fall@5.000ns period=10.000ns})
  Path Group:             sys_clk_pin
  Path Type:              Setup (Max at Slow Process Corner)
  Requirement:            10.000ns  (sys_clk_pin rise@10.000ns - sys_clk_pin rise@0.000ns)
  Data Path Delay:        3.547ns  (logic 0.704ns (19.847%)  route 2.843ns (80.153%))
  Logic Levels:           2  (LUT4=1 LUT5=1)
  Clock Path Skew:        -0.028ns (DCD - SCD + CPR)
    Destination Clock Delay (DCD):    5.016ns = ( 15.016 - 10.000 ) 
    Source Clock Delay      (SCD):    5.320ns
    Clock Pessimism Removal (CPR):    0.276ns
  Clock Uncertainty:      0.035ns  ((TSJ^2 + TIJ^2)^1/2 + DJ) / 2 + PE
    Total System Jitter     (TSJ):    0.071ns
    Total Input Jitter      (TIJ):    0.000ns
    Discrete Jitter          (DJ):    0.000ns
    Phase Error              (PE):    0.000ns

    Location             Delay type                Incr(ns)  Path(ns)    Netlist Resource(s)
  -------------------------------------------------------------------    -------------------
                         (clock sys_clk_pin rise edge)
                                                      0.000     0.000 r  
    E3                                                0.000     0.000 r  CLK100MHZ (IN)
                         net (fo=0)                   0.000     0.000    CLK100MHZ
    E3                   IBUF (Prop_ibuf_I_O)         1.482     1.482 r  CLK100MHZ_IBUF_inst/O
                         net (fo=1, routed)           2.025     3.506    CLK100MHZ_IBUF
    BUFGCTRL_X0Y16       BUFG (Prop_bufg_I_O)         0.096     3.602 r  CLK100MHZ_IBUF_BUFG_inst/O
                         net (fo=34, routed)          1.717     5.320    tdm/divider/CLK100MHZ_IBUF_BUFG
    SLICE_X4Y84          FDRE                                         r  tdm/divider/counter_reg[16]/C
  -------------------------------------------------------------------    -------------------
    SLICE_X4Y84          FDRE (Prop_fdre_C_Q)         0.456     5.776 r  tdm/divider/counter_reg[16]/Q
                         net (fo=2, routed)           0.984     6.760    tdm/divider/counter_reg_n_0_[16]
    SLICE_X6Y84          LUT5 (Prop_lut5_I2_O)        0.124     6.884 f  tdm/divider/counter[16]_i_4/O
                         net (fo=2, routed)           0.831     7.715    tdm/divider/counter[16]_i_4_n_0
    SLICE_X4Y85          LUT4 (Prop_lut4_I2_O)        0.124     7.839 r  tdm/divider/counter[16]_i_1/O
                         net (fo=16, routed)          1.028     8.867    tdm/divider/clk_out
    SLICE_X4Y81          FDRE                                         r  tdm/divider/counter_reg[3]/R
  -------------------------------------------------------------------    -------------------

                         (clock sys_clk_pin rise edge)
                                                     10.000    10.000 r  
    E3                                                0.000    10.000 r  CLK100MHZ (IN)
                         net (fo=0)                   0.000    10.000    CLK100MHZ
    E3                   IBUF (Prop_ibuf_I_O)         1.411    11.411 r  CLK100MHZ_IBUF_inst/O
                         net (fo=1, routed)           1.920    13.331    CLK100MHZ_IBUF
    BUFGCTRL_X0Y16       BUFG (Prop_bufg_I_O)         0.091    13.422 r  CLK100MHZ_IBUF_BUFG_inst/O
                         net (fo=34, routed)          1.593    15.016    tdm/divider/CLK100MHZ_IBUF_BUFG
    SLICE_X4Y81          FDRE                                         r  tdm/divider/counter_reg[3]/C
                         clock pessimism              0.276    15.292    
                         clock uncertainty           -0.035    15.256    
    SLICE_X4Y81          FDRE (Setup_fdre_C_R)       -0.429    14.827    tdm/divider/counter_reg[3]
  -------------------------------------------------------------------
                         required time                         14.827    
                         arrival time                          -8.867    
  -------------------------------------------------------------------
                         slack                                  5.960    

Slack (MET) :             5.960ns  (required time - arrival time)
  Source:                 tdm/divider/counter_reg[16]/C
                            (rising edge-triggered cell FDRE clocked by sys_clk_pin  {rise@0.000ns fall@5.000ns period=10.000ns})
  Destination:            tdm/divider/counter_reg[4]/R
                            (rising edge-triggered cell FDRE clocked by sys_clk_pin  {rise@0.000ns fall@5.000ns period=10.000ns})
  Path Group:             sys_clk_pin
  Path Type:              Setup (Max at Slow Process Corner)
  Requirement:            10.000ns  (sys_clk_pin rise@10.000ns - sys_clk_pin rise@0.000ns)
  Data Path Delay:        3.547ns  (logic 0.704ns (19.847%)  route 2.843ns (80.153%))
  Logic Levels:           2  (LUT4=1 LUT5=1)
  Clock Path Skew:        -0.028ns (DCD - SCD + CPR)
    Destination Clock Delay (DCD):    5.016ns = ( 15.016 - 10.000 ) 
    Source Clock Delay      (SCD):    5.320ns
    Clock Pessimism Removal (CPR):    0.276ns
  Clock Uncertainty:      0.035ns  ((TSJ^2 + TIJ^2)^1/2 + DJ) / 2 + PE
    Total System Jitter     (TSJ):    0.071ns
    Total Input Jitter      (TIJ):    0.000ns
    Discrete Jitter          (DJ):    0.000ns
    Phase Error              (PE):    0.000ns

    Location             Delay type                Incr(ns)  Path(ns)    Netlist Resource(s)
  -------------------------------------------------------------------    -------------------
                         (clock sys_clk_pin rise edge)
                                                      0.000     0.000 r  
    E3                                                0.000     0.000 r  CLK100MHZ (IN)
                         net (fo=0)                   0.000     0.000    CLK100MHZ
    E3                   IBUF (Prop_ibuf_I_O)         1.482     1.482 r  CLK100MHZ_IBUF_inst/O
                         net (fo=1, routed)           2.025     3.506    CLK100MHZ_IBUF
    BUFGCTRL_X0Y16       BUFG (Prop_bufg_I_O)         0.096     3.602 r  CLK100MHZ_IBUF_BUFG_inst/O
                         net (fo=34, routed)          1.717     5.320    tdm/divider/CLK100MHZ_IBUF_BUFG
    SLICE_X4Y84          FDRE                                         r  tdm/divider/counter_reg[16]/C
  -------------------------------------------------------------------    -------------------
    SLICE_X4Y84          FDRE (Prop_fdre_C_Q)         0.456     5.776 r  tdm/divider/counter_reg[16]/Q
                         net (fo=2, routed)           0.984     6.760    tdm/divider/counter_reg_n_0_[16]
    SLICE_X6Y84          LUT5 (Prop_lut5_I2_O)        0.124     6.884 f  tdm/divider/counter[16]_i_4/O
                         net (fo=2, routed)           0.831     7.715    tdm/divider/counter[16]_i_4_n_0
    SLICE_X4Y85          LUT4 (Prop_lut4_I2_O)        0.124     7.839 r  tdm/divider/counter[16]_i_1/O
                         net (fo=16, routed)          1.028     8.867    tdm/divider/clk_out
    SLICE_X4Y81          FDRE                                         r  tdm/divider/counter_reg[4]/R
  -------------------------------------------------------------------    -------------------

                         (clock sys_clk_pin rise edge)
                                                     10.000    10.000 r  
    E3                                                0.000    10.000 r  CLK100MHZ (IN)
                         net (fo=0)                   0.000    10.000    CLK100MHZ
    E3                   IBUF (Prop_ibuf_I_O)         1.411    11.411 r  CLK100MHZ_IBUF_inst/O
                         net (fo=1, routed)           1.920    13.331    CLK100MHZ_IBUF
    BUFGCTRL_X0Y16       BUFG (Prop_bufg_I_O)         0.091    13.422 r  CLK100MHZ_IBUF_BUFG_inst/O
                         net (fo=34, routed)          1.593    15.016    tdm/divider/CLK100MHZ_IBUF_BUFG
    SLICE_X4Y81          FDRE                                         r  tdm/divider/counter_reg[4]/C
                         clock pessimism              0.276    15.292    
                         clock uncertainty           -0.035    15.256    
    SLICE_X4Y81          FDRE (Setup_fdre_C_R)       -0.429    14.827    tdm/divider/counter_reg[4]
  -------------------------------------------------------------------
                         required time                         14.827    
                         arrival time                          -8.867    
  -------------------------------------------------------------------
                         slack                                  5.960    

Slack (MET) :             6.103ns  (required time - arrival time)
  Source:                 tdm/divider/counter_reg[16]/C
                            (rising edge-triggered cell FDRE clocked by sys_clk_pin  {rise@0.000ns fall@5.000ns period=10.000ns})
  Destination:            tdm/divider/counter_reg[5]/R
                            (rising edge-triggered cell FDRE clocked by sys_clk_pin  {rise@0.000ns fall@5.000ns period=10.000ns})
  Path Group:             sys_clk_pin
  Path Type:              Setup (Max at Slow Process Corner)
  Requirement:            10.000ns  (sys_clk_pin rise@10.000ns - sys_clk_pin rise@0.000ns)
  Data Path Delay:        3.406ns  (logic 0.704ns (20.667%)  route 2.702ns (79.333%))
  Logic Levels:           2  (LUT4=1 LUT5=1)
  Clock Path Skew:        -0.026ns (DCD - SCD + CPR)
    Destination Clock Delay (DCD):    5.018ns = ( 15.018 - 10.000 ) 
    Source Clock Delay      (SCD):    5.320ns
    Clock Pessimism Removal (CPR):    0.276ns
  Clock Uncertainty:      0.035ns  ((TSJ^2 + TIJ^2)^1/2 + DJ) / 2 + PE
    Total System Jitter     (TSJ):    0.071ns
    Total Input Jitter      (TIJ):    0.000ns
    Discrete Jitter          (DJ):    0.000ns
    Phase Error              (PE):    0.000ns

    Location             Delay type                Incr(ns)  Path(ns)    Netlist Resource(s)
  -------------------------------------------------------------------    -------------------
                         (clock sys_clk_pin rise edge)
                                                      0.000     0.000 r  
    E3                                                0.000     0.000 r  CLK100MHZ (IN)
                         net (fo=0)                   0.000     0.000    CLK100MHZ
    E3                   IBUF (Prop_ibuf_I_O)         1.482     1.482 r  CLK100MHZ_IBUF_inst/O
                         net (fo=1, routed)           2.025     3.506    CLK100MHZ_IBUF
    BUFGCTRL_X0Y16       BUFG (Prop_bufg_I_O)         0.096     3.602 r  CLK100MHZ_IBUF_BUFG_inst/O
                         net (fo=34, routed)          1.717     5.320    tdm/divider/CLK100MHZ_IBUF_BUFG
    SLICE_X4Y84          FDRE                                         r  tdm/divider/counter_reg[16]/C
  -------------------------------------------------------------------    -------------------
    SLICE_X4Y84          FDRE (Prop_fdre_C_Q)         0.456     5.776 r  tdm/divider/counter_reg[16]/Q
                         net (fo=2, routed)           0.984     6.760    tdm/divider/counter_reg_n_0_[16]
    SLICE_X6Y84          LUT5 (Prop_lut5_I2_O)        0.124     6.884 f  tdm/divider/counter[16]_i_4/O
                         net (fo=2, routed)           0.831     7.715    tdm/divider/counter[16]_i_4_n_0
    SLICE_X4Y85          LUT4 (Prop_lut4_I2_O)        0.124     7.839 r  tdm/divider/counter[16]_i_1/O
                         net (fo=16, routed)          0.887     8.726    tdm/divider/clk_out
    SLICE_X4Y82          FDRE                                         r  tdm/divider/counter_reg[5]/R
  -------------------------------------------------------------------    -------------------

                         (clock sys_clk_pin rise edge)
                                                     10.000    10.000 r  
    E3                                                0.000    10.000 r  CLK100MHZ (IN)
                         net (fo=0)                   0.000    10.000    CLK100MHZ
    E3                   IBUF (Prop_ibuf_I_O)         1.411    11.411 r  CLK100MHZ_IBUF_inst/O
                         net (fo=1, routed)           1.920    13.331    CLK100MHZ_IBUF
    BUFGCTRL_X0Y16       BUFG (Prop_bufg_I_O)         0.091    13.422 r  CLK100MHZ_IBUF_BUFG_inst/O
                         net (fo=34, routed)          1.595    15.018    tdm/divider/CLK100MHZ_IBUF_BUFG
    SLICE_X4Y82          FDRE                                         r  tdm/divider/counter_reg[5]/C
                         clock pessimism              0.276    15.294    
                         clock uncertainty           -0.035    15.258    
    SLICE_X4Y82          FDRE (Setup_fdre_C_R)       -0.429    14.829    tdm/divider/counter_reg[5]
  -------------------------------------------------------------------
                         required time                         14.829    
                         arrival time                          -8.726    
  -------------------------------------------------------------------
                         slack                                  6.103    

Slack (MET) :             6.103ns  (required time - arrival time)
  Source:                 tdm/divider/counter_reg[16]/C
                            (rising edge-triggered cell FDRE clocked by sys_clk_pin  {rise@0.000ns fall@5.000ns period=10.000ns})
  Destination:            tdm/divider/counter_reg[6]/R
                            (rising edge-triggered cell FDRE clocked by sys_clk_pin  {rise@0.000ns fall@5.000ns period=10.000ns})
  Path Group:             sys_clk_pin
  Path Type:              Setup (Max at Slow Process Corner)
  Requirement:            10.000ns  (sys_clk_pin rise@10.000ns - sys_clk_pin rise@0.000ns)
  Data Path Delay:        3.406ns  (logic 0.704ns (20.667%)  route 2.702ns (79.333%))
  Logic Levels:           2  (LUT4=1 LUT5=1)
  Clock Path Skew:        -0.026ns (DCD - SCD + CPR)
    Destination Clock Delay (DCD):    5.018ns = ( 15.018 - 10.000 ) 
    Source Clock Delay      (SCD):    5.320ns
    Clock Pessimism Removal (CPR):    0.276ns
  Clock Uncertainty:      0.035ns  ((TSJ^2 + TIJ^2)^1/2 + DJ) / 2 + PE
    Total System Jitter     (TSJ):    0.071ns
    Total Input Jitter      (TIJ):    0.000ns
    Discrete Jitter          (DJ):    0.000ns
    Phase Error              (PE):    0.000ns

    Location             Delay type                Incr(ns)  Path(ns)    Netlist Resource(s)
  -------------------------------------------------------------------    -------------------
                         (clock sys_clk_pin rise edge)
                                                      0.000     0.000 r  
    E3                                                0.000     0.000 r  CLK100MHZ (IN)
                         net (fo=0)                   0.000     0.000    CLK100MHZ
    E3                   IBUF (Prop_ibuf_I_O)         1.482     1.482 r  CLK100MHZ_IBUF_inst/O
                         net (fo=1, routed)           2.025     3.506    CLK100MHZ_IBUF
    BUFGCTRL_X0Y16       BUFG (Prop_bufg_I_O)         0.096     3.602 r  CLK100MHZ_IBUF_BUFG_inst/O
                         net (fo=34, routed)          1.717     5.320    tdm/divider/CLK100MHZ_IBUF_BUFG
    SLICE_X4Y84          FDRE                                         r  tdm/divider/counter_reg[16]/C
  -------------------------------------------------------------------    -------------------
    SLICE_X4Y84          FDRE (Prop_fdre_C_Q)         0.456     5.776 r  tdm/divider/counter_reg[16]/Q
                         net (fo=2, routed)           0.984     6.760    tdm/divider/counter_reg_n_0_[16]
    SLICE_X6Y84          LUT5 (Prop_lut5_I2_O)        0.124     6.884 f  tdm/divider/counter[16]_i_4/O
                         net (fo=2, routed)           0.831     7.715    tdm/divider/counter[16]_i_4_n_0
    SLICE_X4Y85          LUT4 (Prop_lut4_I2_O)        0.124     7.839 r  tdm/divider/counter[16]_i_1/O
                         net (fo=16, routed)          0.887     8.726    tdm/divider/clk_out
    SLICE_X4Y82          FDRE                                         r  tdm/divider/counter_reg[6]/R
  -------------------------------------------------------------------    -------------------

                         (clock sys_clk_pin rise edge)
                                                     10.000    10.000 r  
    E3                                                0.000    10.000 r  CLK100MHZ (IN)
                         net (fo=0)                   0.000    10.000    CLK100MHZ
    E3                   IBUF (Prop_ibuf_I_O)         1.411    11.411 r  CLK100MHZ_IBUF_inst/O
                         net (fo=1, routed)           1.920    13.331    CLK100MHZ_IBUF
    BUFGCTRL_X0Y16       BUFG (Prop_bufg_I_O)         0.091    13.422 r  CLK100MHZ_IBUF_BUFG_inst/O
                         net (fo=34, routed)          1.595    15.018    tdm/divider/CLK100MHZ_IBUF_BUFG
    SLICE_X4Y82          FDRE                                         r  tdm/divider/counter_reg[6]/C
                         clock pessimism              0.276    15.294    
                         clock uncertainty           -0.035    15.258    
    SLICE_X4Y82          FDRE (Setup_fdre_C_R)       -0.429    14.829    tdm/divider/counter_reg[6]
  -------------------------------------------------------------------
                         required time                         14.829    
                         arrival time                          -8.726    
  -------------------------------------------------------------------
                         slack                                  6.103    

Slack (MET) :             6.103ns  (required time - arrival time)
  Source:                 tdm/divider/counter_reg[16]/C
                            (rising edge-triggered cell FDRE clocked by sys_clk_pin  {rise@0.000ns fall@5.000ns period=10.000ns})
  Destination:            tdm/divider/counter_reg[7]/R
                            (rising edge-triggered cell FDRE clocked by sys_clk_pin  {rise@0.000ns fall@5.000ns period=10.000ns})
  Path Group:             sys_clk_pin
  Path Type:              Setup (Max at Slow Process Corner)
  Requirement:            10.000ns  (sys_clk_pin rise@10.000ns - sys_clk_pin rise@0.000ns)
  Data Path Delay:        3.406ns  (logic 0.704ns (20.667%)  route 2.702ns (79.333%))
  Logic Levels:           2  (LUT4=1 LUT5=1)
  Clock Path Skew:        -0.026ns (DCD - SCD + CPR)
    Destination Clock Delay (DCD):    5.018ns = ( 15.018 - 10.000 ) 
    Source Clock Delay      (SCD):    5.320ns
    Clock Pessimism Removal (CPR):    0.276ns
  Clock Uncertainty:      0.035ns  ((TSJ^2 + TIJ^2)^1/2 + DJ) / 2 + PE
    Total System Jitter     (TSJ):    0.071ns
    Total Input Jitter      (TIJ):    0.000ns
    Discrete Jitter          (DJ):    0.000ns
    Phase Error              (PE):    0.000ns

    Location             Delay type                Incr(ns)  Path(ns)    Netlist Resource(s)
  -------------------------------------------------------------------    -------------------
                         (clock sys_clk_pin rise edge)
                                                      0.000     0.000 r  
    E3                                                0.000     0.000 r  CLK100MHZ (IN)
                         net (fo=0)                   0.000     0.000    CLK100MHZ
    E3                   IBUF (Prop_ibuf_I_O)         1.482     1.482 r  CLK100MHZ_IBUF_inst/O
                         net (fo=1, routed)           2.025     3.506    CLK100MHZ_IBUF
    BUFGCTRL_X0Y16       BUFG (Prop_bufg_I_O)         0.096     3.602 r  CLK100MHZ_IBUF_BUFG_inst/O
                         net (fo=34, routed)          1.717     5.320    tdm/divider/CLK100MHZ_IBUF_BUFG
    SLICE_X4Y84          FDRE                                         r  tdm/divider/counter_reg[16]/C
  -------------------------------------------------------------------    -------------------
    SLICE_X4Y84          FDRE (Prop_fdre_C_Q)         0.456     5.776 r  tdm/divider/counter_reg[16]/Q
                         net (fo=2, routed)           0.984     6.760    tdm/divider/counter_reg_n_0_[16]
    SLICE_X6Y84          LUT5 (Prop_lut5_I2_O)        0.124     6.884 f  tdm/divider/counter[16]_i_4/O
                         net (fo=2, routed)           0.831     7.715    tdm/divider/counter[16]_i_4_n_0
    SLICE_X4Y85          LUT4 (Prop_lut4_I2_O)        0.124     7.839 r  tdm/divider/counter[16]_i_1/O
                         net (fo=16, routed)          0.887     8.726    tdm/divider/clk_out
    SLICE_X4Y82          FDRE                                         r  tdm/divider/counter_reg[7]/R
  -------------------------------------------------------------------    -------------------

                         (clock sys_clk_pin rise edge)
                                                     10.000    10.000 r  
    E3                                                0.000    10.000 r  CLK100MHZ (IN)
                         net (fo=0)                   0.000    10.000    CLK100MHZ
    E3                   IBUF (Prop_ibuf_I_O)         1.411    11.411 r  CLK100MHZ_IBUF_inst/O
                         net (fo=1, routed)           1.920    13.331    CLK100MHZ_IBUF
    BUFGCTRL_X0Y16       BUFG (Prop_bufg_I_O)         0.091    13.422 r  CLK100MHZ_IBUF_BUFG_inst/O
                         net (fo=34, routed)          1.595    15.018    tdm/divider/CLK100MHZ_IBUF_BUFG
    SLICE_X4Y82          FDRE                                         r  tdm/divider/counter_reg[7]/C
                         clock pessimism              0.276    15.294    
                         clock uncertainty           -0.035    15.258    
    SLICE_X4Y82          FDRE (Setup_fdre_C_R)       -0.429    14.829    tdm/divider/counter_reg[7]
  -------------------------------------------------------------------
                         required time                         14.829    
                         arrival time                          -8.726    
  -------------------------------------------------------------------
                         slack                                  6.103    

Slack (MET) :             6.103ns  (required time - arrival time)
  Source:                 tdm/divider/counter_reg[16]/C
                            (rising edge-triggered cell FDRE clocked by sys_clk_pin  {rise@0.000ns fall@5.000ns period=10.000ns})
  Destination:            tdm/divider/counter_reg[8]/R
                            (rising edge-triggered cell FDRE clocked by sys_clk_pin  {rise@0.000ns fall@5.000ns period=10.000ns})
  Path Group:             sys_clk_pin
  Path Type:              Setup (Max at Slow Process Corner)
  Requirement:            10.000ns  (sys_clk_pin rise@10.000ns - sys_clk_pin rise@0.000ns)
  Data Path Delay:        3.406ns  (logic 0.704ns (20.667%)  route 2.702ns (79.333%))
  Logic Levels:           2  (LUT4=1 LUT5=1)
  Clock Path Skew:        -0.026ns (DCD - SCD + CPR)
    Destination Clock Delay (DCD):    5.018ns = ( 15.018 - 10.000 ) 
    Source Clock Delay      (SCD):    5.320ns
    Clock Pessimism Removal (CPR):    0.276ns
  Clock Uncertainty:      0.035ns  ((TSJ^2 + TIJ^2)^1/2 + DJ) / 2 + PE
    Total System Jitter     (TSJ):    0.071ns
    Total Input Jitter      (TIJ):    0.000ns
    Discrete Jitter          (DJ):    0.000ns
    Phase Error              (PE):    0.000ns

    Location             Delay type                Incr(ns)  Path(ns)    Netlist Resource(s)
  -------------------------------------------------------------------    -------------------
                         (clock sys_clk_pin rise edge)
                                                      0.000     0.000 r  
    E3                                                0.000     0.000 r  CLK100MHZ (IN)
                         net (fo=0)                   0.000     0.000    CLK100MHZ
    E3                   IBUF (Prop_ibuf_I_O)         1.482     1.482 r  CLK100MHZ_IBUF_inst/O
                         net (fo=1, routed)           2.025     3.506    CLK100MHZ_IBUF
    BUFGCTRL_X0Y16       BUFG (Prop_bufg_I_O)         0.096     3.602 r  CLK100MHZ_IBUF_BUFG_inst/O
                         net (fo=34, routed)          1.717     5.320    tdm/divider/CLK100MHZ_IBUF_BUFG
    SLICE_X4Y84          FDRE                                         r  tdm/divider/counter_reg[16]/C
  -------------------------------------------------------------------    -------------------
    SLICE_X4Y84          FDRE (Prop_fdre_C_Q)         0.456     5.776 r  tdm/divider/counter_reg[16]/Q
                         net (fo=2, routed)           0.984     6.760    tdm/divider/counter_reg_n_0_[16]
    SLICE_X6Y84          LUT5 (Prop_lut5_I2_O)        0.124     6.884 f  tdm/divider/counter[16]_i_4/O
                         net (fo=2, routed)           0.831     7.715    tdm/divider/counter[16]_i_4_n_0
    SLICE_X4Y85          LUT4 (Prop_lut4_I2_O)        0.124     7.839 r  tdm/divider/counter[16]_i_1/O
                         net (fo=16, routed)          0.887     8.726    tdm/divider/clk_out
    SLICE_X4Y82          FDRE                                         r  tdm/divider/counter_reg[8]/R
  -------------------------------------------------------------------    -------------------

                         (clock sys_clk_pin rise edge)
                                                     10.000    10.000 r  
    E3                                                0.000    10.000 r  CLK100MHZ (IN)
                         net (fo=0)                   0.000    10.000    CLK100MHZ
    E3                   IBUF (Prop_ibuf_I_O)         1.411    11.411 r  CLK100MHZ_IBUF_inst/O
                         net (fo=1, routed)           1.920    13.331    CLK100MHZ_IBUF
    BUFGCTRL_X0Y16       BUFG (Prop_bufg_I_O)         0.091    13.422 r  CLK100MHZ_IBUF_BUFG_inst/O
                         net (fo=34, routed)          1.595    15.018    tdm/divider/CLK100MHZ_IBUF_BUFG
    SLICE_X4Y82          FDRE                                         r  tdm/divider/counter_reg[8]/C
                         clock pessimism              0.276    15.294    
                         clock uncertainty           -0.035    15.258    
    SLICE_X4Y82          FDRE (Setup_fdre_C_R)       -0.429    14.829    tdm/divider/counter_reg[8]
  -------------------------------------------------------------------
                         required time                         14.829    
                         arrival time                          -8.726    
  -------------------------------------------------------------------
                         slack                                  6.103    

Slack (MET) :             6.255ns  (required time - arrival time)
  Source:                 tdm/divider/counter_reg[16]/C
                            (rising edge-triggered cell FDRE clocked by sys_clk_pin  {rise@0.000ns fall@5.000ns period=10.000ns})
  Destination:            tdm/divider/counter_reg[10]/R
                            (rising edge-triggered cell FDRE clocked by sys_clk_pin  {rise@0.000ns fall@5.000ns period=10.000ns})
  Path Group:             sys_clk_pin
  Path Type:              Setup (Max at Slow Process Corner)
  Requirement:            10.000ns  (sys_clk_pin rise@10.000ns - sys_clk_pin rise@0.000ns)
  Data Path Delay:        3.256ns  (logic 0.704ns (21.625%)  route 2.552ns (78.376%))
  Logic Levels:           2  (LUT4=1 LUT5=1)
  Clock Path Skew:        -0.025ns (DCD - SCD + CPR)
    Destination Clock Delay (DCD):    5.019ns = ( 15.019 - 10.000 ) 
    Source Clock Delay      (SCD):    5.320ns
    Clock Pessimism Removal (CPR):    0.276ns
  Clock Uncertainty:      0.035ns  ((TSJ^2 + TIJ^2)^1/2 + DJ) / 2 + PE
    Total System Jitter     (TSJ):    0.071ns
    Total Input Jitter      (TIJ):    0.000ns
    Discrete Jitter          (DJ):    0.000ns
    Phase Error              (PE):    0.000ns

    Location             Delay type                Incr(ns)  Path(ns)    Netlist Resource(s)
  -------------------------------------------------------------------    -------------------
                         (clock sys_clk_pin rise edge)
                                                      0.000     0.000 r  
    E3                                                0.000     0.000 r  CLK100MHZ (IN)
                         net (fo=0)                   0.000     0.000    CLK100MHZ
    E3                   IBUF (Prop_ibuf_I_O)         1.482     1.482 r  CLK100MHZ_IBUF_inst/O
                         net (fo=1, routed)           2.025     3.506    CLK100MHZ_IBUF
    BUFGCTRL_X0Y16       BUFG (Prop_bufg_I_O)         0.096     3.602 r  CLK100MHZ_IBUF_BUFG_inst/O
                         net (fo=34, routed)          1.717     5.320    tdm/divider/CLK100MHZ_IBUF_BUFG
    SLICE_X4Y84          FDRE                                         r  tdm/divider/counter_reg[16]/C
  -------------------------------------------------------------------    -------------------
    SLICE_X4Y84          FDRE (Prop_fdre_C_Q)         0.456     5.776 r  tdm/divider/counter_reg[16]/Q
                         net (fo=2, routed)           0.984     6.760    tdm/divider/counter_reg_n_0_[16]
    SLICE_X6Y84          LUT5 (Prop_lut5_I2_O)        0.124     6.884 f  tdm/divider/counter[16]_i_4/O
                         net (fo=2, routed)           0.831     7.715    tdm/divider/counter[16]_i_4_n_0
    SLICE_X4Y85          LUT4 (Prop_lut4_I2_O)        0.124     7.839 r  tdm/divider/counter[16]_i_1/O
                         net (fo=16, routed)          0.736     8.575    tdm/divider/clk_out
    SLICE_X4Y83          FDRE                                         r  tdm/divider/counter_reg[10]/R
  -------------------------------------------------------------------    -------------------

                         (clock sys_clk_pin rise edge)
                                                     10.000    10.000 r  
    E3                                                0.000    10.000 r  CLK100MHZ (IN)
                         net (fo=0)                   0.000    10.000    CLK100MHZ
    E3                   IBUF (Prop_ibuf_I_O)         1.411    11.411 r  CLK100MHZ_IBUF_inst/O
                         net (fo=1, routed)           1.920    13.331    CLK100MHZ_IBUF
    BUFGCTRL_X0Y16       BUFG (Prop_bufg_I_O)         0.091    13.422 r  CLK100MHZ_IBUF_BUFG_inst/O
                         net (fo=34, routed)          1.596    15.019    tdm/divider/CLK100MHZ_IBUF_BUFG
    SLICE_X4Y83          FDRE                                         r  tdm/divider/counter_reg[10]/C
                         clock pessimism              0.276    15.295    
                         clock uncertainty           -0.035    15.259    
    SLICE_X4Y83          FDRE (Setup_fdre_C_R)       -0.429    14.830    tdm/divider/counter_reg[10]
  -------------------------------------------------------------------
                         required time                         14.830    
                         arrival time                          -8.575    
  -------------------------------------------------------------------
                         slack                                  6.255    

Slack (MET) :             6.255ns  (required time - arrival time)
  Source:                 tdm/divider/counter_reg[16]/C
                            (rising edge-triggered cell FDRE clocked by sys_clk_pin  {rise@0.000ns fall@5.000ns period=10.000ns})
  Destination:            tdm/divider/counter_reg[11]/R
                            (rising edge-triggered cell FDRE clocked by sys_clk_pin  {rise@0.000ns fall@5.000ns period=10.000ns})
  Path Group:             sys_clk_pin
  Path Type:              Setup (Max at Slow Process Corner)
  Requirement:            10.000ns  (sys_clk_pin rise@10.000ns - sys_clk_pin rise@0.000ns)
  Data Path Delay:        3.256ns  (logic 0.704ns (21.625%)  route 2.552ns (78.376%))
  Logic Levels:           2  (LUT4=1 LUT5=1)
  Clock Path Skew:        -0.025ns (DCD - SCD + CPR)
    Destination Clock Delay (DCD):    5.019ns = ( 15.019 - 10.000 ) 
    Source Clock Delay      (SCD):    5.320ns
    Clock Pessimism Removal (CPR):    0.276ns
  Clock Uncertainty:      0.035ns  ((TSJ^2 + TIJ^2)^1/2 + DJ) / 2 + PE
    Total System Jitter     (TSJ):    0.071ns
    Total Input Jitter      (TIJ):    0.000ns
    Discrete Jitter          (DJ):    0.000ns
    Phase Error              (PE):    0.000ns

    Location             Delay type                Incr(ns)  Path(ns)    Netlist Resource(s)
  -------------------------------------------------------------------    -------------------
                         (clock sys_clk_pin rise edge)
                                                      0.000     0.000 r  
    E3                                                0.000     0.000 r  CLK100MHZ (IN)
                         net (fo=0)                   0.000     0.000    CLK100MHZ
    E3                   IBUF (Prop_ibuf_I_O)         1.482     1.482 r  CLK100MHZ_IBUF_inst/O
                         net (fo=1, routed)           2.025     3.506    CLK100MHZ_IBUF
    BUFGCTRL_X0Y16       BUFG (Prop_bufg_I_O)         0.096     3.602 r  CLK100MHZ_IBUF_BUFG_inst/O
                         net (fo=34, routed)          1.717     5.320    tdm/divider/CLK100MHZ_IBUF_BUFG
    SLICE_X4Y84          FDRE                                         r  tdm/divider/counter_reg[16]/C
  -------------------------------------------------------------------    -------------------
    SLICE_X4Y84          FDRE (Prop_fdre_C_Q)         0.456     5.776 r  tdm/divider/counter_reg[16]/Q
                         net (fo=2, routed)           0.984     6.760    tdm/divider/counter_reg_n_0_[16]
    SLICE_X6Y84          LUT5 (Prop_lut5_I2_O)        0.124     6.884 f  tdm/divider/counter[16]_i_4/O
                         net (fo=2, routed)           0.831     7.715    tdm/divider/counter[16]_i_4_n_0
    SLICE_X4Y85          LUT4 (Prop_lut4_I2_O)        0.124     7.839 r  tdm/divider/counter[16]_i_1/O
                         net (fo=16, routed)          0.736     8.575    tdm/divider/clk_out
    SLICE_X4Y83          FDRE                                         r  tdm/divider/counter_reg[11]/R
  -------------------------------------------------------------------    -------------------

                         (clock sys_clk_pin rise edge)
                                                     10.000    10.000 r  
    E3                                                0.000    10.000 r  CLK100MHZ (IN)
                         net (fo=0)                   0.000    10.000    CLK100MHZ
    E3                   IBUF (Prop_ibuf_I_O)         1.411    11.411 r  CLK100MHZ_IBUF_inst/O
                         net (fo=1, routed)           1.920    13.331    CLK100MHZ_IBUF
    BUFGCTRL_X0Y16       BUFG (Prop_bufg_I_O)         0.091    13.422 r  CLK100MHZ_IBUF_BUFG_inst/O
                         net (fo=34, routed)          1.596    15.019    tdm/divider/CLK100MHZ_IBUF_BUFG
    SLICE_X4Y83          FDRE                                         r  tdm/divider/counter_reg[11]/C
                         clock pessimism              0.276    15.295    
                         clock uncertainty           -0.035    15.259    
    SLICE_X4Y83          FDRE (Setup_fdre_C_R)       -0.429    14.830    tdm/divider/counter_reg[11]
  -------------------------------------------------------------------
                         required time                         14.830    
                         arrival time                          -8.575    
  -------------------------------------------------------------------
                         slack                                  6.255    





Min Delay Paths
--------------------------------------------------------------------------------------
Slack (MET) :             0.249ns  (arrival time - required time)
  Source:                 tdm/divider/counter_reg[0]/C
                            (rising edge-triggered cell FDRE clocked by sys_clk_pin  {rise@0.000ns fall@5.000ns period=10.000ns})
  Destination:            tdm/divider/counter_reg[0]/D
                            (rising edge-triggered cell FDRE clocked by sys_clk_pin  {rise@0.000ns fall@5.000ns period=10.000ns})
  Path Group:             sys_clk_pin
  Path Type:              Hold (Min at Fast Process Corner)
  Requirement:            0.000ns  (sys_clk_pin rise@0.000ns - sys_clk_pin rise@0.000ns)
  Data Path Delay:        0.382ns  (logic 0.207ns (54.146%)  route 0.175ns (45.854%))
  Logic Levels:           1  (LUT1=1)
  Clock Path Skew:        0.000ns (DCD - SCD - CPR)
    Destination Clock Delay (DCD):    2.033ns
    Source Clock Delay      (SCD):    1.518ns
    Clock Pessimism Removal (CPR):    0.514ns

    Location             Delay type                Incr(ns)  Path(ns)    Netlist Resource(s)
  -------------------------------------------------------------------    -------------------
                         (clock sys_clk_pin rise edge)
                                                      0.000     0.000 r  
    E3                                                0.000     0.000 r  CLK100MHZ (IN)
                         net (fo=0)                   0.000     0.000    CLK100MHZ
    E3                   IBUF (Prop_ibuf_I_O)         0.250     0.250 r  CLK100MHZ_IBUF_inst/O
                         net (fo=1, routed)           0.644     0.894    CLK100MHZ_IBUF
    BUFGCTRL_X0Y16       BUFG (Prop_bufg_I_O)         0.026     0.920 r  CLK100MHZ_IBUF_BUFG_inst/O
                         net (fo=34, routed)          0.599     1.518    tdm/divider/CLK100MHZ_IBUF_BUFG
    SLICE_X6Y84          FDRE                                         r  tdm/divider/counter_reg[0]/C
  -------------------------------------------------------------------    -------------------
    SLICE_X6Y84          FDRE (Prop_fdre_C_Q)         0.164     1.682 f  tdm/divider/counter_reg[0]/Q
                         net (fo=3, routed)           0.175     1.858    tdm/divider/counter_reg_n_0_[0]
    SLICE_X6Y84          LUT1 (Prop_lut1_I0_O)        0.043     1.901 r  tdm/divider/counter[0]_i_1__0/O
                         net (fo=1, routed)           0.000     1.901    tdm/divider/counter[0]
    SLICE_X6Y84          FDRE                                         r  tdm/divider/counter_reg[0]/D
  -------------------------------------------------------------------    -------------------

                         (clock sys_clk_pin rise edge)
                                                      0.000     0.000 r  
    E3                                                0.000     0.000 r  CLK100MHZ (IN)
                         net (fo=0)                   0.000     0.000    CLK100MHZ
    E3                   IBUF (Prop_ibuf_I_O)         0.438     0.438 r  CLK100MHZ_IBUF_inst/O
                         net (fo=1, routed)           0.699     1.136    CLK100MHZ_IBUF
    BUFGCTRL_X0Y16       BUFG (Prop_bufg_I_O)         0.029     1.165 r  CLK100MHZ_IBUF_BUFG_inst/O
                         net (fo=34, routed)          0.868     2.033    tdm/divider/CLK100MHZ_IBUF_BUFG
    SLICE_X6Y84          FDRE                                         r  tdm/divider/counter_reg[0]/C
                         clock pessimism             -0.514     1.518    
    SLICE_X6Y84          FDRE (Hold_fdre_C_D)         0.133     1.651    tdm/divider/counter_reg[0]
  -------------------------------------------------------------------
                         required time                         -1.651    
                         arrival time                           1.901    
  -------------------------------------------------------------------
                         slack                                  0.249    

Slack (MET) :             0.264ns  (arrival time - required time)
  Source:                 tdm/divider/clk_out_reg/C
                            (rising edge-triggered cell FDRE clocked by sys_clk_pin  {rise@0.000ns fall@5.000ns period=10.000ns})
  Destination:            tdm/divider/clk_out_reg/D
                            (rising edge-triggered cell FDRE clocked by sys_clk_pin  {rise@0.000ns fall@5.000ns period=10.000ns})
  Path Group:             sys_clk_pin
  Path Type:              Hold (Min at Fast Process Corner)
  Requirement:            0.000ns  (sys_clk_pin rise@0.000ns - sys_clk_pin rise@0.000ns)
  Data Path Delay:        0.384ns  (logic 0.209ns (54.384%)  route 0.175ns (45.616%))
  Logic Levels:           1  (LUT5=1)
  Clock Path Skew:        0.000ns (DCD - SCD - CPR)
    Destination Clock Delay (DCD):    2.034ns
    Source Clock Delay      (SCD):    1.518ns
    Clock Pessimism Removal (CPR):    0.515ns

    Location             Delay type                Incr(ns)  Path(ns)    Netlist Resource(s)
  -------------------------------------------------------------------    -------------------
                         (clock sys_clk_pin rise edge)
                                                      0.000     0.000 r  
    E3                                                0.000     0.000 r  CLK100MHZ (IN)
                         net (fo=0)                   0.000     0.000    CLK100MHZ
    E3                   IBUF (Prop_ibuf_I_O)         0.250     0.250 r  CLK100MHZ_IBUF_inst/O
                         net (fo=1, routed)           0.644     0.894    CLK100MHZ_IBUF
    BUFGCTRL_X0Y16       BUFG (Prop_bufg_I_O)         0.026     0.920 r  CLK100MHZ_IBUF_BUFG_inst/O
                         net (fo=34, routed)          0.599     1.518    tdm/divider/CLK100MHZ_IBUF_BUFG
    SLICE_X6Y85          FDRE                                         r  tdm/divider/clk_out_reg/C
  -------------------------------------------------------------------    -------------------
    SLICE_X6Y85          FDRE (Prop_fdre_C_Q)         0.164     1.682 r  tdm/divider/clk_out_reg/Q
                         net (fo=4, routed)           0.175     1.858    tdm/divider/clk_out_reg_0
    SLICE_X6Y85          LUT5 (Prop_lut5_I4_O)        0.045     1.903 r  tdm/divider/clk_out_i_1__0/O
                         net (fo=1, routed)           0.000     1.903    tdm/divider/clk_out_i_1__0_n_0
    SLICE_X6Y85          FDRE                                         r  tdm/divider/clk_out_reg/D
  -------------------------------------------------------------------    -------------------

                         (clock sys_clk_pin rise edge)
                                                      0.000     0.000 r  
    E3                                                0.000     0.000 r  CLK100MHZ (IN)
                         net (fo=0)                   0.000     0.000    CLK100MHZ
    E3                   IBUF (Prop_ibuf_I_O)         0.438     0.438 r  CLK100MHZ_IBUF_inst/O
                         net (fo=1, routed)           0.699     1.136    CLK100MHZ_IBUF
    BUFGCTRL_X0Y16       BUFG (Prop_bufg_I_O)         0.029     1.165 r  CLK100MHZ_IBUF_BUFG_inst/O
                         net (fo=34, routed)          0.869     2.034    tdm/divider/CLK100MHZ_IBUF_BUFG
    SLICE_X6Y85          FDRE                                         r  tdm/divider/clk_out_reg/C
                         clock pessimism             -0.515     1.518    
    SLICE_X6Y85          FDRE (Hold_fdre_C_D)         0.120     1.638    tdm/divider/clk_out_reg
  -------------------------------------------------------------------
                         required time                         -1.638    
                         arrival time                           1.903    
  -------------------------------------------------------------------
                         slack                                  0.264    

Slack (MET) :             0.264ns  (arrival time - required time)
  Source:                 clk100/counter_reg[8]/C
                            (rising edge-triggered cell FDRE clocked by sys_clk_pin  {rise@0.000ns fall@5.000ns period=10.000ns})
  Destination:            clk100/counter_reg[8]/D
                            (rising edge-triggered cell FDRE clocked by sys_clk_pin  {rise@0.000ns fall@5.000ns period=10.000ns})
  Path Group:             sys_clk_pin
  Path Type:              Hold (Min at Fast Process Corner)
  Requirement:            0.000ns  (sys_clk_pin rise@0.000ns - sys_clk_pin rise@0.000ns)
  Data Path Delay:        0.369ns  (logic 0.249ns (67.424%)  route 0.120ns (32.576%))
  Logic Levels:           1  (CARRY4=1)
  Clock Path Skew:        0.000ns (DCD - SCD - CPR)
    Destination Clock Delay (DCD):    2.032ns
    Source Clock Delay      (SCD):    1.517ns
    Clock Pessimism Removal (CPR):    0.514ns

    Location             Delay type                Incr(ns)  Path(ns)    Netlist Resource(s)
  -------------------------------------------------------------------    -------------------
                         (clock sys_clk_pin rise edge)
                                                      0.000     0.000 r  
    E3                                                0.000     0.000 r  CLK100MHZ (IN)
                         net (fo=0)                   0.000     0.000    CLK100MHZ
    E3                   IBUF (Prop_ibuf_I_O)         0.250     0.250 r  CLK100MHZ_IBUF_inst/O
                         net (fo=1, routed)           0.644     0.894    CLK100MHZ_IBUF
    BUFGCTRL_X0Y16       BUFG (Prop_bufg_I_O)         0.026     0.920 r  CLK100MHZ_IBUF_BUFG_inst/O
                         net (fo=34, routed)          0.598     1.517    clk100/CLK100MHZ_IBUF_BUFG
    SLICE_X5Y83          FDRE                                         r  clk100/counter_reg[8]/C
  -------------------------------------------------------------------    -------------------
    SLICE_X5Y83          FDRE (Prop_fdre_C_Q)         0.141     1.658 r  clk100/counter_reg[8]/Q
                         net (fo=2, routed)           0.120     1.779    clk100/counter[8]
    SLICE_X5Y83          CARRY4 (Prop_carry4_S[3]_O[3])
                                                      0.108     1.887 r  clk100/counter0_carry__0/O[3]
                         net (fo=1, routed)           0.000     1.887    clk100/data0[8]
    SLICE_X5Y83          FDRE                                         r  clk100/counter_reg[8]/D
  -------------------------------------------------------------------    -------------------

                         (clock sys_clk_pin rise edge)
                                                      0.000     0.000 r  
    E3                                                0.000     0.000 r  CLK100MHZ (IN)
                         net (fo=0)                   0.000     0.000    CLK100MHZ
    E3                   IBUF (Prop_ibuf_I_O)         0.438     0.438 r  CLK100MHZ_IBUF_inst/O
                         net (fo=1, routed)           0.699     1.136    CLK100MHZ_IBUF
    BUFGCTRL_X0Y16       BUFG (Prop_bufg_I_O)         0.029     1.165 r  CLK100MHZ_IBUF_BUFG_inst/O
                         net (fo=34, routed)          0.867     2.032    clk100/CLK100MHZ_IBUF_BUFG
    SLICE_X5Y83          FDRE                                         r  clk100/counter_reg[8]/C
                         clock pessimism             -0.514     1.517    
    SLICE_X5Y83          FDRE (Hold_fdre_C_D)         0.105     1.622    clk100/counter_reg[8]
  -------------------------------------------------------------------
                         required time                         -1.622    
                         arrival time                           1.887    
  -------------------------------------------------------------------
                         slack                                  0.264    

Slack (MET) :             0.264ns  (arrival time - required time)
  Source:                 clk100/counter_reg[12]/C
                            (rising edge-triggered cell FDRE clocked by sys_clk_pin  {rise@0.000ns fall@5.000ns period=10.000ns})
  Destination:            clk100/counter_reg[12]/D
                            (rising edge-triggered cell FDRE clocked by sys_clk_pin  {rise@0.000ns fall@5.000ns period=10.000ns})
  Path Group:             sys_clk_pin
  Path Type:              Hold (Min at Fast Process Corner)
  Requirement:            0.000ns  (sys_clk_pin rise@0.000ns - sys_clk_pin rise@0.000ns)
  Data Path Delay:        0.369ns  (logic 0.249ns (67.424%)  route 0.120ns (32.576%))
  Logic Levels:           1  (CARRY4=1)
  Clock Path Skew:        0.000ns (DCD - SCD - CPR)
    Destination Clock Delay (DCD):    2.033ns
    Source Clock Delay      (SCD):    1.518ns
    Clock Pessimism Removal (CPR):    0.514ns

    Location             Delay type                Incr(ns)  Path(ns)    Netlist Resource(s)
  -------------------------------------------------------------------    -------------------
                         (clock sys_clk_pin rise edge)
                                                      0.000     0.000 r  
    E3                                                0.000     0.000 r  CLK100MHZ (IN)
                         net (fo=0)                   0.000     0.000    CLK100MHZ
    E3                   IBUF (Prop_ibuf_I_O)         0.250     0.250 r  CLK100MHZ_IBUF_inst/O
                         net (fo=1, routed)           0.644     0.894    CLK100MHZ_IBUF
    BUFGCTRL_X0Y16       BUFG (Prop_bufg_I_O)         0.026     0.920 r  CLK100MHZ_IBUF_BUFG_inst/O
                         net (fo=34, routed)          0.599     1.518    clk100/CLK100MHZ_IBUF_BUFG
    SLICE_X5Y84          FDRE                                         r  clk100/counter_reg[12]/C
  -------------------------------------------------------------------    -------------------
    SLICE_X5Y84          FDRE (Prop_fdre_C_Q)         0.141     1.659 r  clk100/counter_reg[12]/Q
                         net (fo=2, routed)           0.120     1.780    clk100/counter[12]
    SLICE_X5Y84          CARRY4 (Prop_carry4_S[3]_O[3])
                                                      0.108     1.888 r  clk100/counter0_carry__1/O[3]
                         net (fo=1, routed)           0.000     1.888    clk100/data0[12]
    SLICE_X5Y84          FDRE                                         r  clk100/counter_reg[12]/D
  -------------------------------------------------------------------    -------------------

                         (clock sys_clk_pin rise edge)
                                                      0.000     0.000 r  
    E3                                                0.000     0.000 r  CLK100MHZ (IN)
                         net (fo=0)                   0.000     0.000    CLK100MHZ
    E3                   IBUF (Prop_ibuf_I_O)         0.438     0.438 r  CLK100MHZ_IBUF_inst/O
                         net (fo=1, routed)           0.699     1.136    CLK100MHZ_IBUF
    BUFGCTRL_X0Y16       BUFG (Prop_bufg_I_O)         0.029     1.165 r  CLK100MHZ_IBUF_BUFG_inst/O
                         net (fo=34, routed)          0.868     2.033    clk100/CLK100MHZ_IBUF_BUFG
    SLICE_X5Y84          FDRE                                         r  clk100/counter_reg[12]/C
                         clock pessimism             -0.514     1.518    
    SLICE_X5Y84          FDRE (Hold_fdre_C_D)         0.105     1.623    clk100/counter_reg[12]
  -------------------------------------------------------------------
                         required time                         -1.623    
                         arrival time                           1.888    
  -------------------------------------------------------------------
                         slack                                  0.264    

Slack (MET) :             0.264ns  (arrival time - required time)
  Source:                 clk100/counter_reg[4]/C
                            (rising edge-triggered cell FDRE clocked by sys_clk_pin  {rise@0.000ns fall@5.000ns period=10.000ns})
  Destination:            clk100/counter_reg[4]/D
                            (rising edge-triggered cell FDRE clocked by sys_clk_pin  {rise@0.000ns fall@5.000ns period=10.000ns})
  Path Group:             sys_clk_pin
  Path Type:              Hold (Min at Fast Process Corner)
  Requirement:            0.000ns  (sys_clk_pin rise@0.000ns - sys_clk_pin rise@0.000ns)
  Data Path Delay:        0.369ns  (logic 0.249ns (67.424%)  route 0.120ns (32.576%))
  Logic Levels:           1  (CARRY4=1)
  Clock Path Skew:        0.000ns (DCD - SCD - CPR)
    Destination Clock Delay (DCD):    2.031ns
    Source Clock Delay      (SCD):    1.516ns
    Clock Pessimism Removal (CPR):    0.514ns

    Location             Delay type                Incr(ns)  Path(ns)    Netlist Resource(s)
  -------------------------------------------------------------------    -------------------
                         (clock sys_clk_pin rise edge)
                                                      0.000     0.000 r  
    E3                                                0.000     0.000 r  CLK100MHZ (IN)
                         net (fo=0)                   0.000     0.000    CLK100MHZ
    E3                   IBUF (Prop_ibuf_I_O)         0.250     0.250 r  CLK100MHZ_IBUF_inst/O
                         net (fo=1, routed)           0.644     0.894    CLK100MHZ_IBUF
    BUFGCTRL_X0Y16       BUFG (Prop_bufg_I_O)         0.026     0.920 r  CLK100MHZ_IBUF_BUFG_inst/O
                         net (fo=34, routed)          0.597     1.516    clk100/CLK100MHZ_IBUF_BUFG
    SLICE_X5Y82          FDRE                                         r  clk100/counter_reg[4]/C
  -------------------------------------------------------------------    -------------------
    SLICE_X5Y82          FDRE (Prop_fdre_C_Q)         0.141     1.657 r  clk100/counter_reg[4]/Q
                         net (fo=2, routed)           0.120     1.778    clk100/counter[4]
    SLICE_X5Y82          CARRY4 (Prop_carry4_S[3]_O[3])
                                                      0.108     1.886 r  clk100/counter0_carry/O[3]
                         net (fo=1, routed)           0.000     1.886    clk100/data0[4]
    SLICE_X5Y82          FDRE                                         r  clk100/counter_reg[4]/D
  -------------------------------------------------------------------    -------------------

                         (clock sys_clk_pin rise edge)
                                                      0.000     0.000 r  
    E3                                                0.000     0.000 r  CLK100MHZ (IN)
                         net (fo=0)                   0.000     0.000    CLK100MHZ
    E3                   IBUF (Prop_ibuf_I_O)         0.438     0.438 r  CLK100MHZ_IBUF_inst/O
                         net (fo=1, routed)           0.699     1.136    CLK100MHZ_IBUF
    BUFGCTRL_X0Y16       BUFG (Prop_bufg_I_O)         0.029     1.165 r  CLK100MHZ_IBUF_BUFG_inst/O
                         net (fo=34, routed)          0.866     2.031    clk100/CLK100MHZ_IBUF_BUFG
    SLICE_X5Y82          FDRE                                         r  clk100/counter_reg[4]/C
                         clock pessimism             -0.514     1.516    
    SLICE_X5Y82          FDRE (Hold_fdre_C_D)         0.105     1.621    clk100/counter_reg[4]
  -------------------------------------------------------------------
                         required time                         -1.621    
                         arrival time                           1.886    
  -------------------------------------------------------------------
                         slack                                  0.264    

Slack (MET) :             0.266ns  (arrival time - required time)
  Source:                 clk100/counter_reg[5]/C
                            (rising edge-triggered cell FDRE clocked by sys_clk_pin  {rise@0.000ns fall@5.000ns period=10.000ns})
  Destination:            clk100/counter_reg[5]/D
                            (rising edge-triggered cell FDRE clocked by sys_clk_pin  {rise@0.000ns fall@5.000ns period=10.000ns})
  Path Group:             sys_clk_pin
  Path Type:              Hold (Min at Fast Process Corner)
  Requirement:            0.000ns  (sys_clk_pin rise@0.000ns - sys_clk_pin rise@0.000ns)
  Data Path Delay:        0.371ns  (logic 0.256ns (68.994%)  route 0.115ns (31.006%))
  Logic Levels:           1  (CARRY4=1)
  Clock Path Skew:        0.000ns (DCD - SCD - CPR)
    Destination Clock Delay (DCD):    2.032ns
    Source Clock Delay      (SCD):    1.517ns
    Clock Pessimism Removal (CPR):    0.514ns

    Location             Delay type                Incr(ns)  Path(ns)    Netlist Resource(s)
  -------------------------------------------------------------------    -------------------
                         (clock sys_clk_pin rise edge)
                                                      0.000     0.000 r  
    E3                                                0.000     0.000 r  CLK100MHZ (IN)
                         net (fo=0)                   0.000     0.000    CLK100MHZ
    E3                   IBUF (Prop_ibuf_I_O)         0.250     0.250 r  CLK100MHZ_IBUF_inst/O
                         net (fo=1, routed)           0.644     0.894    CLK100MHZ_IBUF
    BUFGCTRL_X0Y16       BUFG (Prop_bufg_I_O)         0.026     0.920 r  CLK100MHZ_IBUF_BUFG_inst/O
                         net (fo=34, routed)          0.598     1.517    clk100/CLK100MHZ_IBUF_BUFG
    SLICE_X5Y83          FDRE                                         r  clk100/counter_reg[5]/C
  -------------------------------------------------------------------    -------------------
    SLICE_X5Y83          FDRE (Prop_fdre_C_Q)         0.141     1.658 r  clk100/counter_reg[5]/Q
                         net (fo=2, routed)           0.115     1.773    clk100/counter[5]
    SLICE_X5Y83          CARRY4 (Prop_carry4_S[0]_O[0])
                                                      0.115     1.888 r  clk100/counter0_carry__0/O[0]
                         net (fo=1, routed)           0.000     1.888    clk100/data0[5]
    SLICE_X5Y83          FDRE                                         r  clk100/counter_reg[5]/D
  -------------------------------------------------------------------    -------------------

                         (clock sys_clk_pin rise edge)
                                                      0.000     0.000 r  
    E3                                                0.000     0.000 r  CLK100MHZ (IN)
                         net (fo=0)                   0.000     0.000    CLK100MHZ
    E3                   IBUF (Prop_ibuf_I_O)         0.438     0.438 r  CLK100MHZ_IBUF_inst/O
                         net (fo=1, routed)           0.699     1.136    CLK100MHZ_IBUF
    BUFGCTRL_X0Y16       BUFG (Prop_bufg_I_O)         0.029     1.165 r  CLK100MHZ_IBUF_BUFG_inst/O
                         net (fo=34, routed)          0.867     2.032    clk100/CLK100MHZ_IBUF_BUFG
    SLICE_X5Y83          FDRE                                         r  clk100/counter_reg[5]/C
                         clock pessimism             -0.514     1.517    
    SLICE_X5Y83          FDRE (Hold_fdre_C_D)         0.105     1.622    clk100/counter_reg[5]
  -------------------------------------------------------------------
                         required time                         -1.622    
                         arrival time                           1.888    
  -------------------------------------------------------------------
                         slack                                  0.266    

Slack (MET) :             0.266ns  (arrival time - required time)
  Source:                 clk100/counter_reg[9]/C
                            (rising edge-triggered cell FDRE clocked by sys_clk_pin  {rise@0.000ns fall@5.000ns period=10.000ns})
  Destination:            clk100/counter_reg[9]/D
                            (rising edge-triggered cell FDRE clocked by sys_clk_pin  {rise@0.000ns fall@5.000ns period=10.000ns})
  Path Group:             sys_clk_pin
  Path Type:              Hold (Min at Fast Process Corner)
  Requirement:            0.000ns  (sys_clk_pin rise@0.000ns - sys_clk_pin rise@0.000ns)
  Data Path Delay:        0.371ns  (logic 0.256ns (68.994%)  route 0.115ns (31.006%))
  Logic Levels:           1  (CARRY4=1)
  Clock Path Skew:        0.000ns (DCD - SCD - CPR)
    Destination Clock Delay (DCD):    2.033ns
    Source Clock Delay      (SCD):    1.518ns
    Clock Pessimism Removal (CPR):    0.514ns

    Location             Delay type                Incr(ns)  Path(ns)    Netlist Resource(s)
  -------------------------------------------------------------------    -------------------
                         (clock sys_clk_pin rise edge)
                                                      0.000     0.000 r  
    E3                                                0.000     0.000 r  CLK100MHZ (IN)
                         net (fo=0)                   0.000     0.000    CLK100MHZ
    E3                   IBUF (Prop_ibuf_I_O)         0.250     0.250 r  CLK100MHZ_IBUF_inst/O
                         net (fo=1, routed)           0.644     0.894    CLK100MHZ_IBUF
    BUFGCTRL_X0Y16       BUFG (Prop_bufg_I_O)         0.026     0.920 r  CLK100MHZ_IBUF_BUFG_inst/O
                         net (fo=34, routed)          0.599     1.518    clk100/CLK100MHZ_IBUF_BUFG
    SLICE_X5Y84          FDRE                                         r  clk100/counter_reg[9]/C
  -------------------------------------------------------------------    -------------------
    SLICE_X5Y84          FDRE (Prop_fdre_C_Q)         0.141     1.659 r  clk100/counter_reg[9]/Q
                         net (fo=2, routed)           0.115     1.774    clk100/counter[9]
    SLICE_X5Y84          CARRY4 (Prop_carry4_S[0]_O[0])
                                                      0.115     1.889 r  clk100/counter0_carry__1/O[0]
                         net (fo=1, routed)           0.000     1.889    clk100/data0[9]
    SLICE_X5Y84          FDRE                                         r  clk100/counter_reg[9]/D
  -------------------------------------------------------------------    -------------------

                         (clock sys_clk_pin rise edge)
                                                      0.000     0.000 r  
    E3                                                0.000     0.000 r  CLK100MHZ (IN)
                         net (fo=0)                   0.000     0.000    CLK100MHZ
    E3                   IBUF (Prop_ibuf_I_O)         0.438     0.438 r  CLK100MHZ_IBUF_inst/O
                         net (fo=1, routed)           0.699     1.136    CLK100MHZ_IBUF
    BUFGCTRL_X0Y16       BUFG (Prop_bufg_I_O)         0.029     1.165 r  CLK100MHZ_IBUF_BUFG_inst/O
                         net (fo=34, routed)          0.868     2.033    clk100/CLK100MHZ_IBUF_BUFG
    SLICE_X5Y84          FDRE                                         r  clk100/counter_reg[9]/C
                         clock pessimism             -0.514     1.518    
    SLICE_X5Y84          FDRE (Hold_fdre_C_D)         0.105     1.623    clk100/counter_reg[9]
  -------------------------------------------------------------------
                         required time                         -1.623    
                         arrival time                           1.889    
  -------------------------------------------------------------------
                         slack                                  0.266    

Slack (MET) :             0.269ns  (arrival time - required time)
  Source:                 clk100/counter_reg[11]/C
                            (rising edge-triggered cell FDRE clocked by sys_clk_pin  {rise@0.000ns fall@5.000ns period=10.000ns})
  Destination:            clk100/counter_reg[11]/D
                            (rising edge-triggered cell FDRE clocked by sys_clk_pin  {rise@0.000ns fall@5.000ns period=10.000ns})
  Path Group:             sys_clk_pin
  Path Type:              Hold (Min at Fast Process Corner)
  Requirement:            0.000ns  (sys_clk_pin rise@0.000ns - sys_clk_pin rise@0.000ns)
  Data Path Delay:        0.374ns  (logic 0.252ns (67.467%)  route 0.122ns (32.533%))
  Logic Levels:           1  (CARRY4=1)
  Clock Path Skew:        0.000ns (DCD - SCD - CPR)
    Destination Clock Delay (DCD):    2.033ns
    Source Clock Delay      (SCD):    1.518ns
    Clock Pessimism Removal (CPR):    0.514ns

    Location             Delay type                Incr(ns)  Path(ns)    Netlist Resource(s)
  -------------------------------------------------------------------    -------------------
                         (clock sys_clk_pin rise edge)
                                                      0.000     0.000 r  
    E3                                                0.000     0.000 r  CLK100MHZ (IN)
                         net (fo=0)                   0.000     0.000    CLK100MHZ
    E3                   IBUF (Prop_ibuf_I_O)         0.250     0.250 r  CLK100MHZ_IBUF_inst/O
                         net (fo=1, routed)           0.644     0.894    CLK100MHZ_IBUF
    BUFGCTRL_X0Y16       BUFG (Prop_bufg_I_O)         0.026     0.920 r  CLK100MHZ_IBUF_BUFG_inst/O
                         net (fo=34, routed)          0.599     1.518    clk100/CLK100MHZ_IBUF_BUFG
    SLICE_X5Y84          FDRE                                         r  clk100/counter_reg[11]/C
  -------------------------------------------------------------------    -------------------
    SLICE_X5Y84          FDRE (Prop_fdre_C_Q)         0.141     1.659 r  clk100/counter_reg[11]/Q
                         net (fo=2, routed)           0.122     1.781    clk100/counter[11]
    SLICE_X5Y84          CARRY4 (Prop_carry4_S[2]_O[2])
                                                      0.111     1.892 r  clk100/counter0_carry__1/O[2]
                         net (fo=1, routed)           0.000     1.892    clk100/data0[11]
    SLICE_X5Y84          FDRE                                         r  clk100/counter_reg[11]/D
  -------------------------------------------------------------------    -------------------

                         (clock sys_clk_pin rise edge)
                                                      0.000     0.000 r  
    E3                                                0.000     0.000 r  CLK100MHZ (IN)
                         net (fo=0)                   0.000     0.000    CLK100MHZ
    E3                   IBUF (Prop_ibuf_I_O)         0.438     0.438 r  CLK100MHZ_IBUF_inst/O
                         net (fo=1, routed)           0.699     1.136    CLK100MHZ_IBUF
    BUFGCTRL_X0Y16       BUFG (Prop_bufg_I_O)         0.029     1.165 r  CLK100MHZ_IBUF_BUFG_inst/O
                         net (fo=34, routed)          0.868     2.033    clk100/CLK100MHZ_IBUF_BUFG
    SLICE_X5Y84          FDRE                                         r  clk100/counter_reg[11]/C
                         clock pessimism             -0.514     1.518    
    SLICE_X5Y84          FDRE (Hold_fdre_C_D)         0.105     1.623    clk100/counter_reg[11]
  -------------------------------------------------------------------
                         required time                         -1.623    
                         arrival time                           1.892    
  -------------------------------------------------------------------
                         slack                                  0.269    

Slack (MET) :             0.269ns  (arrival time - required time)
  Source:                 clk100/counter_reg[3]/C
                            (rising edge-triggered cell FDRE clocked by sys_clk_pin  {rise@0.000ns fall@5.000ns period=10.000ns})
  Destination:            clk100/counter_reg[3]/D
                            (rising edge-triggered cell FDRE clocked by sys_clk_pin  {rise@0.000ns fall@5.000ns period=10.000ns})
  Path Group:             sys_clk_pin
  Path Type:              Hold (Min at Fast Process Corner)
  Requirement:            0.000ns  (sys_clk_pin rise@0.000ns - sys_clk_pin rise@0.000ns)
  Data Path Delay:        0.374ns  (logic 0.252ns (67.467%)  route 0.122ns (32.533%))
  Logic Levels:           1  (CARRY4=1)
  Clock Path Skew:        0.000ns (DCD - SCD - CPR)
    Destination Clock Delay (DCD):    2.031ns
    Source Clock Delay      (SCD):    1.516ns
    Clock Pessimism Removal (CPR):    0.514ns

    Location             Delay type                Incr(ns)  Path(ns)    Netlist Resource(s)
  -------------------------------------------------------------------    -------------------
                         (clock sys_clk_pin rise edge)
                                                      0.000     0.000 r  
    E3                                                0.000     0.000 r  CLK100MHZ (IN)
                         net (fo=0)                   0.000     0.000    CLK100MHZ
    E3                   IBUF (Prop_ibuf_I_O)         0.250     0.250 r  CLK100MHZ_IBUF_inst/O
                         net (fo=1, routed)           0.644     0.894    CLK100MHZ_IBUF
    BUFGCTRL_X0Y16       BUFG (Prop_bufg_I_O)         0.026     0.920 r  CLK100MHZ_IBUF_BUFG_inst/O
                         net (fo=34, routed)          0.597     1.516    clk100/CLK100MHZ_IBUF_BUFG
    SLICE_X5Y82          FDRE                                         r  clk100/counter_reg[3]/C
  -------------------------------------------------------------------    -------------------
    SLICE_X5Y82          FDRE (Prop_fdre_C_Q)         0.141     1.657 r  clk100/counter_reg[3]/Q
                         net (fo=2, routed)           0.122     1.779    clk100/counter[3]
    SLICE_X5Y82          CARRY4 (Prop_carry4_S[2]_O[2])
                                                      0.111     1.890 r  clk100/counter0_carry/O[2]
                         net (fo=1, routed)           0.000     1.890    clk100/data0[3]
    SLICE_X5Y82          FDRE                                         r  clk100/counter_reg[3]/D
  -------------------------------------------------------------------    -------------------

                         (clock sys_clk_pin rise edge)
                                                      0.000     0.000 r  
    E3                                                0.000     0.000 r  CLK100MHZ (IN)
                         net (fo=0)                   0.000     0.000    CLK100MHZ
    E3                   IBUF (Prop_ibuf_I_O)         0.438     0.438 r  CLK100MHZ_IBUF_inst/O
                         net (fo=1, routed)           0.699     1.136    CLK100MHZ_IBUF
    BUFGCTRL_X0Y16       BUFG (Prop_bufg_I_O)         0.029     1.165 r  CLK100MHZ_IBUF_BUFG_inst/O
                         net (fo=34, routed)          0.866     2.031    clk100/CLK100MHZ_IBUF_BUFG
    SLICE_X5Y82          FDRE                                         r  clk100/counter_reg[3]/C
                         clock pessimism             -0.514     1.516    
    SLICE_X5Y82          FDRE (Hold_fdre_C_D)         0.105     1.621    clk100/counter_reg[3]
  -------------------------------------------------------------------
                         required time                         -1.621    
                         arrival time                           1.890    
  -------------------------------------------------------------------
                         slack                                  0.269    

Slack (MET) :             0.269ns  (arrival time - required time)
  Source:                 clk100/counter_reg[7]/C
                            (rising edge-triggered cell FDRE clocked by sys_clk_pin  {rise@0.000ns fall@5.000ns period=10.000ns})
  Destination:            clk100/counter_reg[7]/D
                            (rising edge-triggered cell FDRE clocked by sys_clk_pin  {rise@0.000ns fall@5.000ns period=10.000ns})
  Path Group:             sys_clk_pin
  Path Type:              Hold (Min at Fast Process Corner)
  Requirement:            0.000ns  (sys_clk_pin rise@0.000ns - sys_clk_pin rise@0.000ns)
  Data Path Delay:        0.374ns  (logic 0.252ns (67.467%)  route 0.122ns (32.533%))
  Logic Levels:           1  (CARRY4=1)
  Clock Path Skew:        0.000ns (DCD - SCD - CPR)
    Destination Clock Delay (DCD):    2.032ns
    Source Clock Delay      (SCD):    1.517ns
    Clock Pessimism Removal (CPR):    0.514ns

    Location             Delay type                Incr(ns)  Path(ns)    Netlist Resource(s)
  -------------------------------------------------------------------    -------------------
                         (clock sys_clk_pin rise edge)
                                                      0.000     0.000 r  
    E3                                                0.000     0.000 r  CLK100MHZ (IN)
                         net (fo=0)                   0.000     0.000    CLK100MHZ
    E3                   IBUF (Prop_ibuf_I_O)         0.250     0.250 r  CLK100MHZ_IBUF_inst/O
                         net (fo=1, routed)           0.644     0.894    CLK100MHZ_IBUF
    BUFGCTRL_X0Y16       BUFG (Prop_bufg_I_O)         0.026     0.920 r  CLK100MHZ_IBUF_BUFG_inst/O
                         net (fo=34, routed)          0.598     1.517    clk100/CLK100MHZ_IBUF_BUFG
    SLICE_X5Y83          FDRE                                         r  clk100/counter_reg[7]/C
  -------------------------------------------------------------------    -------------------
    SLICE_X5Y83          FDRE (Prop_fdre_C_Q)         0.141     1.658 r  clk100/counter_reg[7]/Q
                         net (fo=2, routed)           0.122     1.780    clk100/counter[7]
    SLICE_X5Y83          CARRY4 (Prop_carry4_S[2]_O[2])
                                                      0.111     1.891 r  clk100/counter0_carry__0/O[2]
                         net (fo=1, routed)           0.000     1.891    clk100/data0[7]
    SLICE_X5Y83          FDRE                                         r  clk100/counter_reg[7]/D
  -------------------------------------------------------------------    -------------------

                         (clock sys_clk_pin rise edge)
                                                      0.000     0.000 r  
    E3                                                0.000     0.000 r  CLK100MHZ (IN)
                         net (fo=0)                   0.000     0.000    CLK100MHZ
    E3                   IBUF (Prop_ibuf_I_O)         0.438     0.438 r  CLK100MHZ_IBUF_inst/O
                         net (fo=1, routed)           0.699     1.136    CLK100MHZ_IBUF
    BUFGCTRL_X0Y16       BUFG (Prop_bufg_I_O)         0.029     1.165 r  CLK100MHZ_IBUF_BUFG_inst/O
                         net (fo=34, routed)          0.867     2.032    clk100/CLK100MHZ_IBUF_BUFG
    SLICE_X5Y83          FDRE                                         r  clk100/counter_reg[7]/C
                         clock pessimism             -0.514     1.517    
    SLICE_X5Y83          FDRE (Hold_fdre_C_D)         0.105     1.622    clk100/counter_reg[7]
  -------------------------------------------------------------------
                         required time                         -1.622    
                         arrival time                           1.891    
  -------------------------------------------------------------------
                         slack                                  0.269    





Pulse Width Checks
--------------------------------------------------------------------------------------
Clock Name:         sys_clk_pin
Waveform(ns):       { 0.000 5.000 }
Period(ns):         10.000
Sources:            { CLK100MHZ }

Check Type        Corner  Lib Pin  Reference Pin  Required(ns)  Actual(ns)  Slack(ns)  Location        Pin
Min Period        n/a     BUFG/I   n/a            2.155         10.000      7.845      BUFGCTRL_X0Y16  CLK100MHZ_IBUF_BUFG_inst/I
Min Period        n/a     FDRE/C   n/a            1.000         10.000      9.000      SLICE_X4Y85     clk100/clk_out_reg/C
Min Period        n/a     FDRE/C   n/a            1.000         10.000      9.000      SLICE_X4Y85     clk100/counter_reg[0]/C
Min Period        n/a     FDRE/C   n/a            1.000         10.000      9.000      SLICE_X5Y84     clk100/counter_reg[10]/C
Min Period        n/a     FDRE/C   n/a            1.000         10.000      9.000      SLICE_X5Y84     clk100/counter_reg[11]/C
Min Period        n/a     FDRE/C   n/a            1.000         10.000      9.000      SLICE_X5Y84     clk100/counter_reg[12]/C
Min Period        n/a     FDRE/C   n/a            1.000         10.000      9.000      SLICE_X5Y85     clk100/counter_reg[13]/C
Min Period        n/a     FDRE/C   n/a            1.000         10.000      9.000      SLICE_X5Y85     clk100/counter_reg[14]/C
Min Period        n/a     FDRE/C   n/a            1.000         10.000      9.000      SLICE_X5Y82     clk100/counter_reg[1]/C
Min Period        n/a     FDRE/C   n/a            1.000         10.000      9.000      SLICE_X5Y82     clk100/counter_reg[2]/C
Low Pulse Width   Fast    FDRE/C   n/a            0.500         5.000       4.500      SLICE_X5Y84     clk100/counter_reg[10]/C
Low Pulse Width   Fast    FDRE/C   n/a            0.500         5.000       4.500      SLICE_X5Y84     clk100/counter_reg[11]/C
Low Pulse Width   Fast    FDRE/C   n/a            0.500         5.000       4.500      SLICE_X5Y84     clk100/counter_reg[12]/C
Low Pulse Width   Fast    FDRE/C   n/a            0.500         5.000       4.500      SLICE_X5Y82     clk100/counter_reg[1]/C
Low Pulse Width   Fast    FDRE/C   n/a            0.500         5.000       4.500      SLICE_X5Y82     clk100/counter_reg[2]/C
Low Pulse Width   Fast    FDRE/C   n/a            0.500         5.000       4.500      SLICE_X5Y82     clk100/counter_reg[3]/C
Low Pulse Width   Fast    FDRE/C   n/a            0.500         5.000       4.500      SLICE_X5Y82     clk100/counter_reg[4]/C
Low Pulse Width   Fast    FDRE/C   n/a            0.500         5.000       4.500      SLICE_X5Y84     clk100/counter_reg[9]/C
Low Pulse Width   Fast    FDRE/C   n/a            0.500         5.000       4.500      SLICE_X6Y84     tdm/divider/counter_reg[0]/C
Low Pulse Width   Fast    FDRE/C   n/a            0.500         5.000       4.500      SLICE_X4Y84     tdm/divider/counter_reg[13]/C
High Pulse Width  Slow    FDRE/C   n/a            0.500         5.000       4.500      SLICE_X5Y84     clk100/counter_reg[10]/C
High Pulse Width  Slow    FDRE/C   n/a            0.500         5.000       4.500      SLICE_X5Y84     clk100/counter_reg[11]/C
High Pulse Width  Slow    FDRE/C   n/a            0.500         5.000       4.500      SLICE_X5Y84     clk100/counter_reg[12]/C
High Pulse Width  Slow    FDRE/C   n/a            0.500         5.000       4.500      SLICE_X5Y83     clk100/counter_reg[5]/C
High Pulse Width  Slow    FDRE/C   n/a            0.500         5.000       4.500      SLICE_X5Y83     clk100/counter_reg[6]/C
High Pulse Width  Slow    FDRE/C   n/a            0.500         5.000       4.500      SLICE_X5Y83     clk100/counter_reg[7]/C
High Pulse Width  Slow    FDRE/C   n/a            0.500         5.000       4.500      SLICE_X5Y83     clk100/counter_reg[8]/C
High Pulse Width  Slow    FDRE/C   n/a            0.500         5.000       4.500      SLICE_X5Y84     clk100/counter_reg[9]/C
High Pulse Width  Slow    FDRE/C   n/a            0.500         5.000       4.500      SLICE_X6Y84     tdm/divider/counter_reg[0]/C
High Pulse Width  Slow    FDRE/C   n/a            0.500         5.000       4.500      SLICE_X4Y83     tdm/divider/counter_reg[10]/C



