Copyright 1986-2018 Xilinx, Inc. All Rights Reserved.
-----------------------------------------------------------------------------------------------------------------------------------------------------------------------------------------------------------------------
| Tool Version : Vivado v.2018.3 (win64) Build 2405991 Thu Dec  6 23:38:27 MST 2018
| Date         : Sat Jul 20 17:56:17 2019
| Host         : DESKTOP-BUGDRN4 running 64-bit major release  (build 9200)
| Command      : report_timing_summary -max_paths 10 -file display_retentor_timing_summary_routed.rpt -pb display_retentor_timing_summary_routed.pb -rpx display_retentor_timing_summary_routed.rpx -warn_on_violation
| Design       : display_retentor
| Device       : 7a100t-csg324
| Speed File   : -1  PRODUCTION 1.23 2018-06-13
-----------------------------------------------------------------------------------------------------------------------------------------------------------------------------------------------------------------------

Timing Summary Report

------------------------------------------------------------------------------------------------
| Timer Settings
| --------------
------------------------------------------------------------------------------------------------

  Enable Multi Corner Analysis               :  Yes
  Enable Pessimism Removal                   :  Yes
  Pessimism Removal Resolution               :  Nearest Common Node
  Enable Input Delay Default Clock           :  No
  Enable Preset / Clear Arcs                 :  No
  Disable Flight Delays                      :  No
  Ignore I/O Paths                           :  No
  Timing Early Launch at Borrowing Latches   :  false

  Corner  Analyze    Analyze    
  Name    Max Paths  Min Paths  
  ------  ---------  ---------  
  Slow    Yes        Yes        
  Fast    Yes        Yes        



check_timing report

Table of Contents
-----------------
1. checking no_clock
2. checking constant_clock
3. checking pulse_width_clock
4. checking unconstrained_internal_endpoints
5. checking no_input_delay
6. checking no_output_delay
7. checking multiple_clock
8. checking generated_clocks
9. checking loops
10. checking partial_input_delay
11. checking partial_output_delay
12. checking latch_loops

1. checking no_clock
--------------------
 There are 53 register/latch pins with no clock driven by root clock pin: clk100/clk_out_reg/Q (HIGH)

 There are 3 register/latch pins with no clock driven by root clock pin: tdm/divider/clk_out_reg/Q (HIGH)


2. checking constant_clock
--------------------------
 There are 0 register/latch pins with constant_clock.


3. checking pulse_width_clock
-----------------------------
 There are 0 register/latch pins which need pulse_width check


4. checking unconstrained_internal_endpoints
--------------------------------------------
 There are 132 pins that are not constrained for maximum delay. (HIGH)

 There are 0 pins that are not constrained for maximum delay due to constant clock.


5. checking no_input_delay
--------------------------
 There are 19 input ports with no input delay specified. (HIGH)

 There are 0 input ports with no input delay but user has a false path constraint.


6. checking no_output_delay
---------------------------
 There are 15 ports with no output delay specified. (HIGH)

 There are 0 ports with no output delay but user has a false path constraint

 There are 0 ports with no output delay but with a timing clock defined on it or propagating through it


7. checking multiple_clock
--------------------------
 There are 0 register/latch pins with multiple clocks.


8. checking generated_clocks
----------------------------
 There are 0 generated clocks that are not connected to a clock source.


9. checking loops
-----------------
 There are 0 combinational loops in the design.


10. checking partial_input_delay
--------------------------------
 There are 0 input ports with partial input delay specified.


11. checking partial_output_delay
---------------------------------
 There are 0 ports with partial output delay specified.


12. checking latch_loops
------------------------
 There are 0 combinational latch loops in the design through latch input



------------------------------------------------------------------------------------------------
| Design Timing Summary
| ---------------------
------------------------------------------------------------------------------------------------

    WNS(ns)      TNS(ns)  TNS Failing Endpoints  TNS Total Endpoints      WHS(ns)      THS(ns)  THS Failing Endpoints  THS Total Endpoints     WPWS(ns)     TPWS(ns)  TPWS Failing Endpoints  TPWS Total Endpoints  
    -------      -------  ---------------------  -------------------      -------      -------  ---------------------  -------------------     --------     --------  ----------------------  --------------------  
      6.225        0.000                      0                   64        0.210        0.000                      0                   64        4.500        0.000                       0                    35  


All user specified timing constraints are met.


------------------------------------------------------------------------------------------------
| Clock Summary
| -------------
------------------------------------------------------------------------------------------------

Clock        Waveform(ns)       Period(ns)      Frequency(MHz)
-----        ------------       ----------      --------------
sys_clk_pin  {0.000 5.000}      10.000          100.000         


------------------------------------------------------------------------------------------------
| Intra Clock Table
| -----------------
------------------------------------------------------------------------------------------------

Clock             WNS(ns)      TNS(ns)  TNS Failing Endpoints  TNS Total Endpoints      WHS(ns)      THS(ns)  THS Failing Endpoints  THS Total Endpoints     WPWS(ns)     TPWS(ns)  TPWS Failing Endpoints  TPWS Total Endpoints  
-----             -------      -------  ---------------------  -------------------      -------      -------  ---------------------  -------------------     --------     --------  ----------------------  --------------------  
sys_clk_pin         6.225        0.000                      0                   64        0.210        0.000                      0                   64        4.500        0.000                       0                    35  


------------------------------------------------------------------------------------------------
| Inter Clock Table
| -----------------
------------------------------------------------------------------------------------------------

From Clock    To Clock          WNS(ns)      TNS(ns)  TNS Failing Endpoints  TNS Total Endpoints      WHS(ns)      THS(ns)  THS Failing Endpoints  THS Total Endpoints  
----------    --------          -------      -------  ---------------------  -------------------      -------      -------  ---------------------  -------------------  


------------------------------------------------------------------------------------------------
| Other Path Groups Table
| -----------------------
------------------------------------------------------------------------------------------------

Path Group    From Clock    To Clock          WNS(ns)      TNS(ns)  TNS Failing Endpoints  TNS Total Endpoints      WHS(ns)      THS(ns)  THS Failing Endpoints  THS Total Endpoints  
----------    ----------    --------          -------      -------  ---------------------  -------------------      -------      -------  ---------------------  -------------------  


------------------------------------------------------------------------------------------------
| Timing Details
| --------------
------------------------------------------------------------------------------------------------


---------------------------------------------------------------------------------------------------
From Clock:  sys_clk_pin
  To Clock:  sys_clk_pin

Setup :            0  Failing Endpoints,  Worst Slack        6.225ns,  Total Violation        0.000ns
Hold  :            0  Failing Endpoints,  Worst Slack        0.210ns,  Total Violation        0.000ns
PW    :            0  Failing Endpoints,  Worst Slack        4.500ns,  Total Violation        0.000ns
---------------------------------------------------------------------------------------------------


Max Delay Paths
--------------------------------------------------------------------------------------
Slack (MET) :             6.225ns  (required time - arrival time)
  Source:                 clk100/counter_reg[8]/C
                            (rising edge-triggered cell FDRE clocked by sys_clk_pin  {rise@0.000ns fall@5.000ns period=10.000ns})
  Destination:            clk100/counter_reg[1]/R
                            (rising edge-triggered cell FDRE clocked by sys_clk_pin  {rise@0.000ns fall@5.000ns period=10.000ns})
  Path Group:             sys_clk_pin
  Path Type:              Setup (Max at Slow Process Corner)
  Requirement:            10.000ns  (sys_clk_pin rise@10.000ns - sys_clk_pin rise@0.000ns)
  Data Path Delay:        3.191ns  (logic 0.766ns (24.007%)  route 2.425ns (75.993%))
  Logic Levels:           2  (LUT4=1 LUT6=1)
  Clock Path Skew:        -0.025ns (DCD - SCD + CPR)
    Destination Clock Delay (DCD):    4.934ns = ( 14.934 - 10.000 ) 
    Source Clock Delay      (SCD):    5.235ns
    Clock Pessimism Removal (CPR):    0.276ns
  Clock Uncertainty:      0.035ns  ((TSJ^2 + TIJ^2)^1/2 + DJ) / 2 + PE
    Total System Jitter     (TSJ):    0.071ns
    Total Input Jitter      (TIJ):    0.000ns
    Discrete Jitter          (DJ):    0.000ns
    Phase Error              (PE):    0.000ns

    Location             Delay type                Incr(ns)  Path(ns)    Netlist Resource(s)
  -------------------------------------------------------------------    -------------------
                         (clock sys_clk_pin rise edge)
                                                      0.000     0.000 r  
    E3                                                0.000     0.000 r  CLK100MHZ (IN)
                         net (fo=0)                   0.000     0.000    CLK100MHZ
    E3                   IBUF (Prop_ibuf_I_O)         1.482     1.482 r  CLK100MHZ_IBUF_inst/O
                         net (fo=1, routed)           2.025     3.506    CLK100MHZ_IBUF
    BUFGCTRL_X0Y16       BUFG (Prop_bufg_I_O)         0.096     3.602 r  CLK100MHZ_IBUF_BUFG_inst/O
                         net (fo=34, routed)          1.632     5.235    clk100/CLK100MHZ_IBUF_BUFG
    SLICE_X50Y95         FDRE                                         r  clk100/counter_reg[8]/C
  -------------------------------------------------------------------    -------------------
    SLICE_X50Y95         FDRE (Prop_fdre_C_Q)         0.518     5.753 f  clk100/counter_reg[8]/Q
                         net (fo=2, routed)           0.677     6.430    clk100/counter[8]
    SLICE_X51Y95         LUT4 (Prop_lut4_I2_O)        0.124     6.554 f  clk100/counter[14]_i_4/O
                         net (fo=2, routed)           0.816     7.370    clk100/counter[14]_i_4_n_0
    SLICE_X51Y96         LUT6 (Prop_lut6_I5_O)        0.124     7.494 r  clk100/counter[14]_i_1/O
                         net (fo=14, routed)          0.931     8.425    clk100/clk_out
    SLICE_X50Y94         FDRE                                         r  clk100/counter_reg[1]/R
  -------------------------------------------------------------------    -------------------

                         (clock sys_clk_pin rise edge)
                                                     10.000    10.000 r  
    E3                                                0.000    10.000 r  CLK100MHZ (IN)
                         net (fo=0)                   0.000    10.000    CLK100MHZ
    E3                   IBUF (Prop_ibuf_I_O)         1.411    11.411 r  CLK100MHZ_IBUF_inst/O
                         net (fo=1, routed)           1.920    13.331    CLK100MHZ_IBUF
    BUFGCTRL_X0Y16       BUFG (Prop_bufg_I_O)         0.091    13.422 r  CLK100MHZ_IBUF_BUFG_inst/O
                         net (fo=34, routed)          1.511    14.934    clk100/CLK100MHZ_IBUF_BUFG
    SLICE_X50Y94         FDRE                                         r  clk100/counter_reg[1]/C
                         clock pessimism              0.276    15.210    
                         clock uncertainty           -0.035    15.174    
    SLICE_X50Y94         FDRE (Setup_fdre_C_R)       -0.524    14.650    clk100/counter_reg[1]
  -------------------------------------------------------------------
                         required time                         14.650    
                         arrival time                          -8.425    
  -------------------------------------------------------------------
                         slack                                  6.225    

Slack (MET) :             6.225ns  (required time - arrival time)
  Source:                 clk100/counter_reg[8]/C
                            (rising edge-triggered cell FDRE clocked by sys_clk_pin  {rise@0.000ns fall@5.000ns period=10.000ns})
  Destination:            clk100/counter_reg[2]/R
                            (rising edge-triggered cell FDRE clocked by sys_clk_pin  {rise@0.000ns fall@5.000ns period=10.000ns})
  Path Group:             sys_clk_pin
  Path Type:              Setup (Max at Slow Process Corner)
  Requirement:            10.000ns  (sys_clk_pin rise@10.000ns - sys_clk_pin rise@0.000ns)
  Data Path Delay:        3.191ns  (logic 0.766ns (24.007%)  route 2.425ns (75.993%))
  Logic Levels:           2  (LUT4=1 LUT6=1)
  Clock Path Skew:        -0.025ns (DCD - SCD + CPR)
    Destination Clock Delay (DCD):    4.934ns = ( 14.934 - 10.000 ) 
    Source Clock Delay      (SCD):    5.235ns
    Clock Pessimism Removal (CPR):    0.276ns
  Clock Uncertainty:      0.035ns  ((TSJ^2 + TIJ^2)^1/2 + DJ) / 2 + PE
    Total System Jitter     (TSJ):    0.071ns
    Total Input Jitter      (TIJ):    0.000ns
    Discrete Jitter          (DJ):    0.000ns
    Phase Error              (PE):    0.000ns

    Location             Delay type                Incr(ns)  Path(ns)    Netlist Resource(s)
  -------------------------------------------------------------------    -------------------
                         (clock sys_clk_pin rise edge)
                                                      0.000     0.000 r  
    E3                                                0.000     0.000 r  CLK100MHZ (IN)
                         net (fo=0)                   0.000     0.000    CLK100MHZ
    E3                   IBUF (Prop_ibuf_I_O)         1.482     1.482 r  CLK100MHZ_IBUF_inst/O
                         net (fo=1, routed)           2.025     3.506    CLK100MHZ_IBUF
    BUFGCTRL_X0Y16       BUFG (Prop_bufg_I_O)         0.096     3.602 r  CLK100MHZ_IBUF_BUFG_inst/O
                         net (fo=34, routed)          1.632     5.235    clk100/CLK100MHZ_IBUF_BUFG
    SLICE_X50Y95         FDRE                                         r  clk100/counter_reg[8]/C
  -------------------------------------------------------------------    -------------------
    SLICE_X50Y95         FDRE (Prop_fdre_C_Q)         0.518     5.753 f  clk100/counter_reg[8]/Q
                         net (fo=2, routed)           0.677     6.430    clk100/counter[8]
    SLICE_X51Y95         LUT4 (Prop_lut4_I2_O)        0.124     6.554 f  clk100/counter[14]_i_4/O
                         net (fo=2, routed)           0.816     7.370    clk100/counter[14]_i_4_n_0
    SLICE_X51Y96         LUT6 (Prop_lut6_I5_O)        0.124     7.494 r  clk100/counter[14]_i_1/O
                         net (fo=14, routed)          0.931     8.425    clk100/clk_out
    SLICE_X50Y94         FDRE                                         r  clk100/counter_reg[2]/R
  -------------------------------------------------------------------    -------------------

                         (clock sys_clk_pin rise edge)
                                                     10.000    10.000 r  
    E3                                                0.000    10.000 r  CLK100MHZ (IN)
                         net (fo=0)                   0.000    10.000    CLK100MHZ
    E3                   IBUF (Prop_ibuf_I_O)         1.411    11.411 r  CLK100MHZ_IBUF_inst/O
                         net (fo=1, routed)           1.920    13.331    CLK100MHZ_IBUF
    BUFGCTRL_X0Y16       BUFG (Prop_bufg_I_O)         0.091    13.422 r  CLK100MHZ_IBUF_BUFG_inst/O
                         net (fo=34, routed)          1.511    14.934    clk100/CLK100MHZ_IBUF_BUFG
    SLICE_X50Y94         FDRE                                         r  clk100/counter_reg[2]/C
                         clock pessimism              0.276    15.210    
                         clock uncertainty           -0.035    15.174    
    SLICE_X50Y94         FDRE (Setup_fdre_C_R)       -0.524    14.650    clk100/counter_reg[2]
  -------------------------------------------------------------------
                         required time                         14.650    
                         arrival time                          -8.425    
  -------------------------------------------------------------------
                         slack                                  6.225    

Slack (MET) :             6.225ns  (required time - arrival time)
  Source:                 clk100/counter_reg[8]/C
                            (rising edge-triggered cell FDRE clocked by sys_clk_pin  {rise@0.000ns fall@5.000ns period=10.000ns})
  Destination:            clk100/counter_reg[3]/R
                            (rising edge-triggered cell FDRE clocked by sys_clk_pin  {rise@0.000ns fall@5.000ns period=10.000ns})
  Path Group:             sys_clk_pin
  Path Type:              Setup (Max at Slow Process Corner)
  Requirement:            10.000ns  (sys_clk_pin rise@10.000ns - sys_clk_pin rise@0.000ns)
  Data Path Delay:        3.191ns  (logic 0.766ns (24.007%)  route 2.425ns (75.993%))
  Logic Levels:           2  (LUT4=1 LUT6=1)
  Clock Path Skew:        -0.025ns (DCD - SCD + CPR)
    Destination Clock Delay (DCD):    4.934ns = ( 14.934 - 10.000 ) 
    Source Clock Delay      (SCD):    5.235ns
    Clock Pessimism Removal (CPR):    0.276ns
  Clock Uncertainty:      0.035ns  ((TSJ^2 + TIJ^2)^1/2 + DJ) / 2 + PE
    Total System Jitter     (TSJ):    0.071ns
    Total Input Jitter      (TIJ):    0.000ns
    Discrete Jitter          (DJ):    0.000ns
    Phase Error              (PE):    0.000ns

    Location             Delay type                Incr(ns)  Path(ns)    Netlist Resource(s)
  -------------------------------------------------------------------    -------------------
                         (clock sys_clk_pin rise edge)
                                                      0.000     0.000 r  
    E3                                                0.000     0.000 r  CLK100MHZ (IN)
                         net (fo=0)                   0.000     0.000    CLK100MHZ
    E3                   IBUF (Prop_ibuf_I_O)         1.482     1.482 r  CLK100MHZ_IBUF_inst/O
                         net (fo=1, routed)           2.025     3.506    CLK100MHZ_IBUF
    BUFGCTRL_X0Y16       BUFG (Prop_bufg_I_O)         0.096     3.602 r  CLK100MHZ_IBUF_BUFG_inst/O
                         net (fo=34, routed)          1.632     5.235    clk100/CLK100MHZ_IBUF_BUFG
    SLICE_X50Y95         FDRE                                         r  clk100/counter_reg[8]/C
  -------------------------------------------------------------------    -------------------
    SLICE_X50Y95         FDRE (Prop_fdre_C_Q)         0.518     5.753 f  clk100/counter_reg[8]/Q
                         net (fo=2, routed)           0.677     6.430    clk100/counter[8]
    SLICE_X51Y95         LUT4 (Prop_lut4_I2_O)        0.124     6.554 f  clk100/counter[14]_i_4/O
                         net (fo=2, routed)           0.816     7.370    clk100/counter[14]_i_4_n_0
    SLICE_X51Y96         LUT6 (Prop_lut6_I5_O)        0.124     7.494 r  clk100/counter[14]_i_1/O
                         net (fo=14, routed)          0.931     8.425    clk100/clk_out
    SLICE_X50Y94         FDRE                                         r  clk100/counter_reg[3]/R
  -------------------------------------------------------------------    -------------------

                         (clock sys_clk_pin rise edge)
                                                     10.000    10.000 r  
    E3                                                0.000    10.000 r  CLK100MHZ (IN)
                         net (fo=0)                   0.000    10.000    CLK100MHZ
    E3                   IBUF (Prop_ibuf_I_O)         1.411    11.411 r  CLK100MHZ_IBUF_inst/O
                         net (fo=1, routed)           1.920    13.331    CLK100MHZ_IBUF
    BUFGCTRL_X0Y16       BUFG (Prop_bufg_I_O)         0.091    13.422 r  CLK100MHZ_IBUF_BUFG_inst/O
                         net (fo=34, routed)          1.511    14.934    clk100/CLK100MHZ_IBUF_BUFG
    SLICE_X50Y94         FDRE                                         r  clk100/counter_reg[3]/C
                         clock pessimism              0.276    15.210    
                         clock uncertainty           -0.035    15.174    
    SLICE_X50Y94         FDRE (Setup_fdre_C_R)       -0.524    14.650    clk100/counter_reg[3]
  -------------------------------------------------------------------
                         required time                         14.650    
                         arrival time                          -8.425    
  -------------------------------------------------------------------
                         slack                                  6.225    

Slack (MET) :             6.225ns  (required time - arrival time)
  Source:                 clk100/counter_reg[8]/C
                            (rising edge-triggered cell FDRE clocked by sys_clk_pin  {rise@0.000ns fall@5.000ns period=10.000ns})
  Destination:            clk100/counter_reg[4]/R
                            (rising edge-triggered cell FDRE clocked by sys_clk_pin  {rise@0.000ns fall@5.000ns period=10.000ns})
  Path Group:             sys_clk_pin
  Path Type:              Setup (Max at Slow Process Corner)
  Requirement:            10.000ns  (sys_clk_pin rise@10.000ns - sys_clk_pin rise@0.000ns)
  Data Path Delay:        3.191ns  (logic 0.766ns (24.007%)  route 2.425ns (75.993%))
  Logic Levels:           2  (LUT4=1 LUT6=1)
  Clock Path Skew:        -0.025ns (DCD - SCD + CPR)
    Destination Clock Delay (DCD):    4.934ns = ( 14.934 - 10.000 ) 
    Source Clock Delay      (SCD):    5.235ns
    Clock Pessimism Removal (CPR):    0.276ns
  Clock Uncertainty:      0.035ns  ((TSJ^2 + TIJ^2)^1/2 + DJ) / 2 + PE
    Total System Jitter     (TSJ):    0.071ns
    Total Input Jitter      (TIJ):    0.000ns
    Discrete Jitter          (DJ):    0.000ns
    Phase Error              (PE):    0.000ns

    Location             Delay type                Incr(ns)  Path(ns)    Netlist Resource(s)
  -------------------------------------------------------------------    -------------------
                         (clock sys_clk_pin rise edge)
                                                      0.000     0.000 r  
    E3                                                0.000     0.000 r  CLK100MHZ (IN)
                         net (fo=0)                   0.000     0.000    CLK100MHZ
    E3                   IBUF (Prop_ibuf_I_O)         1.482     1.482 r  CLK100MHZ_IBUF_inst/O
                         net (fo=1, routed)           2.025     3.506    CLK100MHZ_IBUF
    BUFGCTRL_X0Y16       BUFG (Prop_bufg_I_O)         0.096     3.602 r  CLK100MHZ_IBUF_BUFG_inst/O
                         net (fo=34, routed)          1.632     5.235    clk100/CLK100MHZ_IBUF_BUFG
    SLICE_X50Y95         FDRE                                         r  clk100/counter_reg[8]/C
  -------------------------------------------------------------------    -------------------
    SLICE_X50Y95         FDRE (Prop_fdre_C_Q)         0.518     5.753 f  clk100/counter_reg[8]/Q
                         net (fo=2, routed)           0.677     6.430    clk100/counter[8]
    SLICE_X51Y95         LUT4 (Prop_lut4_I2_O)        0.124     6.554 f  clk100/counter[14]_i_4/O
                         net (fo=2, routed)           0.816     7.370    clk100/counter[14]_i_4_n_0
    SLICE_X51Y96         LUT6 (Prop_lut6_I5_O)        0.124     7.494 r  clk100/counter[14]_i_1/O
                         net (fo=14, routed)          0.931     8.425    clk100/clk_out
    SLICE_X50Y94         FDRE                                         r  clk100/counter_reg[4]/R
  -------------------------------------------------------------------    -------------------

                         (clock sys_clk_pin rise edge)
                                                     10.000    10.000 r  
    E3                                                0.000    10.000 r  CLK100MHZ (IN)
                         net (fo=0)                   0.000    10.000    CLK100MHZ
    E3                   IBUF (Prop_ibuf_I_O)         1.411    11.411 r  CLK100MHZ_IBUF_inst/O
                         net (fo=1, routed)           1.920    13.331    CLK100MHZ_IBUF
    BUFGCTRL_X0Y16       BUFG (Prop_bufg_I_O)         0.091    13.422 r  CLK100MHZ_IBUF_BUFG_inst/O
                         net (fo=34, routed)          1.511    14.934    clk100/CLK100MHZ_IBUF_BUFG
    SLICE_X50Y94         FDRE                                         r  clk100/counter_reg[4]/C
                         clock pessimism              0.276    15.210    
                         clock uncertainty           -0.035    15.174    
    SLICE_X50Y94         FDRE (Setup_fdre_C_R)       -0.524    14.650    clk100/counter_reg[4]
  -------------------------------------------------------------------
                         required time                         14.650    
                         arrival time                          -8.425    
  -------------------------------------------------------------------
                         slack                                  6.225    

Slack (MET) :             6.376ns  (required time - arrival time)
  Source:                 clk100/counter_reg[8]/C
                            (rising edge-triggered cell FDRE clocked by sys_clk_pin  {rise@0.000ns fall@5.000ns period=10.000ns})
  Destination:            clk100/counter_reg[10]/R
                            (rising edge-triggered cell FDRE clocked by sys_clk_pin  {rise@0.000ns fall@5.000ns period=10.000ns})
  Path Group:             sys_clk_pin
  Path Type:              Setup (Max at Slow Process Corner)
  Requirement:            10.000ns  (sys_clk_pin rise@10.000ns - sys_clk_pin rise@0.000ns)
  Data Path Delay:        3.039ns  (logic 0.766ns (25.204%)  route 2.273ns (74.796%))
  Logic Levels:           2  (LUT4=1 LUT6=1)
  Clock Path Skew:        -0.025ns (DCD - SCD + CPR)
    Destination Clock Delay (DCD):    4.934ns = ( 14.934 - 10.000 ) 
    Source Clock Delay      (SCD):    5.235ns
    Clock Pessimism Removal (CPR):    0.276ns
  Clock Uncertainty:      0.035ns  ((TSJ^2 + TIJ^2)^1/2 + DJ) / 2 + PE
    Total System Jitter     (TSJ):    0.071ns
    Total Input Jitter      (TIJ):    0.000ns
    Discrete Jitter          (DJ):    0.000ns
    Phase Error              (PE):    0.000ns

    Location             Delay type                Incr(ns)  Path(ns)    Netlist Resource(s)
  -------------------------------------------------------------------    -------------------
                         (clock sys_clk_pin rise edge)
                                                      0.000     0.000 r  
    E3                                                0.000     0.000 r  CLK100MHZ (IN)
                         net (fo=0)                   0.000     0.000    CLK100MHZ
    E3                   IBUF (Prop_ibuf_I_O)         1.482     1.482 r  CLK100MHZ_IBUF_inst/O
                         net (fo=1, routed)           2.025     3.506    CLK100MHZ_IBUF
    BUFGCTRL_X0Y16       BUFG (Prop_bufg_I_O)         0.096     3.602 r  CLK100MHZ_IBUF_BUFG_inst/O
                         net (fo=34, routed)          1.632     5.235    clk100/CLK100MHZ_IBUF_BUFG
    SLICE_X50Y95         FDRE                                         r  clk100/counter_reg[8]/C
  -------------------------------------------------------------------    -------------------
    SLICE_X50Y95         FDRE (Prop_fdre_C_Q)         0.518     5.753 f  clk100/counter_reg[8]/Q
                         net (fo=2, routed)           0.677     6.430    clk100/counter[8]
    SLICE_X51Y95         LUT4 (Prop_lut4_I2_O)        0.124     6.554 f  clk100/counter[14]_i_4/O
                         net (fo=2, routed)           0.816     7.370    clk100/counter[14]_i_4_n_0
    SLICE_X51Y96         LUT6 (Prop_lut6_I5_O)        0.124     7.494 r  clk100/counter[14]_i_1/O
                         net (fo=14, routed)          0.780     8.274    clk100/clk_out
    SLICE_X50Y96         FDRE                                         r  clk100/counter_reg[10]/R
  -------------------------------------------------------------------    -------------------

                         (clock sys_clk_pin rise edge)
                                                     10.000    10.000 r  
    E3                                                0.000    10.000 r  CLK100MHZ (IN)
                         net (fo=0)                   0.000    10.000    CLK100MHZ
    E3                   IBUF (Prop_ibuf_I_O)         1.411    11.411 r  CLK100MHZ_IBUF_inst/O
                         net (fo=1, routed)           1.920    13.331    CLK100MHZ_IBUF
    BUFGCTRL_X0Y16       BUFG (Prop_bufg_I_O)         0.091    13.422 r  CLK100MHZ_IBUF_BUFG_inst/O
                         net (fo=34, routed)          1.511    14.934    clk100/CLK100MHZ_IBUF_BUFG
    SLICE_X50Y96         FDRE                                         r  clk100/counter_reg[10]/C
                         clock pessimism              0.276    15.210    
                         clock uncertainty           -0.035    15.174    
    SLICE_X50Y96         FDRE (Setup_fdre_C_R)       -0.524    14.650    clk100/counter_reg[10]
  -------------------------------------------------------------------
                         required time                         14.650    
                         arrival time                          -8.274    
  -------------------------------------------------------------------
                         slack                                  6.376    

Slack (MET) :             6.376ns  (required time - arrival time)
  Source:                 clk100/counter_reg[8]/C
                            (rising edge-triggered cell FDRE clocked by sys_clk_pin  {rise@0.000ns fall@5.000ns period=10.000ns})
  Destination:            clk100/counter_reg[11]/R
                            (rising edge-triggered cell FDRE clocked by sys_clk_pin  {rise@0.000ns fall@5.000ns period=10.000ns})
  Path Group:             sys_clk_pin
  Path Type:              Setup (Max at Slow Process Corner)
  Requirement:            10.000ns  (sys_clk_pin rise@10.000ns - sys_clk_pin rise@0.000ns)
  Data Path Delay:        3.039ns  (logic 0.766ns (25.204%)  route 2.273ns (74.796%))
  Logic Levels:           2  (LUT4=1 LUT6=1)
  Clock Path Skew:        -0.025ns (DCD - SCD + CPR)
    Destination Clock Delay (DCD):    4.934ns = ( 14.934 - 10.000 ) 
    Source Clock Delay      (SCD):    5.235ns
    Clock Pessimism Removal (CPR):    0.276ns
  Clock Uncertainty:      0.035ns  ((TSJ^2 + TIJ^2)^1/2 + DJ) / 2 + PE
    Total System Jitter     (TSJ):    0.071ns
    Total Input Jitter      (TIJ):    0.000ns
    Discrete Jitter          (DJ):    0.000ns
    Phase Error              (PE):    0.000ns

    Location             Delay type                Incr(ns)  Path(ns)    Netlist Resource(s)
  -------------------------------------------------------------------    -------------------
                         (clock sys_clk_pin rise edge)
                                                      0.000     0.000 r  
    E3                                                0.000     0.000 r  CLK100MHZ (IN)
                         net (fo=0)                   0.000     0.000    CLK100MHZ
    E3                   IBUF (Prop_ibuf_I_O)         1.482     1.482 r  CLK100MHZ_IBUF_inst/O
                         net (fo=1, routed)           2.025     3.506    CLK100MHZ_IBUF
    BUFGCTRL_X0Y16       BUFG (Prop_bufg_I_O)         0.096     3.602 r  CLK100MHZ_IBUF_BUFG_inst/O
                         net (fo=34, routed)          1.632     5.235    clk100/CLK100MHZ_IBUF_BUFG
    SLICE_X50Y95         FDRE                                         r  clk100/counter_reg[8]/C
  -------------------------------------------------------------------    -------------------
    SLICE_X50Y95         FDRE (Prop_fdre_C_Q)         0.518     5.753 f  clk100/counter_reg[8]/Q
                         net (fo=2, routed)           0.677     6.430    clk100/counter[8]
    SLICE_X51Y95         LUT4 (Prop_lut4_I2_O)        0.124     6.554 f  clk100/counter[14]_i_4/O
                         net (fo=2, routed)           0.816     7.370    clk100/counter[14]_i_4_n_0
    SLICE_X51Y96         LUT6 (Prop_lut6_I5_O)        0.124     7.494 r  clk100/counter[14]_i_1/O
                         net (fo=14, routed)          0.780     8.274    clk100/clk_out
    SLICE_X50Y96         FDRE                                         r  clk100/counter_reg[11]/R
  -------------------------------------------------------------------    -------------------

                         (clock sys_clk_pin rise edge)
                                                     10.000    10.000 r  
    E3                                                0.000    10.000 r  CLK100MHZ (IN)
                         net (fo=0)                   0.000    10.000    CLK100MHZ
    E3                   IBUF (Prop_ibuf_I_O)         1.411    11.411 r  CLK100MHZ_IBUF_inst/O
                         net (fo=1, routed)           1.920    13.331    CLK100MHZ_IBUF
    BUFGCTRL_X0Y16       BUFG (Prop_bufg_I_O)         0.091    13.422 r  CLK100MHZ_IBUF_BUFG_inst/O
                         net (fo=34, routed)          1.511    14.934    clk100/CLK100MHZ_IBUF_BUFG
    SLICE_X50Y96         FDRE                                         r  clk100/counter_reg[11]/C
                         clock pessimism              0.276    15.210    
                         clock uncertainty           -0.035    15.174    
    SLICE_X50Y96         FDRE (Setup_fdre_C_R)       -0.524    14.650    clk100/counter_reg[11]
  -------------------------------------------------------------------
                         required time                         14.650    
                         arrival time                          -8.274    
  -------------------------------------------------------------------
                         slack                                  6.376    

Slack (MET) :             6.376ns  (required time - arrival time)
  Source:                 clk100/counter_reg[8]/C
                            (rising edge-triggered cell FDRE clocked by sys_clk_pin  {rise@0.000ns fall@5.000ns period=10.000ns})
  Destination:            clk100/counter_reg[12]/R
                            (rising edge-triggered cell FDRE clocked by sys_clk_pin  {rise@0.000ns fall@5.000ns period=10.000ns})
  Path Group:             sys_clk_pin
  Path Type:              Setup (Max at Slow Process Corner)
  Requirement:            10.000ns  (sys_clk_pin rise@10.000ns - sys_clk_pin rise@0.000ns)
  Data Path Delay:        3.039ns  (logic 0.766ns (25.204%)  route 2.273ns (74.796%))
  Logic Levels:           2  (LUT4=1 LUT6=1)
  Clock Path Skew:        -0.025ns (DCD - SCD + CPR)
    Destination Clock Delay (DCD):    4.934ns = ( 14.934 - 10.000 ) 
    Source Clock Delay      (SCD):    5.235ns
    Clock Pessimism Removal (CPR):    0.276ns
  Clock Uncertainty:      0.035ns  ((TSJ^2 + TIJ^2)^1/2 + DJ) / 2 + PE
    Total System Jitter     (TSJ):    0.071ns
    Total Input Jitter      (TIJ):    0.000ns
    Discrete Jitter          (DJ):    0.000ns
    Phase Error              (PE):    0.000ns

    Location             Delay type                Incr(ns)  Path(ns)    Netlist Resource(s)
  -------------------------------------------------------------------    -------------------
                         (clock sys_clk_pin rise edge)
                                                      0.000     0.000 r  
    E3                                                0.000     0.000 r  CLK100MHZ (IN)
                         net (fo=0)                   0.000     0.000    CLK100MHZ
    E3                   IBUF (Prop_ibuf_I_O)         1.482     1.482 r  CLK100MHZ_IBUF_inst/O
                         net (fo=1, routed)           2.025     3.506    CLK100MHZ_IBUF
    BUFGCTRL_X0Y16       BUFG (Prop_bufg_I_O)         0.096     3.602 r  CLK100MHZ_IBUF_BUFG_inst/O
                         net (fo=34, routed)          1.632     5.235    clk100/CLK100MHZ_IBUF_BUFG
    SLICE_X50Y95         FDRE                                         r  clk100/counter_reg[8]/C
  -------------------------------------------------------------------    -------------------
    SLICE_X50Y95         FDRE (Prop_fdre_C_Q)         0.518     5.753 f  clk100/counter_reg[8]/Q
                         net (fo=2, routed)           0.677     6.430    clk100/counter[8]
    SLICE_X51Y95         LUT4 (Prop_lut4_I2_O)        0.124     6.554 f  clk100/counter[14]_i_4/O
                         net (fo=2, routed)           0.816     7.370    clk100/counter[14]_i_4_n_0
    SLICE_X51Y96         LUT6 (Prop_lut6_I5_O)        0.124     7.494 r  clk100/counter[14]_i_1/O
                         net (fo=14, routed)          0.780     8.274    clk100/clk_out
    SLICE_X50Y96         FDRE                                         r  clk100/counter_reg[12]/R
  -------------------------------------------------------------------    -------------------

                         (clock sys_clk_pin rise edge)
                                                     10.000    10.000 r  
    E3                                                0.000    10.000 r  CLK100MHZ (IN)
                         net (fo=0)                   0.000    10.000    CLK100MHZ
    E3                   IBUF (Prop_ibuf_I_O)         1.411    11.411 r  CLK100MHZ_IBUF_inst/O
                         net (fo=1, routed)           1.920    13.331    CLK100MHZ_IBUF
    BUFGCTRL_X0Y16       BUFG (Prop_bufg_I_O)         0.091    13.422 r  CLK100MHZ_IBUF_BUFG_inst/O
                         net (fo=34, routed)          1.511    14.934    clk100/CLK100MHZ_IBUF_BUFG
    SLICE_X50Y96         FDRE                                         r  clk100/counter_reg[12]/C
                         clock pessimism              0.276    15.210    
                         clock uncertainty           -0.035    15.174    
    SLICE_X50Y96         FDRE (Setup_fdre_C_R)       -0.524    14.650    clk100/counter_reg[12]
  -------------------------------------------------------------------
                         required time                         14.650    
                         arrival time                          -8.274    
  -------------------------------------------------------------------
                         slack                                  6.376    

Slack (MET) :             6.376ns  (required time - arrival time)
  Source:                 clk100/counter_reg[8]/C
                            (rising edge-triggered cell FDRE clocked by sys_clk_pin  {rise@0.000ns fall@5.000ns period=10.000ns})
  Destination:            clk100/counter_reg[9]/R
                            (rising edge-triggered cell FDRE clocked by sys_clk_pin  {rise@0.000ns fall@5.000ns period=10.000ns})
  Path Group:             sys_clk_pin
  Path Type:              Setup (Max at Slow Process Corner)
  Requirement:            10.000ns  (sys_clk_pin rise@10.000ns - sys_clk_pin rise@0.000ns)
  Data Path Delay:        3.039ns  (logic 0.766ns (25.204%)  route 2.273ns (74.796%))
  Logic Levels:           2  (LUT4=1 LUT6=1)
  Clock Path Skew:        -0.025ns (DCD - SCD + CPR)
    Destination Clock Delay (DCD):    4.934ns = ( 14.934 - 10.000 ) 
    Source Clock Delay      (SCD):    5.235ns
    Clock Pessimism Removal (CPR):    0.276ns
  Clock Uncertainty:      0.035ns  ((TSJ^2 + TIJ^2)^1/2 + DJ) / 2 + PE
    Total System Jitter     (TSJ):    0.071ns
    Total Input Jitter      (TIJ):    0.000ns
    Discrete Jitter          (DJ):    0.000ns
    Phase Error              (PE):    0.000ns

    Location             Delay type                Incr(ns)  Path(ns)    Netlist Resource(s)
  -------------------------------------------------------------------    -------------------
                         (clock sys_clk_pin rise edge)
                                                      0.000     0.000 r  
    E3                                                0.000     0.000 r  CLK100MHZ (IN)
                         net (fo=0)                   0.000     0.000    CLK100MHZ
    E3                   IBUF (Prop_ibuf_I_O)         1.482     1.482 r  CLK100MHZ_IBUF_inst/O
                         net (fo=1, routed)           2.025     3.506    CLK100MHZ_IBUF
    BUFGCTRL_X0Y16       BUFG (Prop_bufg_I_O)         0.096     3.602 r  CLK100MHZ_IBUF_BUFG_inst/O
                         net (fo=34, routed)          1.632     5.235    clk100/CLK100MHZ_IBUF_BUFG
    SLICE_X50Y95         FDRE                                         r  clk100/counter_reg[8]/C
  -------------------------------------------------------------------    -------------------
    SLICE_X50Y95         FDRE (Prop_fdre_C_Q)         0.518     5.753 f  clk100/counter_reg[8]/Q
                         net (fo=2, routed)           0.677     6.430    clk100/counter[8]
    SLICE_X51Y95         LUT4 (Prop_lut4_I2_O)        0.124     6.554 f  clk100/counter[14]_i_4/O
                         net (fo=2, routed)           0.816     7.370    clk100/counter[14]_i_4_n_0
    SLICE_X51Y96         LUT6 (Prop_lut6_I5_O)        0.124     7.494 r  clk100/counter[14]_i_1/O
                         net (fo=14, routed)          0.780     8.274    clk100/clk_out
    SLICE_X50Y96         FDRE                                         r  clk100/counter_reg[9]/R
  -------------------------------------------------------------------    -------------------

                         (clock sys_clk_pin rise edge)
                                                     10.000    10.000 r  
    E3                                                0.000    10.000 r  CLK100MHZ (IN)
                         net (fo=0)                   0.000    10.000    CLK100MHZ
    E3                   IBUF (Prop_ibuf_I_O)         1.411    11.411 r  CLK100MHZ_IBUF_inst/O
                         net (fo=1, routed)           1.920    13.331    CLK100MHZ_IBUF
    BUFGCTRL_X0Y16       BUFG (Prop_bufg_I_O)         0.091    13.422 r  CLK100MHZ_IBUF_BUFG_inst/O
                         net (fo=34, routed)          1.511    14.934    clk100/CLK100MHZ_IBUF_BUFG
    SLICE_X50Y96         FDRE                                         r  clk100/counter_reg[9]/C
                         clock pessimism              0.276    15.210    
                         clock uncertainty           -0.035    15.174    
    SLICE_X50Y96         FDRE (Setup_fdre_C_R)       -0.524    14.650    clk100/counter_reg[9]
  -------------------------------------------------------------------
                         required time                         14.650    
                         arrival time                          -8.274    
  -------------------------------------------------------------------
                         slack                                  6.376    

Slack (MET) :             6.394ns  (required time - arrival time)
  Source:                 clk100/counter_reg[4]/C
                            (rising edge-triggered cell FDRE clocked by sys_clk_pin  {rise@0.000ns fall@5.000ns period=10.000ns})
  Destination:            clk100/counter_reg[5]/R
                            (rising edge-triggered cell FDRE clocked by sys_clk_pin  {rise@0.000ns fall@5.000ns period=10.000ns})
  Path Group:             sys_clk_pin
  Path Type:              Setup (Max at Slow Process Corner)
  Requirement:            10.000ns  (sys_clk_pin rise@10.000ns - sys_clk_pin rise@0.000ns)
  Data Path Delay:        3.022ns  (logic 0.766ns (25.350%)  route 2.256ns (74.650%))
  Logic Levels:           2  (LUT4=1 LUT6=1)
  Clock Path Skew:        -0.025ns (DCD - SCD + CPR)
    Destination Clock Delay (DCD):    4.934ns = ( 14.934 - 10.000 ) 
    Source Clock Delay      (SCD):    5.235ns
    Clock Pessimism Removal (CPR):    0.276ns
  Clock Uncertainty:      0.035ns  ((TSJ^2 + TIJ^2)^1/2 + DJ) / 2 + PE
    Total System Jitter     (TSJ):    0.071ns
    Total Input Jitter      (TIJ):    0.000ns
    Discrete Jitter          (DJ):    0.000ns
    Phase Error              (PE):    0.000ns

    Location             Delay type                Incr(ns)  Path(ns)    Netlist Resource(s)
  -------------------------------------------------------------------    -------------------
                         (clock sys_clk_pin rise edge)
                                                      0.000     0.000 r  
    E3                                                0.000     0.000 r  CLK100MHZ (IN)
                         net (fo=0)                   0.000     0.000    CLK100MHZ
    E3                   IBUF (Prop_ibuf_I_O)         1.482     1.482 r  CLK100MHZ_IBUF_inst/O
                         net (fo=1, routed)           2.025     3.506    CLK100MHZ_IBUF
    BUFGCTRL_X0Y16       BUFG (Prop_bufg_I_O)         0.096     3.602 r  CLK100MHZ_IBUF_BUFG_inst/O
                         net (fo=34, routed)          1.632     5.235    clk100/CLK100MHZ_IBUF_BUFG
    SLICE_X50Y94         FDRE                                         r  clk100/counter_reg[4]/C
  -------------------------------------------------------------------    -------------------
    SLICE_X50Y94         FDRE (Prop_fdre_C_Q)         0.518     5.753 r  clk100/counter_reg[4]/Q
                         net (fo=2, routed)           0.677     6.430    clk100/counter[4]
    SLICE_X51Y94         LUT4 (Prop_lut4_I2_O)        0.124     6.554 f  clk100/counter[14]_i_3/O
                         net (fo=2, routed)           0.795     7.349    clk100/counter[14]_i_3_n_0
    SLICE_X51Y96         LUT6 (Prop_lut6_I4_O)        0.124     7.473 r  clk100/counter[14]_i_1/O
                         net (fo=14, routed)          0.784     8.256    clk100/clk_out
    SLICE_X50Y95         FDRE                                         r  clk100/counter_reg[5]/R
  -------------------------------------------------------------------    -------------------

                         (clock sys_clk_pin rise edge)
                                                     10.000    10.000 r  
    E3                                                0.000    10.000 r  CLK100MHZ (IN)
                         net (fo=0)                   0.000    10.000    CLK100MHZ
    E3                   IBUF (Prop_ibuf_I_O)         1.411    11.411 r  CLK100MHZ_IBUF_inst/O
                         net (fo=1, routed)           1.920    13.331    CLK100MHZ_IBUF
    BUFGCTRL_X0Y16       BUFG (Prop_bufg_I_O)         0.091    13.422 r  CLK100MHZ_IBUF_BUFG_inst/O
                         net (fo=34, routed)          1.511    14.934    clk100/CLK100MHZ_IBUF_BUFG
    SLICE_X50Y95         FDRE                                         r  clk100/counter_reg[5]/C
                         clock pessimism              0.276    15.210    
                         clock uncertainty           -0.035    15.174    
    SLICE_X50Y95         FDRE (Setup_fdre_C_R)       -0.524    14.650    clk100/counter_reg[5]
  -------------------------------------------------------------------
                         required time                         14.650    
                         arrival time                          -8.256    
  -------------------------------------------------------------------
                         slack                                  6.394    

Slack (MET) :             6.394ns  (required time - arrival time)
  Source:                 clk100/counter_reg[4]/C
                            (rising edge-triggered cell FDRE clocked by sys_clk_pin  {rise@0.000ns fall@5.000ns period=10.000ns})
  Destination:            clk100/counter_reg[6]/R
                            (rising edge-triggered cell FDRE clocked by sys_clk_pin  {rise@0.000ns fall@5.000ns period=10.000ns})
  Path Group:             sys_clk_pin
  Path Type:              Setup (Max at Slow Process Corner)
  Requirement:            10.000ns  (sys_clk_pin rise@10.000ns - sys_clk_pin rise@0.000ns)
  Data Path Delay:        3.022ns  (logic 0.766ns (25.350%)  route 2.256ns (74.650%))
  Logic Levels:           2  (LUT4=1 LUT6=1)
  Clock Path Skew:        -0.025ns (DCD - SCD + CPR)
    Destination Clock Delay (DCD):    4.934ns = ( 14.934 - 10.000 ) 
    Source Clock Delay      (SCD):    5.235ns
    Clock Pessimism Removal (CPR):    0.276ns
  Clock Uncertainty:      0.035ns  ((TSJ^2 + TIJ^2)^1/2 + DJ) / 2 + PE
    Total System Jitter     (TSJ):    0.071ns
    Total Input Jitter      (TIJ):    0.000ns
    Discrete Jitter          (DJ):    0.000ns
    Phase Error              (PE):    0.000ns

    Location             Delay type                Incr(ns)  Path(ns)    Netlist Resource(s)
  -------------------------------------------------------------------    -------------------
                         (clock sys_clk_pin rise edge)
                                                      0.000     0.000 r  
    E3                                                0.000     0.000 r  CLK100MHZ (IN)
                         net (fo=0)                   0.000     0.000    CLK100MHZ
    E3                   IBUF (Prop_ibuf_I_O)         1.482     1.482 r  CLK100MHZ_IBUF_inst/O
                         net (fo=1, routed)           2.025     3.506    CLK100MHZ_IBUF
    BUFGCTRL_X0Y16       BUFG (Prop_bufg_I_O)         0.096     3.602 r  CLK100MHZ_IBUF_BUFG_inst/O
                         net (fo=34, routed)          1.632     5.235    clk100/CLK100MHZ_IBUF_BUFG
    SLICE_X50Y94         FDRE                                         r  clk100/counter_reg[4]/C
  -------------------------------------------------------------------    -------------------
    SLICE_X50Y94         FDRE (Prop_fdre_C_Q)         0.518     5.753 r  clk100/counter_reg[4]/Q
                         net (fo=2, routed)           0.677     6.430    clk100/counter[4]
    SLICE_X51Y94         LUT4 (Prop_lut4_I2_O)        0.124     6.554 f  clk100/counter[14]_i_3/O
                         net (fo=2, routed)           0.795     7.349    clk100/counter[14]_i_3_n_0
    SLICE_X51Y96         LUT6 (Prop_lut6_I4_O)        0.124     7.473 r  clk100/counter[14]_i_1/O
                         net (fo=14, routed)          0.784     8.256    clk100/clk_out
    SLICE_X50Y95         FDRE                                         r  clk100/counter_reg[6]/R
  -------------------------------------------------------------------    -------------------

                         (clock sys_clk_pin rise edge)
                                                     10.000    10.000 r  
    E3                                                0.000    10.000 r  CLK100MHZ (IN)
                         net (fo=0)                   0.000    10.000    CLK100MHZ
    E3                   IBUF (Prop_ibuf_I_O)         1.411    11.411 r  CLK100MHZ_IBUF_inst/O
                         net (fo=1, routed)           1.920    13.331    CLK100MHZ_IBUF
    BUFGCTRL_X0Y16       BUFG (Prop_bufg_I_O)         0.091    13.422 r  CLK100MHZ_IBUF_BUFG_inst/O
                         net (fo=34, routed)          1.511    14.934    clk100/CLK100MHZ_IBUF_BUFG
    SLICE_X50Y95         FDRE                                         r  clk100/counter_reg[6]/C
                         clock pessimism              0.276    15.210    
                         clock uncertainty           -0.035    15.174    
    SLICE_X50Y95         FDRE (Setup_fdre_C_R)       -0.524    14.650    clk100/counter_reg[6]
  -------------------------------------------------------------------
                         required time                         14.650    
                         arrival time                          -8.256    
  -------------------------------------------------------------------
                         slack                                  6.394    





Min Delay Paths
--------------------------------------------------------------------------------------
Slack (MET) :             0.210ns  (arrival time - required time)
  Source:                 clk100/clk_out_reg/C
                            (rising edge-triggered cell FDRE clocked by sys_clk_pin  {rise@0.000ns fall@5.000ns period=10.000ns})
  Destination:            clk100/clk_out_reg/D
                            (rising edge-triggered cell FDRE clocked by sys_clk_pin  {rise@0.000ns fall@5.000ns period=10.000ns})
  Path Group:             sys_clk_pin
  Path Type:              Hold (Min at Fast Process Corner)
  Requirement:            0.000ns  (sys_clk_pin rise@0.000ns - sys_clk_pin rise@0.000ns)
  Data Path Delay:        0.301ns  (logic 0.186ns (61.784%)  route 0.115ns (38.216%))
  Logic Levels:           1  (LUT5=1)
  Clock Path Skew:        0.000ns (DCD - SCD - CPR)
    Destination Clock Delay (DCD):    2.000ns
    Source Clock Delay      (SCD):    1.484ns
    Clock Pessimism Removal (CPR):    0.515ns

    Location             Delay type                Incr(ns)  Path(ns)    Netlist Resource(s)
  -------------------------------------------------------------------    -------------------
                         (clock sys_clk_pin rise edge)
                                                      0.000     0.000 r  
    E3                                                0.000     0.000 r  CLK100MHZ (IN)
                         net (fo=0)                   0.000     0.000    CLK100MHZ
    E3                   IBUF (Prop_ibuf_I_O)         0.250     0.250 r  CLK100MHZ_IBUF_inst/O
                         net (fo=1, routed)           0.644     0.894    CLK100MHZ_IBUF
    BUFGCTRL_X0Y16       BUFG (Prop_bufg_I_O)         0.026     0.920 r  CLK100MHZ_IBUF_BUFG_inst/O
                         net (fo=34, routed)          0.565     1.484    clk100/CLK100MHZ_IBUF_BUFG
    SLICE_X51Y96         FDRE                                         r  clk100/clk_out_reg/C
  -------------------------------------------------------------------    -------------------
    SLICE_X51Y96         FDRE (Prop_fdre_C_Q)         0.141     1.625 r  clk100/clk_out_reg/Q
                         net (fo=2, routed)           0.115     1.740    clk100/clk
    SLICE_X51Y96         LUT5 (Prop_lut5_I4_O)        0.045     1.785 r  clk100/clk_out_i_1/O
                         net (fo=1, routed)           0.000     1.785    clk100/clk_out_i_1_n_0
    SLICE_X51Y96         FDRE                                         r  clk100/clk_out_reg/D
  -------------------------------------------------------------------    -------------------

                         (clock sys_clk_pin rise edge)
                                                      0.000     0.000 r  
    E3                                                0.000     0.000 r  CLK100MHZ (IN)
                         net (fo=0)                   0.000     0.000    CLK100MHZ
    E3                   IBUF (Prop_ibuf_I_O)         0.438     0.438 r  CLK100MHZ_IBUF_inst/O
                         net (fo=1, routed)           0.699     1.136    CLK100MHZ_IBUF
    BUFGCTRL_X0Y16       BUFG (Prop_bufg_I_O)         0.029     1.165 r  CLK100MHZ_IBUF_BUFG_inst/O
                         net (fo=34, routed)          0.835     2.000    clk100/CLK100MHZ_IBUF_BUFG
    SLICE_X51Y96         FDRE                                         r  clk100/clk_out_reg/C
                         clock pessimism             -0.515     1.484    
    SLICE_X51Y96         FDRE (Hold_fdre_C_D)         0.091     1.575    clk100/clk_out_reg
  -------------------------------------------------------------------
                         required time                         -1.575    
                         arrival time                           1.785    
  -------------------------------------------------------------------
                         slack                                  0.210    

Slack (MET) :             0.261ns  (arrival time - required time)
  Source:                 tdm/divider/counter_reg[12]/C
                            (rising edge-triggered cell FDRE clocked by sys_clk_pin  {rise@0.000ns fall@5.000ns period=10.000ns})
  Destination:            tdm/divider/counter_reg[12]/D
                            (rising edge-triggered cell FDRE clocked by sys_clk_pin  {rise@0.000ns fall@5.000ns period=10.000ns})
  Path Group:             sys_clk_pin
  Path Type:              Hold (Min at Fast Process Corner)
  Requirement:            0.000ns  (sys_clk_pin rise@0.000ns - sys_clk_pin rise@0.000ns)
  Data Path Delay:        0.366ns  (logic 0.249ns (67.994%)  route 0.117ns (32.006%))
  Logic Levels:           1  (CARRY4=1)
  Clock Path Skew:        0.000ns (DCD - SCD - CPR)
    Destination Clock Delay (DCD):    2.034ns
    Source Clock Delay      (SCD):    1.518ns
    Clock Pessimism Removal (CPR):    0.515ns

    Location             Delay type                Incr(ns)  Path(ns)    Netlist Resource(s)
  -------------------------------------------------------------------    -------------------
                         (clock sys_clk_pin rise edge)
                                                      0.000     0.000 r  
    E3                                                0.000     0.000 r  CLK100MHZ (IN)
                         net (fo=0)                   0.000     0.000    CLK100MHZ
    E3                   IBUF (Prop_ibuf_I_O)         0.250     0.250 r  CLK100MHZ_IBUF_inst/O
                         net (fo=1, routed)           0.644     0.894    CLK100MHZ_IBUF
    BUFGCTRL_X0Y16       BUFG (Prop_bufg_I_O)         0.026     0.920 r  CLK100MHZ_IBUF_BUFG_inst/O
                         net (fo=34, routed)          0.599     1.518    tdm/divider/CLK100MHZ_IBUF_BUFG
    SLICE_X7Y85          FDRE                                         r  tdm/divider/counter_reg[12]/C
  -------------------------------------------------------------------    -------------------
    SLICE_X7Y85          FDRE (Prop_fdre_C_Q)         0.141     1.659 r  tdm/divider/counter_reg[12]/Q
                         net (fo=2, routed)           0.117     1.777    tdm/divider/counter_reg_n_0_[12]
    SLICE_X7Y85          CARRY4 (Prop_carry4_S[3]_O[3])
                                                      0.108     1.885 r  tdm/divider/counter0_carry__1/O[3]
                         net (fo=1, routed)           0.000     1.885    tdm/divider/counter0_carry__1_n_4
    SLICE_X7Y85          FDRE                                         r  tdm/divider/counter_reg[12]/D
  -------------------------------------------------------------------    -------------------

                         (clock sys_clk_pin rise edge)
                                                      0.000     0.000 r  
    E3                                                0.000     0.000 r  CLK100MHZ (IN)
                         net (fo=0)                   0.000     0.000    CLK100MHZ
    E3                   IBUF (Prop_ibuf_I_O)         0.438     0.438 r  CLK100MHZ_IBUF_inst/O
                         net (fo=1, routed)           0.699     1.136    CLK100MHZ_IBUF
    BUFGCTRL_X0Y16       BUFG (Prop_bufg_I_O)         0.029     1.165 r  CLK100MHZ_IBUF_BUFG_inst/O
                         net (fo=34, routed)          0.869     2.034    tdm/divider/CLK100MHZ_IBUF_BUFG
    SLICE_X7Y85          FDRE                                         r  tdm/divider/counter_reg[12]/C
                         clock pessimism             -0.515     1.518    
    SLICE_X7Y85          FDRE (Hold_fdre_C_D)         0.105     1.623    tdm/divider/counter_reg[12]
  -------------------------------------------------------------------
                         required time                         -1.623    
                         arrival time                           1.885    
  -------------------------------------------------------------------
                         slack                                  0.261    

Slack (MET) :             0.261ns  (arrival time - required time)
  Source:                 tdm/divider/counter_reg[8]/C
                            (rising edge-triggered cell FDRE clocked by sys_clk_pin  {rise@0.000ns fall@5.000ns period=10.000ns})
  Destination:            tdm/divider/counter_reg[8]/D
                            (rising edge-triggered cell FDRE clocked by sys_clk_pin  {rise@0.000ns fall@5.000ns period=10.000ns})
  Path Group:             sys_clk_pin
  Path Type:              Hold (Min at Fast Process Corner)
  Requirement:            0.000ns  (sys_clk_pin rise@0.000ns - sys_clk_pin rise@0.000ns)
  Data Path Delay:        0.366ns  (logic 0.249ns (67.994%)  route 0.117ns (32.006%))
  Logic Levels:           1  (CARRY4=1)
  Clock Path Skew:        0.000ns (DCD - SCD - CPR)
    Destination Clock Delay (DCD):    2.033ns
    Source Clock Delay      (SCD):    1.518ns
    Clock Pessimism Removal (CPR):    0.514ns

    Location             Delay type                Incr(ns)  Path(ns)    Netlist Resource(s)
  -------------------------------------------------------------------    -------------------
                         (clock sys_clk_pin rise edge)
                                                      0.000     0.000 r  
    E3                                                0.000     0.000 r  CLK100MHZ (IN)
                         net (fo=0)                   0.000     0.000    CLK100MHZ
    E3                   IBUF (Prop_ibuf_I_O)         0.250     0.250 r  CLK100MHZ_IBUF_inst/O
                         net (fo=1, routed)           0.644     0.894    CLK100MHZ_IBUF
    BUFGCTRL_X0Y16       BUFG (Prop_bufg_I_O)         0.026     0.920 r  CLK100MHZ_IBUF_BUFG_inst/O
                         net (fo=34, routed)          0.599     1.518    tdm/divider/CLK100MHZ_IBUF_BUFG
    SLICE_X7Y84          FDRE                                         r  tdm/divider/counter_reg[8]/C
  -------------------------------------------------------------------    -------------------
    SLICE_X7Y84          FDRE (Prop_fdre_C_Q)         0.141     1.659 r  tdm/divider/counter_reg[8]/Q
                         net (fo=2, routed)           0.117     1.777    tdm/divider/counter_reg_n_0_[8]
    SLICE_X7Y84          CARRY4 (Prop_carry4_S[3]_O[3])
                                                      0.108     1.885 r  tdm/divider/counter0_carry__0/O[3]
                         net (fo=1, routed)           0.000     1.885    tdm/divider/counter0_carry__0_n_4
    SLICE_X7Y84          FDRE                                         r  tdm/divider/counter_reg[8]/D
  -------------------------------------------------------------------    -------------------

                         (clock sys_clk_pin rise edge)
                                                      0.000     0.000 r  
    E3                                                0.000     0.000 r  CLK100MHZ (IN)
                         net (fo=0)                   0.000     0.000    CLK100MHZ
    E3                   IBUF (Prop_ibuf_I_O)         0.438     0.438 r  CLK100MHZ_IBUF_inst/O
                         net (fo=1, routed)           0.699     1.136    CLK100MHZ_IBUF
    BUFGCTRL_X0Y16       BUFG (Prop_bufg_I_O)         0.029     1.165 r  CLK100MHZ_IBUF_BUFG_inst/O
                         net (fo=34, routed)          0.868     2.033    tdm/divider/CLK100MHZ_IBUF_BUFG
    SLICE_X7Y84          FDRE                                         r  tdm/divider/counter_reg[8]/C
                         clock pessimism             -0.514     1.518    
    SLICE_X7Y84          FDRE (Hold_fdre_C_D)         0.105     1.623    tdm/divider/counter_reg[8]
  -------------------------------------------------------------------
                         required time                         -1.623    
                         arrival time                           1.885    
  -------------------------------------------------------------------
                         slack                                  0.261    

Slack (MET) :             0.262ns  (arrival time - required time)
  Source:                 tdm/divider/counter_reg[16]/C
                            (rising edge-triggered cell FDRE clocked by sys_clk_pin  {rise@0.000ns fall@5.000ns period=10.000ns})
  Destination:            tdm/divider/counter_reg[16]/D
                            (rising edge-triggered cell FDRE clocked by sys_clk_pin  {rise@0.000ns fall@5.000ns period=10.000ns})
  Path Group:             sys_clk_pin
  Path Type:              Hold (Min at Fast Process Corner)
  Requirement:            0.000ns  (sys_clk_pin rise@0.000ns - sys_clk_pin rise@0.000ns)
  Data Path Delay:        0.367ns  (logic 0.249ns (67.829%)  route 0.118ns (32.171%))
  Logic Levels:           1  (CARRY4=1)
  Clock Path Skew:        0.000ns (DCD - SCD - CPR)
    Destination Clock Delay (DCD):    2.034ns
    Source Clock Delay      (SCD):    1.518ns
    Clock Pessimism Removal (CPR):    0.515ns

    Location             Delay type                Incr(ns)  Path(ns)    Netlist Resource(s)
  -------------------------------------------------------------------    -------------------
                         (clock sys_clk_pin rise edge)
                                                      0.000     0.000 r  
    E3                                                0.000     0.000 r  CLK100MHZ (IN)
                         net (fo=0)                   0.000     0.000    CLK100MHZ
    E3                   IBUF (Prop_ibuf_I_O)         0.250     0.250 r  CLK100MHZ_IBUF_inst/O
                         net (fo=1, routed)           0.644     0.894    CLK100MHZ_IBUF
    BUFGCTRL_X0Y16       BUFG (Prop_bufg_I_O)         0.026     0.920 r  CLK100MHZ_IBUF_BUFG_inst/O
                         net (fo=34, routed)          0.599     1.518    tdm/divider/CLK100MHZ_IBUF_BUFG
    SLICE_X7Y86          FDRE                                         r  tdm/divider/counter_reg[16]/C
  -------------------------------------------------------------------    -------------------
    SLICE_X7Y86          FDRE (Prop_fdre_C_Q)         0.141     1.659 r  tdm/divider/counter_reg[16]/Q
                         net (fo=2, routed)           0.118     1.777    tdm/divider/counter_reg_n_0_[16]
    SLICE_X7Y86          CARRY4 (Prop_carry4_S[3]_O[3])
                                                      0.108     1.885 r  tdm/divider/counter0_carry__2/O[3]
                         net (fo=1, routed)           0.000     1.885    tdm/divider/counter0_carry__2_n_4
    SLICE_X7Y86          FDRE                                         r  tdm/divider/counter_reg[16]/D
  -------------------------------------------------------------------    -------------------

                         (clock sys_clk_pin rise edge)
                                                      0.000     0.000 r  
    E3                                                0.000     0.000 r  CLK100MHZ (IN)
                         net (fo=0)                   0.000     0.000    CLK100MHZ
    E3                   IBUF (Prop_ibuf_I_O)         0.438     0.438 r  CLK100MHZ_IBUF_inst/O
                         net (fo=1, routed)           0.699     1.136    CLK100MHZ_IBUF
    BUFGCTRL_X0Y16       BUFG (Prop_bufg_I_O)         0.029     1.165 r  CLK100MHZ_IBUF_BUFG_inst/O
                         net (fo=34, routed)          0.869     2.034    tdm/divider/CLK100MHZ_IBUF_BUFG
    SLICE_X7Y86          FDRE                                         r  tdm/divider/counter_reg[16]/C
                         clock pessimism             -0.515     1.518    
    SLICE_X7Y86          FDRE (Hold_fdre_C_D)         0.105     1.623    tdm/divider/counter_reg[16]
  -------------------------------------------------------------------
                         required time                         -1.623    
                         arrival time                           1.885    
  -------------------------------------------------------------------
                         slack                                  0.262    

Slack (MET) :             0.263ns  (arrival time - required time)
  Source:                 tdm/divider/counter_reg[4]/C
                            (rising edge-triggered cell FDRE clocked by sys_clk_pin  {rise@0.000ns fall@5.000ns period=10.000ns})
  Destination:            tdm/divider/counter_reg[4]/D
                            (rising edge-triggered cell FDRE clocked by sys_clk_pin  {rise@0.000ns fall@5.000ns period=10.000ns})
  Path Group:             sys_clk_pin
  Path Type:              Hold (Min at Fast Process Corner)
  Requirement:            0.000ns  (sys_clk_pin rise@0.000ns - sys_clk_pin rise@0.000ns)
  Data Path Delay:        0.368ns  (logic 0.249ns (67.612%)  route 0.119ns (32.388%))
  Logic Levels:           1  (CARRY4=1)
  Clock Path Skew:        0.000ns (DCD - SCD - CPR)
    Destination Clock Delay (DCD):    2.032ns
    Source Clock Delay      (SCD):    1.517ns
    Clock Pessimism Removal (CPR):    0.514ns

    Location             Delay type                Incr(ns)  Path(ns)    Netlist Resource(s)
  -------------------------------------------------------------------    -------------------
                         (clock sys_clk_pin rise edge)
                                                      0.000     0.000 r  
    E3                                                0.000     0.000 r  CLK100MHZ (IN)
                         net (fo=0)                   0.000     0.000    CLK100MHZ
    E3                   IBUF (Prop_ibuf_I_O)         0.250     0.250 r  CLK100MHZ_IBUF_inst/O
                         net (fo=1, routed)           0.644     0.894    CLK100MHZ_IBUF
    BUFGCTRL_X0Y16       BUFG (Prop_bufg_I_O)         0.026     0.920 r  CLK100MHZ_IBUF_BUFG_inst/O
                         net (fo=34, routed)          0.598     1.517    tdm/divider/CLK100MHZ_IBUF_BUFG
    SLICE_X7Y83          FDRE                                         r  tdm/divider/counter_reg[4]/C
  -------------------------------------------------------------------    -------------------
    SLICE_X7Y83          FDRE (Prop_fdre_C_Q)         0.141     1.658 r  tdm/divider/counter_reg[4]/Q
                         net (fo=2, routed)           0.119     1.778    tdm/divider/counter_reg_n_0_[4]
    SLICE_X7Y83          CARRY4 (Prop_carry4_S[3]_O[3])
                                                      0.108     1.886 r  tdm/divider/counter0_carry/O[3]
                         net (fo=1, routed)           0.000     1.886    tdm/divider/counter0_carry_n_4
    SLICE_X7Y83          FDRE                                         r  tdm/divider/counter_reg[4]/D
  -------------------------------------------------------------------    -------------------

                         (clock sys_clk_pin rise edge)
                                                      0.000     0.000 r  
    E3                                                0.000     0.000 r  CLK100MHZ (IN)
                         net (fo=0)                   0.000     0.000    CLK100MHZ
    E3                   IBUF (Prop_ibuf_I_O)         0.438     0.438 r  CLK100MHZ_IBUF_inst/O
                         net (fo=1, routed)           0.699     1.136    CLK100MHZ_IBUF
    BUFGCTRL_X0Y16       BUFG (Prop_bufg_I_O)         0.029     1.165 r  CLK100MHZ_IBUF_BUFG_inst/O
                         net (fo=34, routed)          0.867     2.032    tdm/divider/CLK100MHZ_IBUF_BUFG
    SLICE_X7Y83          FDRE                                         r  tdm/divider/counter_reg[4]/C
                         clock pessimism             -0.514     1.517    
    SLICE_X7Y83          FDRE (Hold_fdre_C_D)         0.105     1.622    tdm/divider/counter_reg[4]
  -------------------------------------------------------------------
                         required time                         -1.622    
                         arrival time                           1.886    
  -------------------------------------------------------------------
                         slack                                  0.263    

Slack (MET) :             0.264ns  (arrival time - required time)
  Source:                 tdm/divider/clk_out_reg/C
                            (rising edge-triggered cell FDRE clocked by sys_clk_pin  {rise@0.000ns fall@5.000ns period=10.000ns})
  Destination:            tdm/divider/clk_out_reg/D
                            (rising edge-triggered cell FDRE clocked by sys_clk_pin  {rise@0.000ns fall@5.000ns period=10.000ns})
  Path Group:             sys_clk_pin
  Path Type:              Hold (Min at Fast Process Corner)
  Requirement:            0.000ns  (sys_clk_pin rise@0.000ns - sys_clk_pin rise@0.000ns)
  Data Path Delay:        0.384ns  (logic 0.209ns (54.384%)  route 0.175ns (45.616%))
  Logic Levels:           1  (LUT5=1)
  Clock Path Skew:        0.000ns (DCD - SCD - CPR)
    Destination Clock Delay (DCD):    2.032ns
    Source Clock Delay      (SCD):    1.517ns
    Clock Pessimism Removal (CPR):    0.514ns

    Location             Delay type                Incr(ns)  Path(ns)    Netlist Resource(s)
  -------------------------------------------------------------------    -------------------
                         (clock sys_clk_pin rise edge)
                                                      0.000     0.000 r  
    E3                                                0.000     0.000 r  CLK100MHZ (IN)
                         net (fo=0)                   0.000     0.000    CLK100MHZ
    E3                   IBUF (Prop_ibuf_I_O)         0.250     0.250 r  CLK100MHZ_IBUF_inst/O
                         net (fo=1, routed)           0.644     0.894    CLK100MHZ_IBUF
    BUFGCTRL_X0Y16       BUFG (Prop_bufg_I_O)         0.026     0.920 r  CLK100MHZ_IBUF_BUFG_inst/O
                         net (fo=34, routed)          0.598     1.517    tdm/divider/CLK100MHZ_IBUF_BUFG
    SLICE_X6Y83          FDRE                                         r  tdm/divider/clk_out_reg/C
  -------------------------------------------------------------------    -------------------
    SLICE_X6Y83          FDRE (Prop_fdre_C_Q)         0.164     1.681 r  tdm/divider/clk_out_reg/Q
                         net (fo=4, routed)           0.175     1.857    tdm/divider/clk_out_reg_0
    SLICE_X6Y83          LUT5 (Prop_lut5_I4_O)        0.045     1.902 r  tdm/divider/clk_out_i_1__0/O
                         net (fo=1, routed)           0.000     1.902    tdm/divider/clk_out_i_1__0_n_0
    SLICE_X6Y83          FDRE                                         r  tdm/divider/clk_out_reg/D
  -------------------------------------------------------------------    -------------------

                         (clock sys_clk_pin rise edge)
                                                      0.000     0.000 r  
    E3                                                0.000     0.000 r  CLK100MHZ (IN)
                         net (fo=0)                   0.000     0.000    CLK100MHZ
    E3                   IBUF (Prop_ibuf_I_O)         0.438     0.438 r  CLK100MHZ_IBUF_inst/O
                         net (fo=1, routed)           0.699     1.136    CLK100MHZ_IBUF
    BUFGCTRL_X0Y16       BUFG (Prop_bufg_I_O)         0.029     1.165 r  CLK100MHZ_IBUF_BUFG_inst/O
                         net (fo=34, routed)          0.867     2.032    tdm/divider/CLK100MHZ_IBUF_BUFG
    SLICE_X6Y83          FDRE                                         r  tdm/divider/clk_out_reg/C
                         clock pessimism             -0.514     1.517    
    SLICE_X6Y83          FDRE (Hold_fdre_C_D)         0.120     1.637    tdm/divider/clk_out_reg
  -------------------------------------------------------------------
                         required time                         -1.637    
                         arrival time                           1.902    
  -------------------------------------------------------------------
                         slack                                  0.264    

Slack (MET) :             0.265ns  (arrival time - required time)
  Source:                 clk100/counter_reg[7]/C
                            (rising edge-triggered cell FDRE clocked by sys_clk_pin  {rise@0.000ns fall@5.000ns period=10.000ns})
  Destination:            clk100/counter_reg[7]/D
                            (rising edge-triggered cell FDRE clocked by sys_clk_pin  {rise@0.000ns fall@5.000ns period=10.000ns})
  Path Group:             sys_clk_pin
  Path Type:              Hold (Min at Fast Process Corner)
  Requirement:            0.000ns  (sys_clk_pin rise@0.000ns - sys_clk_pin rise@0.000ns)
  Data Path Delay:        0.399ns  (logic 0.274ns (68.589%)  route 0.125ns (31.411%))
  Logic Levels:           1  (CARRY4=1)
  Clock Path Skew:        0.000ns (DCD - SCD - CPR)
    Destination Clock Delay (DCD):    2.000ns
    Source Clock Delay      (SCD):    1.484ns
    Clock Pessimism Removal (CPR):    0.515ns

    Location             Delay type                Incr(ns)  Path(ns)    Netlist Resource(s)
  -------------------------------------------------------------------    -------------------
                         (clock sys_clk_pin rise edge)
                                                      0.000     0.000 r  
    E3                                                0.000     0.000 r  CLK100MHZ (IN)
                         net (fo=0)                   0.000     0.000    CLK100MHZ
    E3                   IBUF (Prop_ibuf_I_O)         0.250     0.250 r  CLK100MHZ_IBUF_inst/O
                         net (fo=1, routed)           0.644     0.894    CLK100MHZ_IBUF
    BUFGCTRL_X0Y16       BUFG (Prop_bufg_I_O)         0.026     0.920 r  CLK100MHZ_IBUF_BUFG_inst/O
                         net (fo=34, routed)          0.565     1.484    clk100/CLK100MHZ_IBUF_BUFG
    SLICE_X50Y95         FDRE                                         r  clk100/counter_reg[7]/C
  -------------------------------------------------------------------    -------------------
    SLICE_X50Y95         FDRE (Prop_fdre_C_Q)         0.164     1.648 r  clk100/counter_reg[7]/Q
                         net (fo=2, routed)           0.125     1.774    clk100/counter[7]
    SLICE_X50Y95         CARRY4 (Prop_carry4_S[2]_O[2])
                                                      0.110     1.884 r  clk100/counter0_carry__0/O[2]
                         net (fo=1, routed)           0.000     1.884    clk100/data0[7]
    SLICE_X50Y95         FDRE                                         r  clk100/counter_reg[7]/D
  -------------------------------------------------------------------    -------------------

                         (clock sys_clk_pin rise edge)
                                                      0.000     0.000 r  
    E3                                                0.000     0.000 r  CLK100MHZ (IN)
                         net (fo=0)                   0.000     0.000    CLK100MHZ
    E3                   IBUF (Prop_ibuf_I_O)         0.438     0.438 r  CLK100MHZ_IBUF_inst/O
                         net (fo=1, routed)           0.699     1.136    CLK100MHZ_IBUF
    BUFGCTRL_X0Y16       BUFG (Prop_bufg_I_O)         0.029     1.165 r  CLK100MHZ_IBUF_BUFG_inst/O
                         net (fo=34, routed)          0.835     2.000    clk100/CLK100MHZ_IBUF_BUFG
    SLICE_X50Y95         FDRE                                         r  clk100/counter_reg[7]/C
                         clock pessimism             -0.515     1.484    
    SLICE_X50Y95         FDRE (Hold_fdre_C_D)         0.134     1.618    clk100/counter_reg[7]
  -------------------------------------------------------------------
                         required time                         -1.618    
                         arrival time                           1.884    
  -------------------------------------------------------------------
                         slack                                  0.265    

Slack (MET) :             0.267ns  (arrival time - required time)
  Source:                 tdm/divider/counter_reg[11]/C
                            (rising edge-triggered cell FDRE clocked by sys_clk_pin  {rise@0.000ns fall@5.000ns period=10.000ns})
  Destination:            tdm/divider/counter_reg[11]/D
                            (rising edge-triggered cell FDRE clocked by sys_clk_pin  {rise@0.000ns fall@5.000ns period=10.000ns})
  Path Group:             sys_clk_pin
  Path Type:              Hold (Min at Fast Process Corner)
  Requirement:            0.000ns  (sys_clk_pin rise@0.000ns - sys_clk_pin rise@0.000ns)
  Data Path Delay:        0.372ns  (logic 0.252ns (67.654%)  route 0.120ns (32.346%))
  Logic Levels:           1  (CARRY4=1)
  Clock Path Skew:        0.000ns (DCD - SCD - CPR)
    Destination Clock Delay (DCD):    2.034ns
    Source Clock Delay      (SCD):    1.518ns
    Clock Pessimism Removal (CPR):    0.515ns

    Location             Delay type                Incr(ns)  Path(ns)    Netlist Resource(s)
  -------------------------------------------------------------------    -------------------
                         (clock sys_clk_pin rise edge)
                                                      0.000     0.000 r  
    E3                                                0.000     0.000 r  CLK100MHZ (IN)
                         net (fo=0)                   0.000     0.000    CLK100MHZ
    E3                   IBUF (Prop_ibuf_I_O)         0.250     0.250 r  CLK100MHZ_IBUF_inst/O
                         net (fo=1, routed)           0.644     0.894    CLK100MHZ_IBUF
    BUFGCTRL_X0Y16       BUFG (Prop_bufg_I_O)         0.026     0.920 r  CLK100MHZ_IBUF_BUFG_inst/O
                         net (fo=34, routed)          0.599     1.518    tdm/divider/CLK100MHZ_IBUF_BUFG
    SLICE_X7Y85          FDRE                                         r  tdm/divider/counter_reg[11]/C
  -------------------------------------------------------------------    -------------------
    SLICE_X7Y85          FDRE (Prop_fdre_C_Q)         0.141     1.659 r  tdm/divider/counter_reg[11]/Q
                         net (fo=2, routed)           0.120     1.780    tdm/divider/counter_reg_n_0_[11]
    SLICE_X7Y85          CARRY4 (Prop_carry4_S[2]_O[2])
                                                      0.111     1.891 r  tdm/divider/counter0_carry__1/O[2]
                         net (fo=1, routed)           0.000     1.891    tdm/divider/counter0_carry__1_n_5
    SLICE_X7Y85          FDRE                                         r  tdm/divider/counter_reg[11]/D
  -------------------------------------------------------------------    -------------------

                         (clock sys_clk_pin rise edge)
                                                      0.000     0.000 r  
    E3                                                0.000     0.000 r  CLK100MHZ (IN)
                         net (fo=0)                   0.000     0.000    CLK100MHZ
    E3                   IBUF (Prop_ibuf_I_O)         0.438     0.438 r  CLK100MHZ_IBUF_inst/O
                         net (fo=1, routed)           0.699     1.136    CLK100MHZ_IBUF
    BUFGCTRL_X0Y16       BUFG (Prop_bufg_I_O)         0.029     1.165 r  CLK100MHZ_IBUF_BUFG_inst/O
                         net (fo=34, routed)          0.869     2.034    tdm/divider/CLK100MHZ_IBUF_BUFG
    SLICE_X7Y85          FDRE                                         r  tdm/divider/counter_reg[11]/C
                         clock pessimism             -0.515     1.518    
    SLICE_X7Y85          FDRE (Hold_fdre_C_D)         0.105     1.623    tdm/divider/counter_reg[11]
  -------------------------------------------------------------------
                         required time                         -1.623    
                         arrival time                           1.891    
  -------------------------------------------------------------------
                         slack                                  0.267    

Slack (MET) :             0.267ns  (arrival time - required time)
  Source:                 tdm/divider/counter_reg[7]/C
                            (rising edge-triggered cell FDRE clocked by sys_clk_pin  {rise@0.000ns fall@5.000ns period=10.000ns})
  Destination:            tdm/divider/counter_reg[7]/D
                            (rising edge-triggered cell FDRE clocked by sys_clk_pin  {rise@0.000ns fall@5.000ns period=10.000ns})
  Path Group:             sys_clk_pin
  Path Type:              Hold (Min at Fast Process Corner)
  Requirement:            0.000ns  (sys_clk_pin rise@0.000ns - sys_clk_pin rise@0.000ns)
  Data Path Delay:        0.372ns  (logic 0.252ns (67.654%)  route 0.120ns (32.346%))
  Logic Levels:           1  (CARRY4=1)
  Clock Path Skew:        0.000ns (DCD - SCD - CPR)
    Destination Clock Delay (DCD):    2.033ns
    Source Clock Delay      (SCD):    1.518ns
    Clock Pessimism Removal (CPR):    0.514ns

    Location             Delay type                Incr(ns)  Path(ns)    Netlist Resource(s)
  -------------------------------------------------------------------    -------------------
                         (clock sys_clk_pin rise edge)
                                                      0.000     0.000 r  
    E3                                                0.000     0.000 r  CLK100MHZ (IN)
                         net (fo=0)                   0.000     0.000    CLK100MHZ
    E3                   IBUF (Prop_ibuf_I_O)         0.250     0.250 r  CLK100MHZ_IBUF_inst/O
                         net (fo=1, routed)           0.644     0.894    CLK100MHZ_IBUF
    BUFGCTRL_X0Y16       BUFG (Prop_bufg_I_O)         0.026     0.920 r  CLK100MHZ_IBUF_BUFG_inst/O
                         net (fo=34, routed)          0.599     1.518    tdm/divider/CLK100MHZ_IBUF_BUFG
    SLICE_X7Y84          FDRE                                         r  tdm/divider/counter_reg[7]/C
  -------------------------------------------------------------------    -------------------
    SLICE_X7Y84          FDRE (Prop_fdre_C_Q)         0.141     1.659 r  tdm/divider/counter_reg[7]/Q
                         net (fo=2, routed)           0.120     1.780    tdm/divider/counter_reg_n_0_[7]
    SLICE_X7Y84          CARRY4 (Prop_carry4_S[2]_O[2])
                                                      0.111     1.891 r  tdm/divider/counter0_carry__0/O[2]
                         net (fo=1, routed)           0.000     1.891    tdm/divider/counter0_carry__0_n_5
    SLICE_X7Y84          FDRE                                         r  tdm/divider/counter_reg[7]/D
  -------------------------------------------------------------------    -------------------

                         (clock sys_clk_pin rise edge)
                                                      0.000     0.000 r  
    E3                                                0.000     0.000 r  CLK100MHZ (IN)
                         net (fo=0)                   0.000     0.000    CLK100MHZ
    E3                   IBUF (Prop_ibuf_I_O)         0.438     0.438 r  CLK100MHZ_IBUF_inst/O
                         net (fo=1, routed)           0.699     1.136    CLK100MHZ_IBUF
    BUFGCTRL_X0Y16       BUFG (Prop_bufg_I_O)         0.029     1.165 r  CLK100MHZ_IBUF_BUFG_inst/O
                         net (fo=34, routed)          0.868     2.033    tdm/divider/CLK100MHZ_IBUF_BUFG
    SLICE_X7Y84          FDRE                                         r  tdm/divider/counter_reg[7]/C
                         clock pessimism             -0.514     1.518    
    SLICE_X7Y84          FDRE (Hold_fdre_C_D)         0.105     1.623    tdm/divider/counter_reg[7]
  -------------------------------------------------------------------
                         required time                         -1.623    
                         arrival time                           1.891    
  -------------------------------------------------------------------
                         slack                                  0.267    

Slack (MET) :             0.268ns  (arrival time - required time)
  Source:                 tdm/divider/counter_reg[13]/C
                            (rising edge-triggered cell FDRE clocked by sys_clk_pin  {rise@0.000ns fall@5.000ns period=10.000ns})
  Destination:            tdm/divider/counter_reg[13]/D
                            (rising edge-triggered cell FDRE clocked by sys_clk_pin  {rise@0.000ns fall@5.000ns period=10.000ns})
  Path Group:             sys_clk_pin
  Path Type:              Hold (Min at Fast Process Corner)
  Requirement:            0.000ns  (sys_clk_pin rise@0.000ns - sys_clk_pin rise@0.000ns)
  Data Path Delay:        0.373ns  (logic 0.256ns (68.576%)  route 0.117ns (31.424%))
  Logic Levels:           1  (CARRY4=1)
  Clock Path Skew:        0.000ns (DCD - SCD - CPR)
    Destination Clock Delay (DCD):    2.034ns
    Source Clock Delay      (SCD):    1.518ns
    Clock Pessimism Removal (CPR):    0.515ns

    Location             Delay type                Incr(ns)  Path(ns)    Netlist Resource(s)
  -------------------------------------------------------------------    -------------------
                         (clock sys_clk_pin rise edge)
                                                      0.000     0.000 r  
    E3                                                0.000     0.000 r  CLK100MHZ (IN)
                         net (fo=0)                   0.000     0.000    CLK100MHZ
    E3                   IBUF (Prop_ibuf_I_O)         0.250     0.250 r  CLK100MHZ_IBUF_inst/O
                         net (fo=1, routed)           0.644     0.894    CLK100MHZ_IBUF
    BUFGCTRL_X0Y16       BUFG (Prop_bufg_I_O)         0.026     0.920 r  CLK100MHZ_IBUF_BUFG_inst/O
                         net (fo=34, routed)          0.599     1.518    tdm/divider/CLK100MHZ_IBUF_BUFG
    SLICE_X7Y86          FDRE                                         r  tdm/divider/counter_reg[13]/C
  -------------------------------------------------------------------    -------------------
    SLICE_X7Y86          FDRE (Prop_fdre_C_Q)         0.141     1.659 r  tdm/divider/counter_reg[13]/Q
                         net (fo=2, routed)           0.117     1.777    tdm/divider/counter_reg_n_0_[13]
    SLICE_X7Y86          CARRY4 (Prop_carry4_S[0]_O[0])
                                                      0.115     1.892 r  tdm/divider/counter0_carry__2/O[0]
                         net (fo=1, routed)           0.000     1.892    tdm/divider/counter0_carry__2_n_7
    SLICE_X7Y86          FDRE                                         r  tdm/divider/counter_reg[13]/D
  -------------------------------------------------------------------    -------------------

                         (clock sys_clk_pin rise edge)
                                                      0.000     0.000 r  
    E3                                                0.000     0.000 r  CLK100MHZ (IN)
                         net (fo=0)                   0.000     0.000    CLK100MHZ
    E3                   IBUF (Prop_ibuf_I_O)         0.438     0.438 r  CLK100MHZ_IBUF_inst/O
                         net (fo=1, routed)           0.699     1.136    CLK100MHZ_IBUF
    BUFGCTRL_X0Y16       BUFG (Prop_bufg_I_O)         0.029     1.165 r  CLK100MHZ_IBUF_BUFG_inst/O
                         net (fo=34, routed)          0.869     2.034    tdm/divider/CLK100MHZ_IBUF_BUFG
    SLICE_X7Y86          FDRE                                         r  tdm/divider/counter_reg[13]/C
                         clock pessimism             -0.515     1.518    
    SLICE_X7Y86          FDRE (Hold_fdre_C_D)         0.105     1.623    tdm/divider/counter_reg[13]
  -------------------------------------------------------------------
                         required time                         -1.623    
                         arrival time                           1.892    
  -------------------------------------------------------------------
                         slack                                  0.268    





Pulse Width Checks
--------------------------------------------------------------------------------------
Clock Name:         sys_clk_pin
Waveform(ns):       { 0.000 5.000 }
Period(ns):         10.000
Sources:            { CLK100MHZ }

Check Type        Corner  Lib Pin  Reference Pin  Required(ns)  Actual(ns)  Slack(ns)  Location        Pin
Min Period        n/a     BUFG/I   n/a            2.155         10.000      7.845      BUFGCTRL_X0Y16  CLK100MHZ_IBUF_BUFG_inst/I
Min Period        n/a     FDRE/C   n/a            1.000         10.000      9.000      SLICE_X51Y96    clk100/counter_reg[0]/C
Min Period        n/a     FDRE/C   n/a            1.000         10.000      9.000      SLICE_X50Y96    clk100/counter_reg[10]/C
Min Period        n/a     FDRE/C   n/a            1.000         10.000      9.000      SLICE_X50Y96    clk100/counter_reg[11]/C
Min Period        n/a     FDRE/C   n/a            1.000         10.000      9.000      SLICE_X50Y96    clk100/counter_reg[12]/C
Min Period        n/a     FDRE/C   n/a            1.000         10.000      9.000      SLICE_X50Y97    clk100/counter_reg[13]/C
Min Period        n/a     FDRE/C   n/a            1.000         10.000      9.000      SLICE_X50Y97    clk100/counter_reg[14]/C
Min Period        n/a     FDRE/C   n/a            1.000         10.000      9.000      SLICE_X50Y94    clk100/counter_reg[1]/C
Min Period        n/a     FDRE/C   n/a            1.000         10.000      9.000      SLICE_X50Y94    clk100/counter_reg[2]/C
Min Period        n/a     FDRE/C   n/a            1.000         10.000      9.000      SLICE_X50Y94    clk100/counter_reg[3]/C
Low Pulse Width   Fast    FDRE/C   n/a            0.500         5.000       4.500      SLICE_X7Y84     tdm/divider/counter_reg[5]/C
Low Pulse Width   Fast    FDRE/C   n/a            0.500         5.000       4.500      SLICE_X7Y84     tdm/divider/counter_reg[6]/C
Low Pulse Width   Fast    FDRE/C   n/a            0.500         5.000       4.500      SLICE_X7Y84     tdm/divider/counter_reg[7]/C
Low Pulse Width   Fast    FDRE/C   n/a            0.500         5.000       4.500      SLICE_X7Y84     tdm/divider/counter_reg[8]/C
Low Pulse Width   Slow    FDRE/C   n/a            0.500         5.000       4.500      SLICE_X51Y96    clk100/counter_reg[0]/C
Low Pulse Width   Slow    FDRE/C   n/a            0.500         5.000       4.500      SLICE_X50Y96    clk100/counter_reg[10]/C
Low Pulse Width   Slow    FDRE/C   n/a            0.500         5.000       4.500      SLICE_X50Y96    clk100/counter_reg[11]/C
Low Pulse Width   Slow    FDRE/C   n/a            0.500         5.000       4.500      SLICE_X50Y96    clk100/counter_reg[12]/C
Low Pulse Width   Slow    FDRE/C   n/a            0.500         5.000       4.500      SLICE_X50Y97    clk100/counter_reg[13]/C
Low Pulse Width   Slow    FDRE/C   n/a            0.500         5.000       4.500      SLICE_X50Y97    clk100/counter_reg[14]/C
High Pulse Width  Slow    FDRE/C   n/a            0.500         5.000       4.500      SLICE_X6Y83     tdm/divider/counter_reg[0]/C
High Pulse Width  Slow    FDRE/C   n/a            0.500         5.000       4.500      SLICE_X7Y83     tdm/divider/counter_reg[1]/C
High Pulse Width  Slow    FDRE/C   n/a            0.500         5.000       4.500      SLICE_X7Y83     tdm/divider/counter_reg[2]/C
High Pulse Width  Slow    FDRE/C   n/a            0.500         5.000       4.500      SLICE_X7Y83     tdm/divider/counter_reg[3]/C
High Pulse Width  Slow    FDRE/C   n/a            0.500         5.000       4.500      SLICE_X7Y83     tdm/divider/counter_reg[4]/C
High Pulse Width  Slow    FDRE/C   n/a            0.500         5.000       4.500      SLICE_X7Y84     tdm/divider/counter_reg[5]/C
High Pulse Width  Slow    FDRE/C   n/a            0.500         5.000       4.500      SLICE_X7Y84     tdm/divider/counter_reg[6]/C
High Pulse Width  Slow    FDRE/C   n/a            0.500         5.000       4.500      SLICE_X7Y84     tdm/divider/counter_reg[7]/C
High Pulse Width  Slow    FDRE/C   n/a            0.500         5.000       4.500      SLICE_X7Y84     tdm/divider/counter_reg[8]/C
High Pulse Width  Slow    FDRE/C   n/a            0.500         5.000       4.500      SLICE_X6Y83     tdm/divider/clk_out_reg/C



